     distance         timeN            Tn          Mass     Mass_cons    Moment_kin    Moment_the    Moment_mag    Moment_vis        Moment      Mom_cons    Energy_kin    Energy_the    Energy_int    Energy_mag    Energy_vis        Energy    Energ_cons 
  1.000000000E+005   1.2676E-009   1.0003E+001   5.9135E-013   0.0000E+000   1.4782E-006   8.2968E-011   3.9799E-011   3.3257E-010   1.4787E-006   0.0000E+000   1.8475E+000   5.1848E-004   2.2069E-003   1.9897E-004   8.3133E-004   1.8513E+000   4.6776E-018 
  3.277596944E+005   4.1556E-009   1.0032E+001   5.9135E-013   1.8783E-015   1.4775E-006   8.3247E-011   3.9836E-011   1.0288E-009   1.4787E-006   4.2472E-009   1.8458E+000   5.1998E-004   2.2069E-003   1.9906E-004   2.5704E-003   1.8513E+000   8.4751E-009 
  1.573974732E+006   2.0008E-008   1.3704E+001   5.9135E-013  -1.7075E-016   1.4669E-006   1.1454E-010   4.0412E-011   1.1562E-008   1.4787E-006  -1.8438E-006   1.8195E+000   7.1032E-004   2.2069E-003   2.0050E-004   2.8681E-002   1.8513E+000  -3.6646E-006 
  2.692993440E+006   3.4389E-008   3.5678E+001   5.9135E-013  -1.0416E-014   1.4479E-006   3.0212E-010   4.1483E-011   3.0430E-008   1.4787E-006  -1.5359E-006   1.7725E+000   1.8493E-003   2.2069E-003   2.0313E-004   7.4506E-002   1.8513E+000  -3.0629E-006 
  3.685789223E+006   4.7342E-008   9.2133E+001   5.9135E-013  -1.2806E-014   1.4236E-006   7.9344E-010   4.2907E-011   5.4169E-008   1.4787E-006  -1.5815E-006   1.7137E+000   4.7754E-003   2.2069E-003   2.0659E-004   1.3041E-001   1.8513E+000  -3.1493E-006 
  4.854790880E+006   6.2925E-008   2.3947E+002   5.9135E-013  -1.0928E-014   1.3867E-006   2.1172E-009   4.5221E-011   8.9751E-008   1.4787E-006  -1.5938E-006   1.6260E+000   1.2412E-002   2.2069E-003   2.1209E-004   2.1047E-001   1.8513E+000  -3.1699E-006 
  6.023792537E+006   7.8978E-008   5.2173E+002   5.9135E-013  -3.3297E-014   1.3414E-006   4.7685E-009   4.8329E-011   1.3242E-007   1.4787E-006  -1.5998E-006   1.5214E+000   2.7042E-002   2.2069E-003   2.1926E-004   3.0038E-001   1.8513E+000  -3.1802E-006 
  7.192794193E+006   9.5632E-008   9.9259E+002   5.9135E-013  -2.5613E-014   1.2885E-006   9.4447E-009   5.2380E-011   1.8066E-007   1.4787E-006  -1.6031E-006   1.4038E+000   5.1448E-002   2.2069E-003   2.2826E-004   3.9363E-001   1.8513E+000  -3.1863E-006 
  8.361795850E+006   1.1303E-007   1.7045E+003   5.9135E-013  -1.4514E-014   1.2290E-006   1.7004E-008   5.7578E-011   2.3263E-007   1.4787E-006  -1.6051E-006   1.2770E+000   8.8345E-002   2.2069E-003   2.3932E-004   4.8346E-001   1.8513E+000  -3.1901E-006 
  9.530797507E+006   1.3134E-007   2.7032E+003   5.9135E-013  -3.4150E-016   1.1639E-006   2.8476E-008   6.4198E-011   2.8625E-007   1.4787E-006  -1.6065E-006   1.1453E+000   1.4011E-001   2.2070E-003   2.5270E-004   5.6337E-001   1.8513E+000  -3.1927E-006 
  1.069979916E+007   1.5074E-007   4.0228E+003   5.9135E-013  -3.0735E-015   1.0944E-006   4.5066E-008   7.2605E-011   3.3910E-007   1.4787E-006  -1.6075E-006   1.0127E+000   2.0851E-001   2.2070E-003   2.6874E-004   6.2757E-001   1.8513E+000  -3.1945E-006 
  1.256066231E+007   1.8442E-007   6.8228E+003   5.9135E-013  -3.0735E-015   9.7801E-007   8.5530E-008   9.0917E-011   4.1502E-007   1.4787E-006  -1.5650E-006   8.0875E-001   3.5364E-001   2.2072E-003   3.0073E-004   6.8638E-001   1.8513E+000  -3.1277E-006 
  1.708620057E+007   2.8704E-007   1.6684E+004   5.9135E-013  -6.6593E-015   6.9545E-007   2.9412E-007   1.7980E-010   4.8890E-007   1.4787E-006   6.3218E-008   4.0894E-001   8.6474E-001   2.2091E-003   4.2291E-004   5.7496E-001   1.8513E+000  -2.3239E-006 
  2.431497474E+007   5.5373E-007   3.1842E+004   5.9135E-013   4.9518E-015   3.9638E-007   9.8489E-007   5.5348E-010   9.6589E-008   1.4784E-006   1.5742E-004   1.3285E-001   1.6504E+000   2.2229E-003   7.4200E-004   6.4743E-002   1.8510E+000   1.5272E-004 
  2.698824477E+007   6.8597E-007   3.3415E+004   5.9135E-013   3.7565E-014   3.6995E-007   1.1074E-006   6.3541E-010   3.6699E-013   1.4780E-006   4.5934E-004   1.1572E-001   1.7319E+000   2.2329E-003   7.9502E-004   2.2959E-007   1.8507E+000   3.1342E-004 
  2.699596932E+007   6.8636E-007   3.3415E+004   5.9135E-013   1.9295E-014   3.6995E-007   1.1074E-006   6.3541E-010   0.0000E+000   1.4780E-006   4.5934E-004   1.1572E-001   1.7319E+000   2.2329E-003   7.9502E-004   0.0000E+000   1.8507E+000   3.1342E-004 
  2.930484190E+007   8.0332E-007   3.3414E+004   5.9135E-013   2.4417E-014   3.6994E-007   1.1074E-006   6.3542E-010   0.0000E+000   1.4780E-006   4.5934E-004   1.1572E-001   1.7319E+000   2.2420E-003   7.9503E-004   0.0000E+000   1.8507E+000   3.1342E-004 
  3.892944018E+007   1.2909E-006   3.3413E+004   5.9135E-013   2.0149E-014   3.6993E-007   1.1074E-006   6.3547E-010   0.0000E+000   1.4780E-006   4.5934E-004   1.1571E-001   1.7319E+000   2.2800E-003   7.9505E-004   0.0000E+000   1.8507E+000   3.1342E-004 
  5.723026515E+007   2.2179E-006   3.3411E+004   5.9135E-013   1.7075E-016   3.6991E-007   1.1074E-006   6.3555E-010   0.0000E+000   1.4780E-006   4.5934E-004   1.1569E-001   1.7318E+000   2.3525E-003   7.9511E-004   0.0000E+000   1.8507E+000   3.1342E-004 
  9.645062676E+007   4.2050E-006   3.3407E+004   5.9135E-013  -8.3668E-015   3.6985E-007   1.1075E-006   6.3573E-010   0.0000E+000   1.4780E-006   4.5934E-004   1.1566E-001   1.7317E+000   2.5084E-003   7.9522E-004   0.0000E+000   1.8506E+000   3.1342E-004 
  1.478766991E+008   6.8108E-006   3.3402E+004   5.9135E-013  -2.7149E-014   3.6979E-007   1.1075E-006   6.3596E-010   0.0000E+000   1.4780E-006   4.5934E-004   1.1562E-001   1.7314E+000   2.7141E-003   7.9536E-004   0.0000E+000   1.8506E+000   3.1342E-004 
  1.836939863E+008   8.6260E-006   3.3398E+004   5.9135E-013  -1.3660E-014   3.6974E-007   1.1076E-006   6.3612E-010   0.0000E+000   1.4780E-006   4.5934E-004   1.1559E-001   1.7313E+000   2.8580E-003   7.9547E-004   0.0000E+000   1.8505E+000   3.1342E-004 
  2.602677954E+008   1.2507E-005   3.3390E+004   5.9135E-013  -2.1685E-014   3.6964E-007   1.1077E-006   6.3648E-010   0.0000E+000   1.4780E-006   4.5934E-004   1.1552E-001   1.7310E+000   3.1678E-003   7.9569E-004   0.0000E+000   1.8505E+000   3.1343E-004 
  4.717893789E+008   2.3235E-005   3.3367E+004   5.9135E-013  -2.1856E-014   3.6935E-007   1.1080E-006   6.3746E-010   0.0000E+000   1.4780E-006   4.5934E-004   1.1535E-001   1.7301E+000   4.0373E-003   7.9630E-004   0.0000E+000   1.8503E+000   3.1344E-004 
  7.756203642E+008   3.8659E-005   3.3333E+004   5.9135E-013  -1.7587E-014   3.6893E-007   1.1084E-006   6.3891E-010   0.0000E+000   1.4780E-006   4.5934E-004   1.1508E-001   1.7288E+000   5.3186E-003   7.9721E-004   0.0000E+000   1.8500E+000   3.1346E-004 
  1.362008401E+009   6.8477E-005   3.3266E+004   5.9135E-013  -3.5516E-014   3.6809E-007   1.1092E-006   6.4182E-010   0.0000E+000   1.4780E-006   4.5934E-004   1.1456E-001   1.7261E+000   7.8880E-003   7.9902E-004   0.0000E+000   1.8494E+000   3.1346E-004 
  2.468838384E+009   1.2495E-004   3.3134E+004   5.9135E-013  -4.7298E-014   3.6644E-007   1.1109E-006   6.4764E-010   0.0000E+000   1.4780E-006   4.5934E-004   1.1353E-001   1.7209E+000   1.3027E-002   8.0263E-004   0.0000E+000   1.8483E+000   3.1348E-004 
  3.671989515E+009   1.8664E-004   3.2984E+004   5.9135E-013  -4.8835E-014   3.6454E-007   1.1128E-006   6.5438E-010   0.0000E+000   1.4780E-006   4.5934E-004   1.1236E-001   1.7149E+000   1.8957E-002   8.0680E-004   0.0000E+000   1.8471E+000   3.1347E-004 
  7.375119935E+009   3.7863E-004   3.2486E+004   5.9135E-013  -3.0906E-014   3.5826E-007   1.1190E-006   6.7753E-010   0.0000E+000   1.4780E-006   4.5935E-004   1.0852E-001   1.6949E+000   3.8895E-002   8.2095E-004   0.0000E+000   1.8431E+000   3.1358E-004 
  1.485303951E+010   7.7767E-004   3.1316E+004   5.9135E-013   4.5352E-013   3.4378E-007   1.1335E-006   7.3583E-010   0.0000E+000   1.4780E-006   4.5936E-004   9.9926E-002   1.6473E+000   8.5864E-002   8.5554E-004   0.0000E+000   1.8340E+000   3.1371E-004 
  2.097226566E+010   1.1179E-003   3.0188E+004   5.9135E-013   1.5129E-013   3.3027E-007   1.1469E-006   7.9727E-010   0.0000E+000   1.4780E-006   4.5938E-004   9.2225E-002   1.6014E+000   1.3052E-001   8.9054E-004   0.0000E+000   1.8250E+000   3.1349E-004 
  2.586395657E+010   1.4004E-003   2.9183E+004   5.9135E-013   2.5900E-011   3.1870E-007   1.1584E-006   8.5618E-010   0.0000E+000   1.4780E-006   4.5939E-004   8.5880E-002   1.5608E+000   1.6898E-001   9.2285E-004   0.0000E+000   1.8166E+000   3.1349E-004 
  4.247073082E+010   2.4414E-003   2.5459E+004   5.9135E-013  -6.7791E-010   2.8155E-007   1.1953E-006   1.0970E-009   0.0000E+000   1.4780E-006   4.5925E-004   6.7027E-002   1.4228E+000   2.8541E-001   1.0446E-003   0.0000E+000   1.7763E+000   3.0788E-004 
  5.423624118E+010   3.2498E-003   2.3139E+004   5.9135E-013  -2.8060E-010   2.6599E-007   1.2108E-006   1.2291E-009   0.0000E+000   1.4780E-006   4.5933E-004   5.9822E-002   1.3615E+000   3.1175E-001   1.1057E-003   0.0000E+000   1.7342E+000   3.0925E-004 
  6.292441705E+010   3.8686E-003   2.1741E+004   5.9135E-013  -3.0420E-010   2.6088E-007   1.2158E-006   1.2778E-009   0.0000E+000   1.4780E-006   4.5933E-004   5.7544E-002   1.3409E+000   2.9713E-001   1.1274E-003   0.0000E+000   1.6967E+000   3.1026E-004 
  8.411011849E+010   5.4083E-003   1.8959E+004   5.9135E-013  -2.1522E-010   2.5530E-007   1.2213E-006   1.3343E-009   0.0000E+000   1.4780E-006   4.5950E-004   5.5108E-002   1.3182E+000   2.2270E-001   1.1521E-003   0.0000E+000   1.5971E+000   3.3072E-004 
  1.083101482E+011   7.2038E-003   1.6694E+004   5.9135E-013  -2.2308E-010   2.4994E-007   1.2266E-006   1.3920E-009   0.0000E+000   1.4780E-006   4.5949E-004   5.2822E-002   1.2961E+000   1.4596E-001   1.1767E-003   0.0000E+000   1.4961E+000   3.3925E-004 
  1.211767408E+011   8.1735E-003   1.5856E+004   5.9135E-013  -2.2615E-010   2.4742E-007   1.2291E-006   1.4206E-009   0.0000E+000   1.4780E-006   4.5949E-004   5.1758E-002   1.2856E+000   1.1495E-001   1.1887E-003   0.0000E+000   1.4535E+000   3.3887E-004 
  1.249047645E+011   8.4562E-003   1.5652E+004   5.9135E-013  -2.2717E-010   2.4674E-007   1.2298E-006   1.4284E-009   0.0000E+000   1.4780E-006   4.5948E-004   5.1476E-002   1.2828E+000   1.0719E-001   1.1920E-003   0.0000E+000   1.4427E+000   3.3880E-004 
  1.582169745E+011   1.1013E-002   1.4384E+004   5.9135E-013  -2.3873E-010   2.4194E-007   1.2345E-006   1.4856E-009   0.0000E+000   1.4780E-006   4.5948E-004   4.9493E-002   1.2627E+000   5.7354E-002   1.2156E-003   0.0000E+000   1.3708E+000   3.2982E-004 
  1.931668970E+011   1.3739E-002   1.3716E+004   5.9135E-013  -2.5357E-010   2.3891E-007   1.2375E-006   1.5236E-009   0.0000E+000   1.4780E-006   4.5948E-004   4.8260E-002   1.2499E+000   3.0070E-002   1.2311E-003   0.0000E+000   1.3295E+000   3.1954E-004 
  2.529834143E+011   1.8458E-002   1.3236E+004   5.9135E-013  -2.8327E-010   2.3648E-007   1.2399E-006   1.5550E-009   0.0000E+000   1.4780E-006   4.5950E-004   4.7284E-002   1.2396E+000   1.0215E-002   1.2437E-003   0.0000E+000   1.2984E+000   2.9978E-004 
  3.414931496E+011   2.5492E-002   1.3042E+004   5.9135E-013  -3.3442E-010   2.3543E-007   1.2410E-006   1.5690E-009   0.0000E+000   1.4780E-006   4.5950E-004   4.6863E-002   1.2351E+000   2.1271E-003   1.2493E-003   0.0000E+000   1.2854E+000   2.8471E-004 
  4.166800967E+011   3.1480E-002   1.3004E+004   5.9135E-013  -3.8108E-010   2.3521E-007   1.2412E-006   1.5719E-009   0.0000E+000   1.4780E-006   4.5950E-004   4.6777E-002   1.2342E+000   5.6650E-004   1.2504E-003   0.0000E+000   1.2828E+000   2.8178E-004 
  5.524792842E+011   4.2301E-002   1.2991E+004   5.9135E-013  -4.6997E-010   2.3513E-007   1.2413E-006   1.5730E-009   0.0000E+000   1.4780E-006   4.5950E-004   4.6744E-002   1.2338E+000   5.3304E-005   1.2509E-003   0.0000E+000   1.2819E+000   2.7976E-004 
  6.970246516E+011   5.3822E-002   1.2989E+004   5.9135E-013  -5.6895E-010   2.3510E-007   1.2413E-006   1.5733E-009   0.0000E+000   1.4780E-006   4.5950E-004   4.6734E-002   1.2337E+000   5.2462E-006   1.2510E-003   0.0000E+000   1.2817E+000   2.7950E-004 
  7.646357559E+011   5.9211E-002   1.2989E+004   5.9135E-013  -6.1635E-010   2.3509E-007   1.2413E-006   1.5735E-009   0.0000E+000   1.4780E-006   4.5950E-004   4.6731E-002   1.2337E+000   2.2631E-006   1.2511E-003   0.0000E+000   1.2817E+000   2.7948E-004 
  8.102750180E+011   6.2849E-002   1.2988E+004   5.9135E-013  -6.4864E-010   2.3509E-007   1.2413E-006   1.5735E-009   0.0000E+000   1.4780E-006   4.5950E-004   4.6729E-002   1.2337E+000   1.4896E-006   1.2511E-003   0.0000E+000   1.2817E+000   2.7947E-004 
  1.000760913E+012   7.8034E-002   1.2987E+004   5.9135E-013  -7.8536E-010   2.3506E-007   1.2413E-006   1.5738E-009   0.0000E+000   1.4780E-006   4.5950E-004   4.6720E-002   1.2336E+000   6.7955E-007   1.2512E-003   0.0000E+000   1.2816E+000   2.7941E-004 
  1.322349213E+012   1.0367E-001   1.2986E+004   5.9135E-013  -1.0204E-009   2.3503E-007   1.2414E-006   1.5743E-009   0.0000E+000   1.4780E-006   4.5951E-004   4.6705E-002   1.2334E+000   4.3156E-007   1.2514E-003   0.0000E+000   1.2814E+000   2.7933E-004 
  1.596013674E+012   1.2549E-001   1.2984E+004   5.9135E-013  -1.2223E-009   2.3500E-007   1.2414E-006   1.5748E-009   0.0000E+000   1.4780E-006   4.5951E-004   4.6692E-002   1.2333E+000   3.4955E-007   1.2516E-003   0.0000E+000   1.2812E+000   2.7925E-004 
  1.770752272E+012   1.3943E-001   1.2983E+004   5.9135E-013  -1.3516E-009   2.3498E-007   1.2414E-006   1.5750E-009   0.0000E+000   1.4780E-006   4.5951E-004   4.6684E-002   1.2332E+000   3.2235E-007   1.2517E-003   0.0000E+000   1.2811E+000   2.7921E-004 
  1.841043405E+012   1.4503E-001   1.2983E+004   5.9135E-013  -1.4036E-009   2.3497E-007   1.2414E-006   1.5751E-009   0.0000E+000   1.4780E-006   4.5951E-004   4.6681E-002   1.2332E+000   3.1468E-007   1.2517E-003   0.0000E+000   1.2811E+000   2.7919E-004 
  1.888530761E+012   1.4882E-001   1.2983E+004   5.9135E-013  -1.4388E-009   2.3496E-007   1.2414E-006   1.5752E-009   0.0000E+000   1.4780E-006   4.5951E-004   4.6679E-002   1.2331E+000   3.1029E-007   1.2518E-003   0.0000E+000   1.2811E+000   2.7918E-004 
  1.932171374E+012   1.5230E-001   1.2982E+004   5.9135E-013  -1.4711E-009   2.3496E-007   1.2414E-006   1.5753E-009   0.0000E+000   1.4780E-006   4.5951E-004   4.6677E-002   1.2331E+000   3.0673E-007   1.2518E-003   0.0000E+000   1.2811E+000   2.7917E-004 
  2.019419058E+012   1.5926E-001   1.2982E+004   5.9135E-013  -1.5357E-009   2.3495E-007   1.2415E-006   1.5754E-009   0.0000E+000   1.4780E-006   4.5951E-004   4.6673E-002   1.2331E+000   3.0080E-007   1.2518E-003   0.0000E+000   1.2810E+000   2.7914E-004 
  2.400785308E+012   1.8968E-001   1.2980E+004   5.9135E-013  -1.8183E-009   2.3490E-007   1.2415E-006   1.5760E-009   0.0000E+000   1.4780E-006   4.5951E-004   4.6655E-002   1.2329E+000   2.8649E-007   1.2521E-003   0.0000E+000   1.2808E+000   2.7905E-004 
  3.678238029E+012   2.9162E-001   1.2973E+004   5.9135E-013  -2.7630E-009   2.3475E-007   1.2416E-006   1.5780E-009   0.0000E+000   1.4780E-006   4.5951E-004   4.6596E-002   1.2323E+000   2.7656E-007   1.2529E-003   0.0000E+000   1.2801E+000   2.7872E-004 
  5.802039072E+012   4.6124E-001   1.2962E+004   5.9135E-013  -4.3251E-009   2.3451E-007   1.2419E-006   1.5813E-009   0.0000E+000   1.4780E-006   4.5952E-004   4.6498E-002   1.2312E+000   2.7088E-007   1.2542E-003   0.0000E+000   1.2790E+000   2.7818E-004 
  1.113278928E+013   8.8779E-001   1.2934E+004   5.9135E-013  -8.1679E-009   2.3388E-007   1.2425E-006   1.5899E-009   0.0000E+000   1.4780E-006   4.5955E-004   4.6249E-002   1.2285E+000   2.5845E-007   1.2576E-003   0.0000E+000   1.2760E+000   2.7687E-004 
  2.004456431E+013   1.6035E+000   1.2885E+004   5.9135E-013  -1.5062E-008   2.3280E-007   1.2436E-006   1.6045E-009   0.0000E+000   1.4780E-006   4.5961E-004   4.5826E-002   1.2239E+000   2.4127E-007   1.2634E-003   0.0000E+000   1.2710E+000   2.7476E-004 
  2.245058906E+013   1.7973E+000   1.2872E+004   5.9135E-013  -1.6749E-008   2.3251E-007   1.2439E-006   1.6086E-009   0.0000E+000   1.4780E-006   4.5963E-004   4.5710E-002   1.2227E+000   2.3726E-007   1.2650E-003   0.0000E+000   1.2696E+000   2.7420E-004 
  2.485661380E+013   1.9913E+000   1.2859E+004   5.9135E-013  -1.8425E-008   2.3221E-007   1.2441E-006   1.6127E-009   0.0000E+000   1.4780E-006   4.5965E-004   4.5593E-002   1.2214E+000   2.3348E-007   1.2666E-003   0.0000E+000   1.2682E+000   2.7366E-004 
  2.673989793E+013   2.1434E+000   1.2848E+004   5.9135E-013  -1.9730E-008   2.3198E-007   1.2444E-006   1.6159E-009   0.0000E+000   1.4780E-006   4.5967E-004   4.5502E-002   1.2204E+000   2.3067E-007   1.2678E-003   0.0000E+000   1.2672E+000   2.7324E-004 
  2.793414326E+013   2.2399E+000   1.2841E+004   5.9135E-013  -2.0554E-008   2.3183E-007   1.2445E-006   1.6180E-009   0.0000E+000   1.4780E-006   4.5968E-004   4.5444E-002   1.2197E+000   2.2895E-007   1.2687E-003   0.0000E+000   1.2665E+000   2.7297E-004 
  2.866338150E+013   2.2988E+000   1.2837E+004   5.9135E-013  -2.1056E-008   2.3174E-007   1.2446E-006   1.6193E-009   0.0000E+000   1.4780E-006   4.5969E-004   4.5408E-002   1.2194E+000   2.2792E-007   1.2691E-003   0.0000E+000   1.2660E+000   2.7281E-004 
  2.925507211E+013   2.3467E+000   1.2834E+004   5.9135E-013  -2.1463E-008   2.3167E-007   1.2447E-006   1.6203E-009   0.0000E+000   1.4780E-006   4.5970E-004   4.5379E-002   1.2190E+000   2.2710E-007   1.2696E-003   0.0000E+000   1.2657E+000   2.7268E-004 
  3.331270454E+013   2.6752E+000   1.2811E+004   5.9135E-013  -2.4232E-008   2.3116E-007   1.2452E-006   1.6275E-009   0.0000E+000   1.4780E-006   4.5974E-004   4.5179E-002   1.2168E+000   2.2179E-007   1.2724E-003   0.0000E+000   1.2633E+000   2.7180E-004 
  4.069661713E+013   3.2751E+000   1.2768E+004   5.9135E-013  -2.9240E-008   2.3021E-007   1.2461E-006   1.6409E-009   0.0000E+000   1.4780E-006   4.5984E-004   4.4810E-002   1.2128E+000   2.1330E-007   1.2776E-003   0.0000E+000   1.2589E+000   2.7024E-004 
  5.673509381E+013   4.5866E+000   1.2670E+004   5.9135E-013  -3.9302E-008   2.2808E-007   1.2482E-006   1.6718E-009   0.0000E+000   1.4780E-006   4.6015E-004   4.3982E-002   1.2035E+000   1.9912E-007   1.2896E-003   0.0000E+000   1.2488E+000   2.6697E-004 
  7.051370447E+013   5.7235E+000   1.2582E+004   5.9135E-013  -4.8164E-008   2.2614E-007   1.2501E-006   1.7005E-009   0.0000E+000   1.4780E-006   4.6052E-004   4.3239E-002   1.1952E+000   1.9047E-007   1.3006E-003   0.0000E+000   1.2397E+000   2.6433E-004 
  8.173550016E+013   6.6568E+000   1.2506E+004   5.9135E-013  -5.5292E-008   2.2448E-007   1.2518E-006   1.7258E-009   0.0000E+000   1.4780E-006   4.6092E-004   4.2607E-002   1.1879E+000   1.8516E-007   1.3102E-003   0.0000E+000   1.2319E+000   2.6228E-004 
  9.040048087E+013   7.3823E+000   1.2444E+004   5.9135E-013  -6.0771E-008   2.2314E-007   1.2531E-006   1.7465E-009   0.0000E+000   1.4780E-006   4.6129E-004   4.2101E-002   1.1821E+000   1.8184E-007   1.3181E-003   0.0000E+000   1.2255E+000   2.6077E-004 
  1.024381012E+014   8.3976E+000   1.2354E+004   5.9135E-013  -6.8697E-008   2.2120E-007   1.2550E-006   1.7773E-009   0.0000E+000   1.4780E-006   4.6190E-004   4.1371E-002   1.1736E+000   1.7794E-007   1.3296E-003   0.0000E+000   1.2163E+000   2.5876E-004 
  1.313060057E+014   1.0871E+001   1.2118E+004   5.9135E-013  -8.8261E-008   2.1612E-007   1.2600E-006   1.8618E-009   0.0000E+000   1.4780E-006   4.6368E-004   3.9492E-002   1.1512E+000   1.6939E-007   1.3609E-003   0.0000E+000   1.1921E+000   2.5423E-004 
  1.643209682E+014   1.3777E+001   1.1816E+004   5.9135E-013  -1.0986E-007   2.0968E-007   1.2663E-006   1.9779E-009   0.0000E+000   1.4780E-006   4.6581E-004   3.7175E-002   1.1225E+000   1.5930E-007   1.4027E-003   0.0000E+000   1.1611E+000   2.4917E-004 
  1.973359307E+014   1.6776E+001   1.1492E+004   5.9135E-013  -1.3216E-007   2.0286E-007   1.2730E-006   2.1132E-009   0.0000E+000   1.4780E-006   4.6727E-004   3.4795E-002   1.0917E+000   1.5343E-007   1.4498E-003   0.0000E+000   1.1280E+000   2.4307E-004 
  2.261562617E+014   1.9479E+001   1.1201E+004   5.9135E-013  -1.5271E-007   1.9682E-007   1.2789E-006   2.2450E-009   0.0000E+000   1.4780E-006   4.6765E-004   3.2753E-002   1.0641E+000   1.5280E-007   1.4944E-003   0.0000E+000   1.0984E+000   2.3618E-004 
  2.780754170E+014   2.4563E+001   1.0675E+004   5.9135E-013  -1.9798E-007   1.8605E-007   1.2894E-006   2.5124E-009   0.0000E+000   1.4780E-006   4.6656E-004   2.9267E-002   1.0142E+000   1.5848E-007   1.5809E-003   0.0000E+000   1.0450E+000   2.2019E-004 
  3.403794556E+014   3.1064E+001   1.0040E+004   5.9135E-013  -2.8181E-007   1.7332E-007   1.3017E-006   2.8948E-009   0.0000E+000   1.4780E-006   4.6416E-004   2.5400E-002   9.5384E-001   1.7606E-007   1.6969E-003   0.0000E+000   9.8094E-001   1.9550E-004 
  4.026834942E+014   3.8062E+001   9.3815E+003   5.9135E-013  -3.5177E-007   1.6043E-007   1.3142E-006   3.3788E-009   0.0000E+000   1.4780E-006   4.6230E-004   2.1762E-002   8.9131E-001   2.1108E-007   1.8333E-003   0.0000E+000   9.1490E-001   1.6456E-004 
  4.470223930E+014   4.3400E+001   8.8884E+003   5.9135E-013  -3.9792E-007   1.5096E-007   1.3232E-006   3.8160E-009   0.0000E+000   1.4780E-006   4.6149E-004   1.9269E-002   8.4446E-001   2.5444E-007   1.9483E-003   0.0000E+000   8.6568E-001   1.3677E-004 
  4.836619462E+014   4.8073E+001   8.4614E+003   5.9135E-013  -4.5066E-007   1.4289E-007   1.3308E-006   4.2595E-009   0.0000E+000   1.4780E-006   4.6105E-004   1.7262E-002   8.0390E-001   3.1044E-007   2.0584E-003   0.0000E+000   8.2322E-001   1.0793E-004 
  5.488857369E+014   5.7108E+001   7.6498E+003   5.9135E-013  -5.5790E-007   1.2784E-007   1.3448E-006   5.3214E-009   0.0000E+000   1.4780E-006   4.6063E-004   1.3818E-002   7.2679E-001   5.0211E-007   2.3007E-003   0.0000E+000   7.4291E-001   3.2962E-005 
  6.796846285E+014   7.9292E+001   5.7384E+003   5.9135E-013  -9.8938E-007   9.3841E-008   1.3743E-006   9.8753E-009   0.0000E+000   1.4780E-006   4.6138E-004   7.4457E-003   5.4520E-001   3.1053E-006   3.1342E-003   0.0000E+000   5.5578E-001  -3.5781E-004 
  6.991356782E+014   8.3300E+001   5.4037E+003   5.9135E-013  -1.1063E-006   8.8083E-008   1.3787E-006   1.1208E-008   0.0000E+000   1.4780E-006   4.6151E-004   6.5601E-003   5.1339E-001   4.9374E-006   3.3391E-003   0.0000E+000   5.2330E-001  -4.8097E-004 
  7.146036956E+014   8.6683E+001   5.1224E+003   5.9135E-013  -1.2198E-006   8.3287E-008   1.3821E-006   1.2536E-008   0.0000E+000   1.4780E-006   4.6151E-004   5.8652E-003   4.8666E-001   7.6457E-006   3.5313E-003   0.0000E+000   4.9606E-001  -6.0745E-004 
  7.379810188E+014   9.2200E+001   4.6623E+003   5.9135E-013  -1.4419E-006   7.5528E-008   1.3872E-006   1.5245E-008   0.0000E+000   1.4780E-006   4.6142E-004   4.8233E-003   4.4294E-001   1.7388E-005   3.8941E-003   0.0000E+000   4.5167E-001  -8.7220E-004 
  7.581159558E+014   9.7456E+001   4.2103E+003   5.9135E-013  -1.7107E-006   6.8004E-008   1.3912E-006   1.8805E-008   0.0000E+000   1.4780E-006   4.6156E-004   3.9101E-003   3.9995E-001   4.4181E-005   4.3250E-003   0.0000E+000   4.0823E-001  -1.2184E-003 
  7.731340564E+014   1.0181E+002   3.7974E+003   5.9135E-013  -1.9957E-006   6.1210E-008   1.3935E-006   2.3210E-008   0.0000E+000   1.4780E-006   4.6163E-004   3.1679E-003   3.6061E-001   1.0693E-004   4.8050E-003   0.0000E+000   3.6869E-001  -1.6089E-003 
  7.801819832E+014   1.0404E+002   3.5513E+003   5.9135E-013  -2.1751E-006   5.7197E-008   1.3942E-006   2.6582E-008   0.0000E+000   1.4780E-006   4.6163E-004   2.7661E-003   3.3712E-001   1.7095E-004   5.1422E-003   0.0000E+000   3.4520E-001  -1.8684E-003 
  7.814667789E+014   1.0446E+002   3.5001E+003   5.9135E-013  -2.2128E-006   5.6365E-008   1.3942E-006   2.7373E-008   0.0000E+000   1.4780E-006   4.6162E-004   2.6862E-003   3.3223E-001   1.8659E-004   5.2181E-003   0.0000E+000   3.4032E-001  -1.9228E-003 
  7.834420098E+014   1.0512E+002   3.4162E+003   5.9135E-013  -2.2746E-006   5.5004E-008   1.3942E-006   2.8744E-008   0.0000E+000   1.4780E-006   4.6162E-004   2.5581E-003   3.2420E-001   2.1348E-004   5.3472E-003   0.0000E+000   3.3232E-001  -2.0129E-003 
  7.883054221E+014   1.0684E+002   3.1751E+003   5.9135E-013  -2.4535E-006   5.1116E-008   1.3936E-006   3.3283E-008   0.0000E+000   1.4780E-006   4.6164E-004   2.2092E-003   3.0115E-001   2.9525E-004   5.7539E-003   0.0000E+000   3.0941E-001  -2.2800E-003 
  7.952267988E+014   1.0957E+002   2.6983E+003   5.9135E-013  -2.8264E-006   4.3531E-008   1.3885E-006   4.5893E-008   0.0000E+000   1.4780E-006   4.6186E-004   1.6022E-003   2.5553E-001   4.4223E-004   6.7565E-003   0.0000E+000   2.6433E-001  -2.8675E-003 
  7.991514577E+014   1.1139E+002   2.3079E+003   5.9135E-013  -3.1844E-006   3.7446E-008   1.3785E-006   6.2020E-008   0.0000E+000   1.4780E-006   4.6189E-004   1.1856E-003   2.1822E-001   5.2647E-004   7.8545E-003   0.0000E+000   2.2779E-001  -3.4547E-003 
  8.010932820E+014   1.1241E+002   2.0618E+003   5.9135E-013  -3.4576E-006   3.3678E-008   1.3676E-006   7.6673E-008   0.0000E+000   1.4780E-006   4.6202E-004   9.5899E-004   1.9472E-001   5.6343E-004   8.7332E-003   0.0000E+000   2.0497E-001  -3.9163E-003 
  8.021832719E+014   1.1304E+002   1.9019E+003   5.9135E-013  -3.6652E-006   3.1264E-008   1.3577E-006   8.8968E-008   0.0000E+000   1.4780E-006   4.6215E-004   8.2646E-004   1.7946E-001   5.8197E-004   9.4074E-003   0.0000E+000   1.9027E-001  -4.2740E-003 
  8.035933959E+014   1.1393E+002   1.6647E+003   5.9135E-013  -4.0358E-006   2.7740E-008   1.3372E-006   1.1301E-007   0.0000E+000   1.4780E-006   4.6249E-004   6.5063E-004   1.5682E-001   6.0309E-004   1.0603E-002   0.0000E+000   1.6867E-001  -4.9264E-003 
  8.042197128E+014   1.1437E+002   1.5457E+003   5.9135E-013  -4.2599E-006   2.6000E-008   1.3233E-006   1.2864E-007   0.0000E+000   1.4780E-006   4.6252E-004   5.7158E-004   1.4546E-001   6.1164E-004   1.1312E-002   0.0000E+000   1.5795E-001  -5.3276E-003 
  8.047282696E+014   1.1475E+002   1.4414E+003   5.9136E-013  -4.4836E-006   2.4495E-008   1.3085E-006   1.4494E-007   0.0000E+000   1.4780E-006   4.6335E-004   5.0731E-004   1.3550E-001   6.1823E-004   1.2007E-002   0.0000E+000   1.4864E-001  -5.7326E-003 
  8.051712395E+014   1.1510E+002   1.3439E+003   5.9136E-013  -4.7205E-006   2.3106E-008   1.2920E-006   1.6288E-007   0.0000E+000   1.4780E-006   4.6370E-004   4.5142E-004   1.2621E-001   6.2375E-004   1.2729E-002   0.0000E+000   1.4001E-001  -6.1664E-003 
  8.056828991E+014   1.1553E+002   1.2219E+003   5.9136E-013  -5.0619E-006   2.1397E-008   1.2666E-006   1.8994E-007   0.0000E+000   1.4780E-006   4.6439E-004   3.8711E-004   1.1458E-001   6.2968E-004   1.3746E-002   0.0000E+000   1.2934E-001  -6.8008E-003 
  8.063022336E+014   1.1610E+002   1.0566E+003   5.9136E-013  -5.6224E-006   1.9138E-008   1.2214E-006   2.3743E-007   0.0000E+000   1.4780E-006   4.6522E-004   3.0969E-004   9.8821E-002   6.3526E-004   1.5368E-002   0.0000E+000   1.1513E-001  -7.8665E-003 
  8.066310195E+014   1.1643E+002   9.5915E+002   5.9136E-013  -6.0207E-006   1.7843E-008   1.1870E-006   2.7316E-007   0.0000E+000   1.4780E-006   4.6529E-004   2.6918E-004   8.9535E-002   6.3709E-004   1.6484E-002   0.0000E+000   1.0692E-001  -8.6423E-003 
  8.068537252E+014   1.1667E+002   8.8961E+002   5.9136E-013  -6.3479E-006   1.6938E-008   1.1579E-006   3.0312E-007   0.0000E+000   1.4780E-006   4.6529E-004   2.4257E-004   8.2913E-002   6.3829E-004   1.7364E-002   0.0000E+000   1.0116E-001  -9.2920E-003 
  8.071860795E+014   1.1706E+002   7.8410E+002   5.9136E-013  -6.9525E-006   1.5599E-008   1.1050E-006   3.5741E-007   0.0000E+000   1.4780E-006   4.6516E-004   2.0573E-004   7.2865E-002   6.4263E-004   1.8855E-002   0.0000E+000   9.2569E-002  -1.0518E-002 
  8.074833984E+014   1.1743E+002   6.9505E+002   5.9136E-013  -7.6449E-006   1.4502E-008   1.0499E-006   4.1354E-007   0.0000E+000   1.4780E-006   4.6425E-004   1.7781E-004   6.4367E-002   6.5444E-004   2.0282E-002   0.0000E+000   8.5481E-002  -1.1953E-002 
  8.079573966E+014   1.1807E+002   5.8357E+002   5.9136E-013  -9.1017E-006   1.3170E-008   9.6345E-007   5.0135E-007   0.0000E+000   1.4780E-006   4.6231E-004   1.4666E-004   5.3643E-002   7.0640E-004   2.2332E-002   0.0000E+000   7.6828E-002  -1.5039E-002 
  8.082080711E+014   1.1844E+002   5.4393E+002   5.9136E-013  -1.0040E-005   1.2704E-008   9.2645E-007   5.3882E-007   0.0000E+000   1.4780E-006   4.6232E-004   1.3646E-004   4.9758E-002   7.5517E-004   2.3151E-002   0.0000E+000   7.3800E-002  -1.7056E-002 
  8.084299576E+014   1.1877E+002   5.1878E+002   5.9136E-013  -1.0951E-005   1.2406E-008   9.0054E-007   5.6502E-007   0.0000E+000   1.4780E-006   4.6187E-004   1.3014E-004   4.7232E-002   8.0998E-004   2.3707E-002   0.0000E+000   7.1879E-002  -1.9021E-002 
  8.085583906E+014   1.1896E+002   5.0767E+002   5.9136E-013  -1.1505E-005   1.2272E-008   8.8829E-007   5.7741E-007   0.0000E+000   1.4780E-006   4.6166E-004   1.2734E-004   4.6086E-002   8.4598E-004   2.3966E-002   0.0000E+000   7.1025E-002  -2.0220E-002 
  8.087253102E+014   1.1922E+002   4.9623E+002   5.9136E-013  -1.2252E-005   1.2131E-008   8.7493E-007   5.9091E-007   0.0000E+000   1.4780E-006   4.6129E-004   1.2443E-004   4.4872E-002   8.9664E-004   2.4244E-002   0.0000E+000   7.0137E-002  -2.1833E-002 
  8.091663343E+014   1.1991E+002   4.7716E+002   5.9136E-013  -1.4327E-005   1.1879E-008   8.4981E-007   6.1628E-007   0.0000E+000   1.4780E-006   4.6137E-004   1.1931E-004   4.2677E-002   1.0460E-003   2.4759E-002   0.0000E+000   6.8602E-002  -2.6307E-002 
  8.104918998E+014   1.2204E+002   4.5495E+002   5.9136E-013  -2.1066E-005   1.1492E-008   8.0802E-007   6.5846E-007   0.0000E+000   1.4780E-006   4.6022E-004   1.1167E-004   3.9257E-002   1.5483E-003   2.5593E-002   0.0000E+000   6.6510E-002  -4.0636E-002 
  8.111475984E+014   1.2311E+002   4.4778E+002   5.9137E-013  -2.4585E-005   1.1343E-008   7.9071E-007   6.7592E-007   0.0000E+000   1.4780E-006   4.6019E-004   1.0879E-004   3.7917E-002   1.7999E-003   2.5930E-002   0.0000E+000   6.5755E-002  -4.7969E-002 
  8.113478950E+014   1.2345E+002   4.4562E+002   5.9137E-013  -2.5682E-005   1.1298E-008   7.8538E-007   6.8129E-007   0.0000E+000   1.4780E-006   4.6018E-004   1.0793E-004   3.7512E-002   1.8760E-003   2.6033E-002   0.0000E+000   6.5529E-002  -5.0233E-002 
  8.115481916E+014   1.2378E+002   4.4347E+002   5.9137E-013  -2.6790E-005   1.1254E-008   7.8002E-007   6.8669E-007   0.0000E+000   1.4780E-006   4.6017E-004   1.0708E-004   3.7110E-002   1.9516E-003   2.6136E-002   0.0000E+000   6.5304E-002  -5.2507E-002 
  8.116870249E+014   1.2401E+002   4.4198E+002   5.9137E-013  -2.7564E-005   1.1223E-008   7.7629E-007   6.9046E-007   0.0000E+000   1.4780E-006   4.6017E-004   1.0650E-004   3.6831E-002   2.0037E-003   2.6207E-002   0.0000E+000   6.5148E-002  -5.4090E-002 
  8.117804142E+014   1.2417E+002   4.4097E+002   5.9137E-013  -2.8087E-005   1.1202E-008   7.7377E-007   6.9300E-007   0.0000E+000   1.4780E-006   4.6017E-004   1.0611E-004   3.6644E-002   2.0387E-003   2.6255E-002   0.0000E+000   6.5044E-002  -5.5157E-002 
  8.118497839E+014   1.2428E+002   4.4023E+002   5.9137E-013  -2.8478E-005   1.1187E-008   7.7189E-007   6.9489E-007   0.0000E+000   1.4780E-006   4.6016E-004   1.0582E-004   3.6506E-002   2.0646E-003   2.6291E-002   0.0000E+000   6.4967E-002  -5.5951E-002 
  8.119243751E+014   1.2441E+002   4.3943E+002   5.9137E-013  -2.8899E-005   1.1171E-008   7.6987E-007   6.9693E-007   0.0000E+000   1.4780E-006   4.6016E-004   1.0551E-004   3.6357E-002   2.0923E-003   2.6330E-002   0.0000E+000   6.4884E-002  -5.6806E-002 
  8.132729303E+014   1.2670E+002   4.2524E+002   5.9137E-013  -3.6782E-005   1.0884E-008   7.3292E-007   7.3416E-007   0.0000E+000   1.4780E-006   4.6015E-004   1.0016E-004   3.3723E-002   2.5826E-003   2.7024E-002   0.0000E+000   6.3429E-002  -7.2448E-002 
  8.146849447E+014   1.2916E+002   4.1133E+002   5.9138E-013  -4.5619E-005   1.0606E-008   6.9416E-007   7.7321E-007   0.0000E+000   1.4780E-006   4.6008E-004   9.5100E-005   3.1122E-002   3.0692E-003   2.7733E-002   0.0000E+000   6.2020E-002  -8.9034E-002 
  8.157164601E+014   1.3100E+002   4.0169E+002   5.9138E-013  -5.2495E-005   1.0417E-008   6.6604E-007   8.0152E-007   0.0000E+000   1.4780E-006   4.6003E-004   9.1742E-005   2.9329E-002   3.4032E-003   2.8236E-002   0.0000E+000   6.1061E-002  -1.0111E-001 
  8.166706446E+014   1.3273E+002   3.9288E+002   5.9139E-013  -5.9209E-005   1.0251E-008   6.4008E-007   8.2764E-007   0.0000E+000   1.4780E-006   4.5998E-004   8.8847E-005   2.7738E-002   3.6904E-003   2.8693E-002   0.0000E+000   6.0210E-002  -1.1213E-001 
  8.174573022E+014   1.3418E+002   3.8545E+002   5.9139E-013  -6.5033E-005   1.0120E-008   6.1857E-007   8.4928E-007   0.0000E+000   1.4780E-006   4.5998E-004   8.6583E-005   2.6462E-002   3.9070E-003   2.9065E-002   0.0000E+000   5.9521E-002  -1.2102E-001 
  8.183551252E+014   1.3585E+002   3.7643E+002   5.9140E-013  -7.2040E-005   9.9738E-009   5.9367E-007   8.7433E-007   0.0000E+000   1.4780E-006   4.6003E-004   8.4103E-005   2.5030E-002   4.1259E-003   2.9491E-002   0.0000E+000   5.8731E-002  -1.3088E-001 
  8.210410925E+014   1.4101E+002   3.4144E+002   5.9141E-013  -9.5987E-005   9.5424E-009   5.1322E-007   9.5521E-007   0.0000E+000   1.4780E-006   4.5778E-004   7.6984E-005   2.0702E-002   4.5089E-003   3.0825E-002   0.0000E+000   5.6113E-002  -1.5767E-001 
  8.226955692E+014   1.4431E+002   3.0816E+002   5.9142E-013  -1.1393E-004   9.2573E-009   4.5374E-007   1.0150E-006   0.0000E+000   1.4780E-006   4.4284E-004   7.2450E-005   1.7756E-002   4.4281E-003   3.1775E-002   0.0000E+000   5.4031E-002  -1.7147E-001 
  8.241259020E+014   1.4725E+002   2.6750E+002   5.9143E-013  -1.3243E-004   8.9821E-009   3.9088E-007   1.0782E-006   0.0000E+000   1.4781E-006   4.0410E-004   6.8205E-005   1.4841E-002   4.0740E-003   3.2749E-002   0.0000E+000   5.1732E-002  -1.8128E-001 
  8.250183646E+014   1.4913E+002   2.3549E+002   5.9144E-013  -1.4583E-004   8.7945E-009   3.4457E-007   1.1247E-006   0.0000E+000   1.4781E-006   4.0142E-004   6.5386E-005   1.2809E-002   3.7092E-003   3.3448E-002   0.0000E+000   5.0031E-002  -1.8626E-001 
  8.257147806E+014   1.5063E+002   2.0719E+002   5.9145E-013  -1.5745E-004   8.6416E-009   3.0456E-007   1.1649E-006   0.0000E+000   1.4781E-006   3.9536E-004   6.3132E-005   1.1125E-002   3.3640E-003   3.4040E-002   0.0000E+000   4.8592E-002  -1.8948E-001 
  8.257582500E+014   1.5072E+002   2.0535E+002   5.9145E-013  -1.5821E-004   8.6320E-009   3.0196E-007   1.1675E-006   0.0000E+000   1.4781E-006   3.9537E-004   6.2991E-005   1.1018E-002   3.3414E-003   3.4078E-002   0.0000E+000   4.8500E-002  -1.8966E-001 
  8.262074480E+014   1.5170E+002   1.8588E+002   5.9145E-013  -1.6632E-004   8.5323E-009   2.7459E-007   1.1949E-006   0.0000E+000   1.4781E-006   3.9487E-004   6.1543E-005   9.9032E-003   3.1055E-003   3.4477E-002   0.0000E+000   4.7547E-002  -1.9140E-001 
  8.267273402E+014   1.5285E+002   1.6286E+002   5.9146E-013  -1.7625E-004   8.4185E-009   2.4217E-007   1.2275E-006   0.0000E+000   1.4781E-006   3.8771E-004   5.9912E-005   8.6171E-003   2.8400E-003   3.4943E-002   0.0000E+000   4.6460E-002  -1.9309E-001 
  8.269693718E+014   1.5339E+002   1.5218E+002   5.9146E-013  -1.8106E-004   8.3670E-009   2.2705E-007   1.2427E-006   0.0000E+000   1.4781E-006   3.8766E-004   5.9181E-005   8.0297E-003   2.7255E-003   3.5158E-002   0.0000E+000   4.5973E-002  -1.9376E-001 
  8.272301018E+014   1.5398E+002   1.4083E+002   5.9146E-013  -1.8636E-004   8.3130E-009   2.1091E-007   1.2589E-006   0.0000E+000   1.4781E-006   3.8747E-004   5.8420E-005   7.4109E-003   2.6123E-003   3.5387E-002   0.0000E+000   4.5468E-002  -1.9441E-001 
  8.273179112E+014   1.5418E+002   1.3706E+002   5.9146E-013  -1.8817E-004   8.2953E-009   2.0554E-007   1.2642E-006   0.0000E+000   1.4781E-006   3.8746E-004   5.8171E-005   7.2066E-003   2.5770E-003   3.5462E-002   0.0000E+000   4.5304E-002  -1.9461E-001 
  8.275734010E+014   1.5476E+002   1.2629E+002   5.9147E-013  -1.9349E-004   8.2451E-009   1.9012E-007   1.2797E-006   0.0000E+000   1.4781E-006   3.8742E-004   5.7468E-005   6.6258E-003   2.4835E-003   3.5678E-002   0.0000E+000   4.4845E-002  -1.9515E-001 
  8.279447239E+014   1.5561E+002   1.1132E+002   5.9147E-013  -2.0136E-004   8.1763E-009   1.6854E-007   1.3014E-006   0.0000E+000   1.4781E-006   3.8737E-004   5.6513E-005   5.8245E-003   2.3735E-003   3.5979E-002   0.0000E+000   4.4234E-002  -1.9580E-001 
  8.281230843E+014   1.5602E+002   1.0449E+002   5.9147E-013  -2.0518E-004   8.1452E-009   1.5862E-007   1.3113E-006   0.0000E+000   1.4781E-006   3.8735E-004   5.6084E-005   5.4608E-003   2.3318E-003   3.6116E-002   0.0000E+000   4.3965E-002  -1.9607E-001 
  8.282387048E+014   1.5628E+002   1.0020E+002   5.9148E-013  -2.0767E-004   8.1258E-009   1.5238E-007   1.3176E-006   0.0000E+000   1.4781E-006   3.8733E-004   5.5818E-005   5.2335E-003   2.3084E-003   3.6202E-002   0.0000E+000   4.3800E-002  -1.9623E-001 
  8.283353627E+014   1.5650E+002   9.6716E+001   5.9148E-013  -2.0975E-004   8.1102E-009   1.4728E-007   1.3227E-006   0.0000E+000   1.4781E-006   3.8732E-004   5.5602E-005   5.0487E-003   2.2910E-003   3.6273E-002   0.0000E+000   4.3668E-002  -1.9636E-001 
  8.284019650E+014   1.5666E+002   9.4366E+001   5.9148E-013  -2.1118E-004   8.0996E-009   1.4384E-007   1.3261E-006   0.0000E+000   1.4781E-006   3.8732E-004   5.5457E-005   4.9244E-003   2.2800E-003   3.6320E-002   0.0000E+000   4.3580E-002  -1.9644E-001 
  8.287075335E+014   1.5737E+002   8.4177E+001   5.9148E-013  -2.1775E-004   8.0542E-009   1.2886E-007   1.3412E-006   0.0000E+000   1.4781E-006   3.8723E-004   5.4836E-005   4.3867E-003   2.2393E-003   3.6525E-002   0.0000E+000   4.3206E-002  -1.9677E-001 
  8.289365807E+014   1.5790E+002   7.7209E+001   5.9148E-013  -2.2265E-004   8.0233E-009   1.1855E-007   1.3515E-006   0.0000E+000   1.4781E-006   3.8720E-004   5.4417E-005   4.0201E-003   2.2174E-003   3.6666E-002   0.0000E+000   4.2958E-002  -1.9697E-001 
  8.291170416E+014   1.5832E+002   7.2135E+001   5.9149E-013  -2.2648E-004   8.0010E-009   1.1100E-007   1.3591E-006   0.0000E+000   1.4781E-006   3.8715E-004   5.4114E-005   3.7538E-003   2.2040E-003   3.6768E-002   0.0000E+000   4.2780E-002  -1.9711E-001 
  8.296395000E+014   1.5955E+002   5.9459E+001   5.9149E-013  -2.3739E-004   7.9456E-009   9.2015E-008   1.3781E-006   0.0000E+000   1.4781E-006   3.8701E-004   5.3367E-005   3.0901E-003   2.1780E-003   3.7025E-002   0.0000E+000   4.2346E-002  -1.9742E-001 
  8.299542614E+014   1.6030E+002   5.3152E+001   5.9150E-013  -2.4378E-004   7.9183E-009   8.2493E-008   1.3877E-006   0.0000E+000   1.4781E-006   3.8697E-004   5.3000E-005   2.7608E-003   2.1679E-003   3.7153E-002   0.0000E+000   4.2135E-002  -1.9756E-001 
  8.301830893E+014   1.6084E+002   4.9121E+001   5.9150E-013  -2.4833E-004   7.9009E-009   7.6379E-008   1.3938E-006   0.0000E+000   1.4781E-006   3.8693E-004   5.2767E-005   2.5506E-003   2.1621E-003   3.7235E-002   0.0000E+000   4.2000E-002  -1.9764E-001 
  8.306909118E+014   1.6205E+002   4.1608E+001   5.9151E-013  -2.5810E-004   7.8686E-009   6.4928E-008   1.4053E-006   0.0000E+000   1.4781E-006   3.8607E-004   5.2336E-005   2.1593E-003   2.1525E-003   3.7388E-002   0.0000E+000   4.1752E-002  -1.9777E-001 
  8.314328910E+014   1.6382E+002   3.3458E+001   5.9151E-013  -2.7153E-004   7.8338E-009   5.2418E-008   1.4178E-006   0.0000E+000   1.4781E-006   3.8421E-004   5.1874E-005   1.7355E-003   2.1439E-003   3.7555E-002   0.0000E+000   4.1486E-002  -1.9788E-001 
  8.324721467E+014   1.6631E+002   2.5936E+001   5.9152E-013  -2.8867E-004   7.8019E-009   4.0787E-008   1.4295E-006   0.0000E+000   1.4781E-006   3.8363E-004   5.1452E-005   1.3449E-003   2.1377E-003   3.7709E-002   0.0000E+000   4.1243E-002  -1.9796E-001 
  8.344155873E+014   1.7099E+002   1.8532E+001   5.9154E-013  -3.1609E-004   7.7707E-009   2.9255E-008   1.4411E-006   0.0000E+000   1.4781E-006   3.8356E-004   5.1040E-005   9.6078E-004   2.1340E-003   3.7861E-002   0.0000E+000   4.1007E-002  -1.9801E-001 
  8.356385733E+014   1.7394E+002   1.6099E+001   5.9155E-013  -3.3080E-004   7.7606E-009   2.5447E-008   1.4449E-006   0.0000E+000   1.4781E-006   3.8362E-004   5.0906E-005   8.3462E-004   2.1334E-003   3.7911E-002   0.0000E+000   4.0930E-002  -1.9801E-001 
  8.390655961E+014   1.8223E+002   1.2837E+001   5.9157E-013  -3.6394E-004   7.7471E-009   2.0327E-008   1.4500E-006   0.0000E+000   1.4781E-006   3.8392E-004   5.0728E-005   6.6549E-004   2.1330E-003   3.7978E-002   0.0000E+000   4.0828E-002  -1.9802E-001 
  8.418309774E+014   1.8892E+002   1.1756E+001   5.9158E-013  -3.8371E-004   7.7427E-009   1.8626E-008   1.4517E-006   0.0000E+000   1.4781E-006   3.8375E-004   5.0669E-005   6.0944E-004   2.1330E-003   3.8001E-002   0.0000E+000   4.0794E-002  -1.9802E-001 
  8.449085272E+014   1.9637E+002   1.1160E+001   5.9159E-013  -3.9996E-004   7.7403E-009   1.7688E-008   1.4527E-006   0.0000E+000   1.4781E-006   3.8365E-004   5.0637E-005   5.7858E-004   2.1330E-003   3.8013E-002   0.0000E+000   4.0775E-002  -1.9802E-001 
  8.490162265E+014   2.0632E+002   1.0822E+001   5.9160E-013  -4.1447E-004   7.7390E-009   1.7155E-008   1.4532E-006   0.0000E+000   1.4781E-006   3.8357E-004   5.0619E-005   5.6104E-004   2.1330E-003   3.8020E-002   0.0000E+000   4.0765E-002  -1.9802E-001 
  8.640402221E+014   2.4272E+002   1.1007E+001   5.9161E-013  -4.3274E-004   7.7399E-009   1.7446E-008   1.4529E-006   0.0000E+000   1.4781E-006   3.8347E-004   5.0630E-005   5.7061E-004   2.1329E-003   3.8016E-002   0.0000E+000   4.0770E-002  -1.9802E-001 
  8.798373622E+014   2.8098E+002   1.1702E+001   5.9161E-013  -4.3526E-004   7.7429E-009   1.8541E-008   1.4518E-006   0.0000E+000   1.4781E-006   3.8347E-004   5.0669E-005   6.0666E-004   2.1328E-003   3.8002E-002   0.0000E+000   4.0792E-002  -1.9802E-001 
  8.806993428E+014   2.8306E+002   1.1740E+001   5.9161E-013  -4.3530E-004   7.7430E-009   1.8601E-008   1.4517E-006   0.0000E+000   1.4781E-006   3.8347E-004   5.0671E-005   6.0864E-004   2.1328E-003   3.8001E-002   0.0000E+000   4.0793E-002  -1.9802E-001 
  8.810952964E+014   2.8402E+002   1.1758E+001   5.9161E-013  -4.3532E-004   7.7431E-009   1.8629E-008   1.4517E-006   0.0000E+000   1.4781E-006   3.8347E-004   5.0672E-005   6.0955E-004   2.1328E-003   3.8001E-002   0.0000E+000   4.0794E-002  -1.9802E-001 
  8.813929913E+014   2.8474E+002   1.1771E+001   5.9161E-013  -4.3533E-004   7.7432E-009   1.8650E-008   1.4517E-006   0.0000E+000   1.4781E-006   3.8347E-004   5.0672E-005   6.1023E-004   2.1328E-003   3.8000E-002   0.0000E+000   4.0794E-002  -1.9802E-001 
  8.884433659E+014   3.0181E+002   1.2073E+001   5.9161E-013  -4.3551E-004   7.7444E-009   1.9125E-008   1.4512E-006   0.0000E+000   1.4781E-006   3.8346E-004   5.0689E-005   6.2587E-004   2.1328E-003   3.7994E-002   0.0000E+000   4.0803E-002  -1.9802E-001 
  9.044113132E+014   3.4046E+002   1.2678E+001   5.9161E-013  -4.3564E-004   7.7470E-009   2.0076E-008   1.4503E-006   0.0000E+000   1.4781E-006   3.8344E-004   5.0722E-005   6.5724E-004   2.1326E-003   3.7982E-002   0.0000E+000   4.0822E-002  -1.9802E-001 
  9.161266635E+014   3.6881E+002   1.3051E+001   5.9161E-013  -4.3567E-004   7.7486E-009   2.0663E-008   1.4497E-006   0.0000E+000   1.4781E-006   3.8343E-004   5.0743E-005   6.7657E-004   2.1325E-003   3.7974E-002   0.0000E+000   4.0834E-002  -1.9802E-001 
  9.180022588E+014   3.7334E+002   1.3105E+001   5.9161E-013  -4.3567E-004   7.7488E-009   2.0749E-008   1.4496E-006   0.0000E+000   1.4781E-006   3.8343E-004   5.0746E-005   6.7940E-004   2.1325E-003   3.7973E-002   0.0000E+000   4.0835E-002  -1.9802E-001 
  9.190282938E+014   3.7583E+002   1.3134E+001   5.9161E-013  -4.3568E-004   7.7489E-009   2.0794E-008   1.4495E-006   0.0000E+000   1.4781E-006   3.8343E-004   5.0748E-005   6.8091E-004   2.1325E-003   3.7972E-002   0.0000E+000   4.0836E-002  -1.9802E-001 
  9.300615265E+014   4.0252E+002   1.3424E+001   5.9161E-013  -4.3569E-004   7.7501E-009   2.1250E-008   1.4491E-006   0.0000E+000   1.4781E-006   3.8342E-004   5.0764E-005   6.9593E-004   2.1323E-003   3.7966E-002   0.0000E+000   4.0845E-002  -1.9802E-001 
  9.338122760E+014   4.1159E+002   1.3513E+001   5.9161E-013  -4.3568E-004   7.7505E-009   2.1389E-008   1.4489E-006   0.0000E+000   1.4781E-006   3.8342E-004   5.0768E-005   7.0053E-004   2.1323E-003   3.7964E-002   0.0000E+000   4.0848E-002  -1.9802E-001 
  9.361558884E+014   4.1726E+002   1.3566E+001   5.9161E-013  -4.3569E-004   7.7507E-009   2.1472E-008   1.4489E-006   0.0000E+000   1.4781E-006   3.8343E-004   5.0771E-005   7.0328E-004   2.1322E-003   3.7963E-002   0.0000E+000   4.0850E-002  -1.9802E-001 
  9.553949578E+014   4.6379E+002   1.3941E+001   5.9161E-013  -4.3570E-004   7.7523E-009   2.2062E-008   1.4483E-006   0.0000E+000   1.4781E-006   3.8342E-004   5.0792E-005   7.2273E-004   2.1320E-003   3.7956E-002   0.0000E+000   4.0861E-002  -1.9802E-001 
  9.746654460E+014   5.1039E+002   1.4225E+001   5.9161E-013  -4.3568E-004   7.7535E-009   2.2508E-008   1.4478E-006   0.0000E+000   1.4781E-006   3.8342E-004   5.0808E-005   7.3746E-004   2.1317E-003   3.7950E-002   0.0000E+000   4.0870E-002  -1.9802E-001 
  9.986487234E+014   5.6837E+002   1.4482E+001   5.9161E-013  -4.3568E-004   7.7546E-009   2.2911E-008   1.4474E-006   0.0000E+000   1.4781E-006   3.8341E-004   5.0822E-005   7.5077E-004   2.1313E-003   3.7944E-002   0.0000E+000   4.0877E-002  -1.9802E-001 
  1.009148047E+015   5.9376E+002   1.4568E+001   5.9161E-013  -4.3569E-004   7.7549E-009   2.3046E-008   1.4473E-006   0.0000E+000   1.4781E-006   3.8341E-004   5.0827E-005   7.5524E-004   2.1311E-003   3.7943E-002   0.0000E+000   4.0880E-002  -1.9802E-001 
  1.034787379E+015   6.5574E+002   1.4729E+001   5.9161E-013  -4.3568E-004   7.7556E-009   2.3298E-008   1.4470E-006   0.0000E+000   1.4781E-006   3.8341E-004   5.0836E-005   7.6357E-004   2.1306E-003   3.7939E-002   0.0000E+000   4.0884E-002  -1.9802E-001 
  1.111169056E+015   8.4036E+002   1.4958E+001   5.9161E-013  -4.3567E-004   7.7566E-009   2.3658E-008   1.4467E-006   0.0000E+000   1.4781E-006   3.8342E-004   5.0848E-005   7.7545E-004   2.1293E-003   3.7935E-002   0.0000E+000   4.0890E-002  -1.9802E-001 
  1.238312389E+015   1.1476E+003   1.5044E+001   5.9161E-013  -4.3568E-004   7.7570E-009   2.3793E-008   1.4465E-006   0.0000E+000   1.4781E-006   3.8342E-004   5.0853E-005   7.7991E-004   2.1270E-003   3.7933E-002   0.0000E+000   4.0891E-002  -1.9802E-001 
  1.393263656E+015   1.5221E+003   1.5056E+001   5.9161E-013  -4.3567E-004   7.7570E-009   2.3812E-008   1.4465E-006   0.0000E+000   1.4781E-006   3.8342E-004   5.0854E-005   7.8055E-004   2.1243E-003   3.7933E-002   0.0000E+000   4.0888E-002  -1.9802E-001 
  1.725856117E+015   2.3260E+003   1.5057E+001   5.9161E-013  -4.3567E-004   7.7570E-009   2.3814E-008   1.4465E-006   0.0000E+000   1.4781E-006   3.8342E-004   5.0854E-005   7.8060E-004   2.1183E-003   3.7932E-002   0.0000E+000   4.0882E-002  -1.9802E-001 
  2.182445304E+015   3.4295E+003   1.5057E+001   5.9161E-013  -4.3564E-004   7.7570E-009   2.3814E-008   1.4465E-006   0.0000E+000   1.4781E-006   3.8342E-004   5.0854E-005   7.8059E-004   2.1102E-003   3.7932E-002   0.0000E+000   4.0874E-002  -1.9802E-001 
  2.639034490E+015   4.5330E+003   1.5057E+001   5.9161E-013  -4.3564E-004   7.7570E-009   2.3813E-008   1.4465E-006   0.0000E+000   1.4781E-006   3.8342E-004   5.0854E-005   7.8059E-004   2.1021E-003   3.7932E-002   0.0000E+000   4.0866E-002  -1.9802E-001 
  3.095623677E+015   5.6365E+003   1.5057E+001   5.9161E-013  -4.3564E-004   7.7570E-009   2.3813E-008   1.4465E-006   0.0000E+000   1.4781E-006   3.8342E-004   5.0854E-005   7.8058E-004   2.0940E-003   3.7932E-002   0.0000E+000   4.0858E-002  -1.9802E-001 
  3.552212864E+015   6.7400E+003   1.5057E+001   5.9161E-013  -4.3564E-004   7.7570E-009   2.3813E-008   1.4465E-006   0.0000E+000   1.4781E-006   3.8342E-004   5.0854E-005   7.8057E-004   2.0859E-003   3.7933E-002   0.0000E+000   4.0850E-002  -1.9802E-001 
  4.226297796E+015   8.3691E+003   1.5056E+001   5.9161E-013  -4.3564E-004   7.7570E-009   2.3813E-008   1.4465E-006   0.0000E+000   1.4781E-006   3.8342E-004   5.0854E-005   7.8056E-004   2.0741E-003   3.7933E-002   0.0000E+000   4.0838E-002  -1.9802E-001 
  5.942443841E+015   1.2517E+004   1.5056E+001   5.9161E-013  -4.3564E-004   7.7570E-009   2.3812E-008   1.4465E-006   0.0000E+000   1.4781E-006   3.8342E-004   5.0854E-005   7.8054E-004   2.0443E-003   3.7933E-002   0.0000E+000   4.0808E-002  -1.9803E-001 
  7.806647305E+015   1.7022E+004   1.5055E+001   5.9161E-013  -4.3564E-004   7.7570E-009   2.3811E-008   1.4465E-006   0.0000E+000   1.4781E-006   3.8342E-004   5.0854E-005   7.8051E-004   2.0124E-003   3.7933E-002   0.0000E+000   4.0776E-002  -1.9803E-001 
  8.512159193E+015   1.8727E+004   1.5055E+001   5.9161E-013  -4.3564E-004   7.7570E-009   2.3811E-008   1.4465E-006   0.0000E+000   1.4781E-006   3.8342E-004   5.0854E-005   7.8050E-004   2.0005E-003   3.7933E-002   0.0000E+000   4.0764E-002  -1.9803E-001 
  8.513656354E+015   1.8731E+004   1.5055E+001   5.9161E-013  -4.3564E-004   7.7570E-009   2.3811E-008   1.4465E-006   0.0000E+000   1.4781E-006   3.8342E-004   5.0854E-005   7.8050E-004   2.0005E-003   3.7933E-002   0.0000E+000   4.0764E-002  -1.9803E-001 
