     distance         timeN            Tn          572.         1215.           24.         1764.         2359.         2405.           23.         2400.         2951.         2995.           21.           25.         2948.         3540.         3581.           20.         3575. 
  1.000000000E+005   1.2676E-009   1.0003E+001   3.7018E-008   4.6162E-010   4.1843E-013   2.1211E-013   2.1799E-016   1.9938E-016   3.4287E-018   3.8284E-018   3.1636E-022   2.8985E-022   2.1245E-024   5.3435E-025   4.2035E-024   2.0127E-029   1.8518E-029   6.3234E-032   2.1642E-031 
  3.277596944E+005   4.1556E-009   1.0032E+001   2.7801E-007   3.4668E-009   3.1425E-012   1.5930E-012   1.6372E-015   1.4973E-015   2.5750E-017   2.8752E-017   2.3759E-021   2.1768E-021   1.5956E-023   4.0130E-024   3.1569E-023   1.5115E-028   1.3907E-028   4.7489E-031   1.6253E-030 
  1.573974732E+006   2.0008E-008   1.3704E+001   4.0198E-006   5.0127E-008   4.5438E-011   2.3033E-011   2.3672E-014   2.1650E-014   3.7232E-016   4.1574E-016   3.4353E-020   3.1475E-020   2.3071E-022   5.8025E-023   4.5646E-022   2.1856E-027   2.0108E-027   6.8666E-030   2.3501E-029 
  2.692993440E+006   3.4389E-008   3.5678E+001   1.0555E-005   1.3163E-007   1.1931E-010   6.0481E-011   6.2159E-014   5.6850E-014   9.7766E-016   1.0916E-015   9.0206E-020   8.2647E-020   6.0579E-022   1.5236E-022   1.1986E-021   5.7389E-027   5.2801E-027   1.8030E-029   6.1710E-029 
  3.685789223E+006   4.7342E-008   9.2133E+001   1.8774E-005   2.3412E-007   2.1222E-010   1.0758E-010   1.1056E-013   1.0112E-013   1.7389E-015   1.9417E-015   1.6045E-019   1.4700E-019   1.0775E-021   2.7100E-022   2.1319E-021   1.0208E-026   9.3916E-027   3.2070E-029   1.0976E-028 
  4.854790880E+006   6.2925E-008   2.3947E+002   3.1245E-005   3.8963E-007   3.5317E-010   1.7903E-010   1.8400E-013   1.6828E-013   2.8940E-015   3.2314E-015   2.6702E-019   2.4465E-019   1.7932E-021   4.5101E-022   3.5480E-021   1.6988E-026   1.5630E-026   5.3372E-029   1.8267E-028 
  6.023792537E+006   7.8978E-008   5.2173E+002   4.6513E-005   5.8002E-007   5.2576E-010   2.6652E-010   2.7391E-013   2.5051E-013   4.3081E-015   4.8104E-015   3.9750E-019   3.6419E-019   2.6695E-021   6.7141E-022   5.2817E-021   2.5289E-026   2.3267E-026   7.9453E-029   2.7193E-028 
  7.192794193E+006   9.5632E-008   9.9259E+002   6.4301E-005   8.0184E-007   7.2682E-010   3.6844E-010   3.7866E-013   3.4632E-013   5.9557E-015   6.6501E-015   5.4952E-019   5.0347E-019   3.6904E-021   9.2817E-022   7.3016E-021   3.4960E-026   3.2165E-026   1.0984E-028   3.7593E-028 
  8.361795850E+006   1.1303E-007   1.7045E+003   8.4285E-005   1.0510E-006   9.5271E-010   4.8295E-010   4.9634E-013   4.5395E-013   7.8067E-015   8.7169E-015   7.2030E-019   6.5994E-019   4.8373E-021   1.2166E-021   9.5709E-021   4.5825E-026   4.2162E-026   1.4397E-028   4.9276E-028 
  9.530797507E+006   1.3134E-007   2.7032E+003   1.0610E-004   1.3231E-006   1.1993E-009   6.0796E-010   6.2482E-013   5.7145E-013   9.8274E-015   1.0973E-014   9.0674E-019   8.3077E-019   6.0894E-021   1.5316E-021   1.2048E-020   5.7687E-026   5.3075E-026   1.8124E-028   6.2031E-028 
  1.069979916E+007   1.5074E-007   4.0228E+003   1.2935E-004   1.6131E-006   1.4621E-009   7.4119E-010   7.6175E-013   6.9669E-013   1.1981E-014   1.3378E-014   1.1055E-018   1.0128E-018   7.4239E-021   1.8672E-021   1.4689E-020   7.0329E-026   6.4707E-026   2.2096E-028   7.5625E-028 
  1.256066231E+007   1.8442E-007   6.8228E+003   1.6831E-004   2.0988E-006   1.9025E-009   9.6439E-010   9.9114E-013   9.0649E-013   1.5589E-014   1.7407E-014   1.4384E-018   1.3178E-018   9.6596E-021   2.4295E-021   1.9112E-020   9.1508E-026   8.4193E-026   2.8750E-028   9.8399E-028 
  1.708620057E+007   2.8704E-007   1.6684E+004   2.6200E-004   3.2672E-006   2.9615E-009   1.5013E-009   1.5429E-012   1.4111E-012   2.4267E-014   2.7097E-014   2.2391E-018   2.0515E-018   1.5037E-020   3.7819E-021   2.9751E-020   1.4245E-025   1.3106E-025   4.4755E-028   1.5318E-027 
  2.431497474E+007   5.5373E-007   3.1842E+004   3.5713E-004   4.4534E-006   4.0368E-009   2.0463E-009   2.1031E-012   1.9235E-012   3.3078E-014   3.6935E-014   3.0520E-018   2.7963E-018   2.0497E-020   5.1551E-021   4.0553E-020   1.9417E-025   1.7865E-025   6.1005E-028   2.0879E-027 
  2.698824477E+007   6.8597E-007   3.3415E+004   3.6424E-004   4.5421E-006   4.1172E-009   2.0871E-009   2.1450E-012   1.9618E-012   3.3737E-014   3.7671E-014   3.1128E-018   2.8520E-018   2.0905E-020   5.2578E-021   4.1361E-020   1.9804E-025   1.8221E-025   6.2220E-028   2.1295E-027 
  2.699596932E+007   6.8636E-007   3.3415E+004   3.6424E-004   4.5421E-006   4.1172E-009   2.0871E-009   2.1450E-012   1.9618E-012   3.3737E-014   3.7671E-014   3.1128E-018   2.8520E-018   2.0905E-020   5.2578E-021   4.1361E-020   1.9804E-025   1.8221E-025   6.2220E-028   2.1295E-027 
  2.930484190E+007   8.0332E-007   3.3414E+004   3.6424E-004   4.5422E-006   4.1172E-009   2.0871E-009   2.1450E-012   1.9618E-012   3.3737E-014   3.7671E-014   3.1128E-018   2.8520E-018   2.0905E-020   5.2578E-021   4.1361E-020   1.9804E-025   1.8221E-025   6.2220E-028   2.1295E-027 
  3.892944018E+007   1.2909E-006   3.3413E+004   3.6425E-004   4.5422E-006   4.1173E-009   2.0871E-009   2.1450E-012   1.9618E-012   3.3738E-014   3.7671E-014   3.1129E-018   2.8520E-018   2.0905E-020   5.2579E-021   4.1362E-020   1.9804E-025   1.8221E-025   6.2221E-028   2.1295E-027 
  5.723026515E+007   2.2179E-006   3.3411E+004   3.6426E-004   4.5423E-006   4.1173E-009   2.0872E-009   2.1451E-012   1.9619E-012   3.3738E-014   3.7672E-014   3.1129E-018   2.8521E-018   2.0906E-020   5.2580E-021   4.1363E-020   1.9805E-025   1.8221E-025   6.2222E-028   2.1296E-027 
  9.645062676E+007   4.2050E-006   3.3407E+004   3.6427E-004   4.5425E-006   4.1175E-009   2.0873E-009   2.1452E-012   1.9619E-012   3.3740E-014   3.7674E-014   3.1131E-018   2.8522E-018   2.0907E-020   5.2582E-021   4.1365E-020   1.9805E-025   1.8222E-025   6.2225E-028   2.1297E-027 
  1.478766991E+008   6.8108E-006   3.3402E+004   3.6430E-004   4.5428E-006   4.1178E-009   2.0874E-009   2.1453E-012   1.9621E-012   3.3742E-014   3.7676E-014   3.1133E-018   2.8524E-018   2.0908E-020   5.2586E-021   4.1367E-020   1.9807E-025   1.8223E-025   6.2229E-028   2.1298E-027 
  1.836939863E+008   8.6260E-006   3.3398E+004   3.6431E-004   4.5430E-006   4.1180E-009   2.0875E-009   2.1454E-012   1.9622E-012   3.3743E-014   3.7678E-014   3.1134E-018   2.8525E-018   2.0909E-020   5.2588E-021   4.1369E-020   1.9808E-025   1.8224E-025   6.2232E-028   2.1299E-027 
  2.602677954E+008   1.2507E-005   3.3390E+004   3.6435E-004   4.5434E-006   4.1184E-009   2.0877E-009   2.1456E-012   1.9623E-012   3.3747E-014   3.7681E-014   3.1137E-018   2.8528E-018   2.0911E-020   5.2593E-021   4.1373E-020   1.9809E-025   1.8226E-025   6.2237E-028   2.1301E-027 
  4.717893789E+008   2.3235E-005   3.3367E+004   3.6444E-004   4.5446E-006   4.1195E-009   2.0882E-009   2.1462E-012   1.9629E-012   3.3756E-014   3.7691E-014   3.1145E-018   2.8536E-018   2.0916E-020   5.2607E-021   4.1384E-020   1.9815E-025   1.8231E-025   6.2254E-028   2.1307E-027 
  7.756203642E+008   3.8659E-005   3.3333E+004   3.6458E-004   4.5464E-006   4.1210E-009   2.0890E-009   2.1470E-012   1.9636E-012   3.3769E-014   3.7706E-014   3.1157E-018   2.8547E-018   2.0924E-020   5.2627E-021   4.1400E-020   1.9822E-025   1.8238E-025   6.2278E-028   2.1315E-027 
  1.362008401E+009   6.8477E-005   3.3266E+004   3.6487E-004   4.5499E-006   4.1242E-009   2.0907E-009   2.1486E-012   1.9651E-012   3.3795E-014   3.7735E-014   3.1181E-018   2.8569E-018   2.0940E-020   5.2668E-021   4.1432E-020   1.9838E-025   1.8252E-025   6.2326E-028   2.1331E-027 
  2.468838384E+009   1.2495E-004   3.3134E+004   3.6542E-004   4.5569E-006   4.1305E-009   2.0939E-009   2.1519E-012   1.9681E-012   3.3846E-014   3.7793E-014   3.1229E-018   2.8612E-018   2.0972E-020   5.2748E-021   4.1495E-020   1.9868E-025   1.8280E-025   6.2421E-028   2.1364E-027 
  3.671989515E+009   1.8664E-004   3.2984E+004   3.6606E-004   4.5648E-006   4.1377E-009   2.0975E-009   2.1557E-012   1.9716E-012   3.3905E-014   3.7858E-014   3.1283E-018   2.8662E-018   2.1009E-020   5.2840E-021   4.1567E-020   1.9903E-025   1.8311E-025   6.2530E-028   2.1401E-027 
  7.375119935E+009   3.7863E-004   3.2486E+004   3.6818E-004   4.5912E-006   4.1616E-009   2.1096E-009   2.1681E-012   1.9830E-012   3.4101E-014   3.8077E-014   3.1464E-018   2.8828E-018   2.1130E-020   5.3145E-021   4.1808E-020   2.0018E-025   1.8417E-025   6.2891E-028   2.1525E-027 
  1.485303951E+010   7.7767E-004   3.1316E+004   3.7306E-004   4.6521E-006   4.2169E-009   2.1376E-009   2.1969E-012   2.0093E-012   3.4554E-014   3.8583E-014   3.1882E-018   2.9211E-018   2.1411E-020   5.3851E-021   4.2363E-020   2.0283E-025   1.8662E-025   6.3726E-028   2.1811E-027 
  2.097226566E+010   1.1179E-003   3.0188E+004   3.7761E-004   4.7088E-006   4.2683E-009   2.1637E-009   2.2237E-012   2.0338E-012   3.4975E-014   3.9053E-014   3.2271E-018   2.9567E-018   2.1672E-020   5.4507E-021   4.2879E-020   2.0531E-025   1.8889E-025   6.4503E-028   2.2076E-027 
  2.586395657E+010   1.4004E-003   2.9183E+004   3.8149E-004   4.7572E-006   4.3121E-009   2.1859E-009   2.2465E-012   2.0546E-012   3.5334E-014   3.9454E-014   3.2602E-018   2.9870E-018   2.1894E-020   5.5067E-021   4.3319E-020   2.0741E-025   1.9083E-025   6.5165E-028   2.2303E-027 
  4.247073082E+010   2.4414E-003   2.5459E+004   3.9369E-004   4.9094E-006   4.4501E-009   2.2558E-009   2.3184E-012   2.1204E-012   3.6465E-014   4.0716E-014   3.3645E-018   3.0826E-018   2.2595E-020   5.6829E-021   4.4705E-020   2.1405E-025   1.9694E-025   6.7250E-028   2.3017E-027 
  5.423624118E+010   3.2498E-003   2.3139E+004   3.9868E-004   4.9716E-006   4.5065E-009   2.2844E-009   2.3478E-012   2.1473E-012   3.6927E-014   4.1233E-014   3.4072E-018   3.1217E-018   2.2881E-020   5.7549E-021   4.5272E-020   2.1676E-025   1.9944E-025   6.8103E-028   2.3309E-027 
  6.292441705E+010   3.8686E-003   2.1741E+004   4.0037E-004   4.9926E-006   4.5256E-009   2.2941E-009   2.3577E-012   2.1564E-012   3.7083E-014   4.1407E-014   3.4216E-018   3.1349E-018   2.2978E-020   5.7793E-021   4.5464E-020   2.1768E-025   2.0028E-025   6.8391E-028   2.3407E-027 
  8.411011849E+010   5.4083E-003   1.8959E+004   4.0239E-004   5.0178E-006   4.5484E-009   2.3057E-009   2.3696E-012   2.1672E-012   3.7270E-014   4.1616E-014   3.4388E-018   3.1507E-018   2.3094E-020   5.8084E-021   4.5693E-020   2.1878E-025   2.0129E-025   6.8736E-028   2.3525E-027 
  1.083101482E+011   7.2038E-003   1.6694E+004   4.0443E-004   5.0433E-006   4.5714E-009   2.3174E-009   2.3816E-012   2.1782E-012   3.7459E-014   4.1827E-014   3.4563E-018   3.1666E-018   2.3211E-020   5.8379E-021   4.5924E-020   2.1989E-025   2.0231E-025   6.9084E-028   2.3644E-027 
  1.211767408E+011   8.1735E-003   1.5856E+004   4.0542E-004   5.0556E-006   4.5826E-009   2.3230E-009   2.3875E-012   2.1835E-012   3.7551E-014   4.1929E-014   3.4647E-018   3.1744E-018   2.3268E-020   5.8521E-021   4.6037E-020   2.2042E-025   2.0280E-025   6.9253E-028   2.3702E-027 
  1.249047645E+011   8.4562E-003   1.5652E+004   4.0569E-004   5.0590E-006   4.5857E-009   2.3246E-009   2.3890E-012   2.1850E-012   3.7576E-014   4.1957E-014   3.4670E-018   3.1765E-018   2.3283E-020   5.8560E-021   4.6067E-020   2.2057E-025   2.0294E-025   6.9299E-028   2.3718E-027 
  1.582169745E+011   1.1013E-002   1.4384E+004   4.0776E-004   5.0848E-006   4.6091E-009   2.3364E-009   2.4012E-012   2.1961E-012   3.7767E-014   4.2171E-014   3.4847E-018   3.1927E-018   2.3402E-020   5.8859E-021   4.6302E-020   2.2170E-025   2.0397E-025   6.9653E-028   2.3839E-027 
  1.931668970E+011   1.3739E-002   1.3716E+004   4.0947E-004   5.1061E-006   4.6284E-009   2.3462E-009   2.4113E-012   2.2054E-012   3.7926E-014   4.2348E-014   3.4993E-018   3.2061E-018   2.3500E-020   5.9106E-021   4.6497E-020   2.2263E-025   2.0483E-025   6.9945E-028   2.3939E-027 
  2.529834143E+011   1.8458E-002   1.3236E+004   4.1197E-004   5.1373E-006   4.6567E-009   2.3606E-009   2.4260E-012   2.2188E-012   3.8158E-014   4.2607E-014   3.5207E-018   3.2257E-018   2.3644E-020   5.9467E-021   4.6781E-020   2.2399E-025   2.0608E-025   7.0372E-028   2.4085E-027 
  3.414931496E+011   2.5492E-002   1.3042E+004   4.1546E-004   5.1808E-006   4.6961E-009   2.3806E-009   2.4466E-012   2.2376E-012   3.8481E-014   4.2968E-014   3.5505E-018   3.2530E-018   2.3844E-020   5.9971E-021   4.7177E-020   2.2589E-025   2.0783E-025   7.0969E-028   2.4289E-027 
  4.166800967E+011   3.1480E-002   1.3004E+004   4.1839E-004   5.2173E-006   4.7292E-009   2.3973E-009   2.4638E-012   2.2534E-012   3.8752E-014   4.3270E-014   3.5755E-018   3.2759E-018   2.4012E-020   6.0393E-021   4.7509E-020   2.2748E-025   2.0929E-025   7.1469E-028   2.4460E-027 
  5.524792842E+011   4.2301E-002   1.2991E+004   4.2362E-004   5.2825E-006   4.7883E-009   2.4273E-009   2.4946E-012   2.2816E-012   3.9236E-014   4.3811E-014   3.6202E-018   3.3169E-018   2.4312E-020   6.1148E-021   4.8103E-020   2.3032E-025   2.1191E-025   7.2362E-028   2.4766E-027 
  6.970246516E+011   5.3822E-002   1.2989E+004   4.2911E-004   5.3510E-006   4.8504E-009   2.4588E-009   2.5270E-012   2.3111E-012   3.9745E-014   4.4379E-014   3.6672E-018   3.3599E-018   2.4628E-020   6.1941E-021   4.8727E-020   2.3331E-025   2.1465E-025   7.3300E-028   2.5087E-027 
  7.646357559E+011   5.9211E-002   1.2989E+004   4.3165E-004   5.3827E-006   4.8792E-009   2.4733E-009   2.5419E-012   2.3248E-012   3.9981E-014   4.4642E-014   3.6889E-018   3.3798E-018   2.4774E-020   6.2308E-021   4.9016E-020   2.3469E-025   2.1593E-025   7.3734E-028   2.5236E-027 
  8.102750180E+011   6.2849E-002   1.2988E+004   4.3336E-004   5.4040E-006   4.8985E-009   2.4831E-009   2.5520E-012   2.3340E-012   4.0139E-014   4.4819E-014   3.7035E-018   3.3932E-018   2.4872E-020   6.2555E-021   4.9210E-020   2.3562E-025   2.1678E-025   7.4026E-028   2.5336E-027 
  1.000760913E+012   7.8034E-002   1.2987E+004   4.4041E-004   5.4920E-006   4.9782E-009   2.5236E-009   2.5935E-012   2.3720E-012   4.0792E-014   4.5548E-014   3.7638E-018   3.4484E-018   2.5276E-020   6.3573E-021   5.0011E-020   2.3945E-025   2.2031E-025   7.5231E-028   2.5748E-027 
  1.322349213E+012   1.0367E-001   1.2986E+004   4.5206E-004   5.6372E-006   5.1098E-009   2.5903E-009   2.6621E-012   2.4347E-012   4.1870E-014   4.6752E-014   3.8633E-018   3.5396E-018   2.5945E-020   6.5253E-021   5.1333E-020   2.4578E-025   2.2613E-025   7.7220E-028   2.6429E-027 
  1.596013674E+012   1.2549E-001   1.2984E+004   4.6170E-004   5.7575E-006   5.2188E-009   2.6455E-009   2.7189E-012   2.4867E-012   4.2764E-014   4.7750E-014   3.9457E-018   3.6151E-018   2.6498E-020   6.6646E-021   5.2428E-020   2.5103E-025   2.3096E-025   7.8868E-028   2.6993E-027 
  1.770752272E+012   1.3943E-001   1.2983E+004   4.6774E-004   5.8328E-006   5.2871E-009   2.6801E-009   2.7545E-012   2.5192E-012   4.3323E-014   4.8374E-014   3.9973E-018   3.6624E-018   2.6845E-020   6.7517E-021   5.3114E-020   2.5431E-025   2.3398E-025   7.9899E-028   2.7346E-027 
  1.841043405E+012   1.4503E-001   1.2983E+004   4.7014E-004   5.8627E-006   5.3142E-009   2.6939E-009   2.7686E-012   2.5321E-012   4.3546E-014   4.8623E-014   4.0179E-018   3.6812E-018   2.6983E-020   6.7864E-021   5.3387E-020   2.5562E-025   2.3518E-025   8.0309E-028   2.7486E-027 
  1.888530761E+012   1.4882E-001   1.2983E+004   4.7176E-004   5.8829E-006   5.3325E-009   2.7031E-009   2.7781E-012   2.5408E-012   4.3695E-014   4.8790E-014   4.0317E-018   3.6938E-018   2.7075E-020   6.8097E-021   5.3570E-020   2.5649E-025   2.3599E-025   8.0585E-028   2.7581E-027 
  1.932171374E+012   1.5230E-001   1.2982E+004   4.7324E-004   5.9013E-006   5.3492E-009   2.7116E-009   2.7868E-012   2.5488E-012   4.3832E-014   4.8943E-014   4.0443E-018   3.7054E-018   2.7160E-020   6.8311E-021   5.3738E-020   2.5730E-025   2.3673E-025   8.0838E-028   2.7667E-027 
  2.019419058E+012   1.5926E-001   1.2982E+004   4.7618E-004   5.9380E-006   5.3824E-009   2.7285E-009   2.8041E-012   2.5646E-012   4.4105E-014   4.9247E-014   4.0694E-018   3.7284E-018   2.7329E-020   6.8735E-021   5.4072E-020   2.5890E-025   2.3820E-025   8.1340E-028   2.7839E-027 
  2.400785308E+012   1.8968E-001   1.2980E+004   4.8879E-004   6.0953E-006   5.5251E-009   2.8008E-009   2.8784E-012   2.6326E-012   4.5273E-014   5.0552E-014   4.1772E-018   3.8272E-018   2.8053E-020   7.0557E-021   5.5504E-020   2.6576E-025   2.4451E-025   8.3495E-028   2.8577E-027 
  3.678238029E+012   2.9162E-001   1.2973E+004   5.2857E-004   6.5913E-006   5.9746E-009   3.0287E-009   3.1127E-012   2.8468E-012   4.8957E-014   5.4665E-014   4.5171E-018   4.1386E-018   3.0336E-020   7.6298E-021   6.0021E-020   2.8738E-025   2.6441E-025   9.0289E-028   3.0902E-027 
  5.802039072E+012   4.6124E-001   1.2962E+004   5.8717E-004   7.3221E-006   6.6371E-009   3.3645E-009   3.4578E-012   3.1625E-012   5.4385E-014   6.0726E-014   5.0180E-018   4.5975E-018   3.3699E-020   8.4757E-021   6.6676E-020   3.1924E-025   2.9372E-025   1.0030E-027   3.4328E-027 
  1.113278928E+013   8.8779E-001   1.2934E+004   7.0669E-004   8.8124E-006   7.9880E-009   4.0493E-009   4.1616E-012   3.8061E-012   6.5455E-014   7.3086E-014   6.0393E-018   5.5333E-018   4.0558E-020   1.0201E-020   8.0247E-020   3.8422E-025   3.5351E-025   1.2072E-027   4.1315E-027 
  2.004456431E+013   1.6035E+000   1.2885E+004   8.5210E-004   1.0626E-005   9.6317E-009   4.8825E-009   5.0179E-012   4.5893E-012   7.8924E-014   8.8126E-014   7.2821E-018   6.6719E-018   4.8904E-020   1.2300E-020   9.6759E-020   4.6329E-025   4.2625E-025   1.4556E-027   4.9817E-027 
  2.245058906E+013   1.7973E+000   1.2872E+004   8.8317E-004   1.1013E-005   9.9829E-009   5.0605E-009   5.2009E-012   4.7567E-012   8.1801E-014   9.1339E-014   7.5476E-018   6.9152E-018   5.0687E-020   1.2748E-020   1.0029E-019   4.8018E-025   4.4179E-025   1.5086E-027   5.1633E-027 
  2.485661380E+013   1.9913E+000   1.2859E+004   9.1199E-004   1.1373E-005   1.0309E-008   5.2257E-009   5.3706E-012   4.9119E-012   8.4471E-014   9.4320E-014   7.7939E-018   7.1408E-018   5.2341E-020   1.3164E-020   1.0356E-019   4.9585E-025   4.5621E-025   1.5579E-027   5.3318E-027 
  2.673989793E+013   2.1434E+000   1.2848E+004   9.3317E-004   1.1637E-005   1.0548E-008   5.3470E-009   5.4953E-012   5.0260E-012   8.6432E-014   9.6510E-014   7.9749E-018   7.3066E-018   5.3557E-020   1.3470E-020   1.0596E-019   5.0736E-025   4.6680E-025   1.5940E-027   5.4556E-027 
  2.793414326E+013   2.2399E+000   1.2841E+004   9.4603E-004   1.1797E-005   1.0693E-008   5.4207E-009   5.5710E-012   5.0952E-012   8.7623E-014   9.7839E-014   8.0848E-018   7.4073E-018   5.4295E-020   1.3656E-020   1.0742E-019   5.1435E-025   4.7323E-025   1.6160E-027   5.5308E-027 
  2.866338150E+013   2.2988E+000   1.2837E+004   9.5367E-004   1.1892E-005   1.0780E-008   5.4645E-009   5.6161E-012   5.1364E-012   8.8331E-014   9.8630E-014   8.1501E-018   7.4672E-018   5.4733E-020   1.3766E-020   1.0829E-019   5.1851E-025   4.7706E-025   1.6291E-027   5.5755E-027 
  2.925507211E+013   2.3467E+000   1.2834E+004   9.5977E-004   1.1968E-005   1.0849E-008   5.4994E-009   5.6520E-012   5.1692E-012   8.8896E-014   9.9261E-014   8.2022E-018   7.5149E-018   5.5083E-020   1.3854E-020   1.0899E-019   5.2182E-025   4.8011E-025   1.6395E-027   5.6111E-027 
  3.331270454E+013   2.6752E+000   1.2811E+004   9.9952E-004   1.2464E-005   1.1298E-008   5.7272E-009   5.8861E-012   5.3833E-012   9.2578E-014   1.0337E-013   8.5419E-018   7.8262E-018   5.7365E-020   1.4428E-020   1.1350E-019   5.4344E-025   4.9999E-025   1.7074E-027   5.8436E-027 
  4.069661713E+013   3.2751E+000   1.2768E+004   1.0630E-003   1.3256E-005   1.2016E-008   6.0912E-009   6.2601E-012   5.7254E-012   9.8461E-014   1.0994E-013   9.0847E-018   8.3235E-018   6.1010E-020   1.5345E-020   1.2071E-019   5.7797E-025   5.3177E-025   1.8159E-027   6.2149E-027 
  5.673509381E+013   4.5866E+000   1.2670E+004   1.1744E-003   1.4645E-005   1.3275E-008   6.7295E-009   6.9162E-012   6.3254E-012   1.0878E-013   1.2146E-013   1.0037E-017   9.1958E-018   6.7404E-020   1.6953E-020   1.3336E-019   6.3854E-025   5.8750E-025   2.0062E-027   6.8662E-027 
  7.051370447E+013   5.7235E+000   1.2582E+004   1.2498E-003   1.5585E-005   1.4127E-008   7.1614E-009   7.3600E-012   6.7314E-012   1.1576E-013   1.2926E-013   1.0681E-017   9.7859E-018   7.1730E-020   1.8041E-020   1.4192E-019   6.7952E-025   6.2520E-025   2.1349E-027   7.3068E-027 
  8.173550016E+013   6.6568E+000   1.2506E+004   1.3019E-003   1.6235E-005   1.4716E-008   7.4599E-009   7.6668E-012   7.0119E-012   1.2059E-013   1.3465E-013   1.1126E-017   1.0194E-017   7.4720E-020   1.8793E-020   1.4784E-019   7.0784E-025   6.5126E-025   2.2239E-027   7.6114E-027 
  9.040048087E+013   7.3823E+000   1.2444E+004   1.3378E-003   1.6682E-005   1.5121E-008   7.6653E-009   7.8779E-012   7.2050E-012   1.2391E-013   1.3835E-013   1.1432E-017   1.0475E-017   7.6777E-020   1.9310E-020   1.5191E-019   7.2733E-025   6.6919E-025   2.2851E-027   7.8210E-027 
  1.024381012E+014   8.3976E+000   1.2354E+004   1.3827E-003   1.7242E-005   1.5629E-008   7.9225E-009   8.1423E-012   7.4469E-012   1.2806E-013   1.4300E-013   1.1816E-017   1.0826E-017   7.9354E-020   1.9958E-020   1.5701E-019   7.5175E-025   6.9165E-025   2.3618E-027   8.0835E-027 
  1.313060057E+014   1.0871E+001   1.2118E+004   1.4732E-003   1.8371E-005   1.6652E-008   8.4415E-009   8.6756E-012   7.9346E-012   1.3645E-013   1.5236E-013   1.2590E-017   1.1535E-017   8.4552E-020   2.1266E-020   1.6729E-019   8.0099E-025   7.3695E-025   2.5165E-027   8.6130E-027 
  1.643209682E+014   1.3777E+001   1.1816E+004   1.5554E-003   1.9396E-005   1.7581E-008   8.9124E-009   9.1596E-012   8.3773E-012   1.4407E-013   1.6086E-013   1.3293E-017   1.2179E-017   8.9269E-020   2.2452E-020   1.7662E-019   8.4567E-025   7.7807E-025   2.6569E-027   9.0935E-027 
  1.973359307E+014   1.6776E+001   1.1492E+004   1.6223E-003   2.0230E-005   1.8337E-008   9.2957E-009   9.5535E-012   8.7375E-012   1.5026E-013   1.6778E-013   1.3864E-017   1.2702E-017   9.3107E-020   2.3417E-020   1.8422E-019   8.8204E-025   8.1152E-025   2.7712E-027   9.4845E-027 
  2.261562617E+014   1.9479E+001   1.1201E+004   1.6717E-003   2.0847E-005   1.8896E-008   9.5790E-009   9.8447E-012   9.0038E-012   1.5484E-013   1.7289E-013   1.4287E-017   1.3090E-017   9.5945E-020   2.4131E-020   1.8983E-019   9.0892E-025   8.3626E-025   2.8556E-027   9.7736E-027 
  2.780754170E+014   2.4563E+001   1.0675E+004   1.7461E-003   2.1774E-005   1.9737E-008   1.0005E-008   1.0283E-011   9.4044E-012   1.6173E-013   1.8058E-013   1.4922E-017   1.3672E-017   1.0021E-019   2.5205E-020   1.9828E-019   9.4935E-025   8.7346E-025   2.9827E-027   1.0208E-026 
  3.403794556E+014   3.1064E+001   1.0040E+004   1.8174E-003   2.2663E-005   2.0543E-008   1.0414E-008   1.0703E-011   9.7884E-012   1.6833E-013   1.8796E-013   1.5532E-017   1.4230E-017   1.0431E-019   2.6234E-020   2.0637E-019   9.8812E-025   9.0913E-025   3.1045E-027   1.0625E-026 
  4.026834942E+014   3.8062E+001   9.3815E+003   1.8751E-003   2.3383E-005   2.1195E-008   1.0744E-008   1.1042E-011   1.0099E-011   1.7368E-013   1.9393E-013   1.6025E-017   1.4682E-017   1.0762E-019   2.7067E-020   2.1292E-019   1.0195E-024   9.3798E-025   3.2030E-027   1.0962E-026 
  4.470223930E+014   4.3400E+001   8.8884E+003   1.9099E-003   2.3817E-005   2.1589E-008   1.0944E-008   1.1247E-011   1.0287E-011   1.7690E-013   1.9753E-013   1.6322E-017   1.4955E-017   1.0962E-019   2.7570E-020   2.1688E-019   1.0384E-024   9.5541E-025   3.2625E-027   1.1166E-026 
  4.836619462E+014   4.8073E+001   8.4614E+003   1.9356E-003   2.4137E-005   2.1879E-008   1.1091E-008   1.1398E-011   1.0425E-011   1.7928E-013   2.0018E-013   1.6542E-017   1.5156E-017   1.1109E-019   2.7940E-020   2.1979E-019   1.0524E-024   9.6825E-025   3.3064E-027   1.1316E-026 
  5.488857369E+014   5.7108E+001   7.6498E+003   1.9756E-003   2.4636E-005   2.2331E-008   1.1320E-008   1.1634E-011   1.0640E-011   1.8298E-013   2.0432E-013   1.6883E-017   1.5469E-017   1.1338E-019   2.8517E-020   2.2434E-019   1.0741E-024   9.8826E-025   3.3747E-027   1.1550E-026 
  6.796846285E+014   7.9292E+001   5.7384E+003   2.0381E-003   2.5416E-005   2.3038E-008   1.1678E-008   1.2002E-011   1.0977E-011   1.8878E-013   2.1079E-013   1.7418E-017   1.5959E-017   1.1697E-019   2.9420E-020   2.3144E-019   1.1081E-024   1.0195E-024   3.4815E-027   1.1916E-026 
  6.991356782E+014   8.3300E+001   5.4037E+003   2.0458E-003   2.5511E-005   2.3124E-008   1.1722E-008   1.2047E-011   1.1018E-011   1.8948E-013   2.1158E-013   1.7483E-017   1.6018E-017   1.1741E-019   2.9530E-020   2.3230E-019   1.1123E-024   1.0234E-024   3.4945E-027   1.1960E-026 
  7.146036956E+014   8.6683E+001   5.1224E+003   2.0515E-003   2.5583E-005   2.3189E-008   1.1755E-008   1.2081E-011   1.1049E-011   1.9002E-013   2.1217E-013   1.7532E-017   1.6063E-017   1.1774E-019   2.9614E-020   2.3296E-019   1.1154E-024   1.0262E-024   3.5044E-027   1.1994E-026 
  7.379810188E+014   9.2200E+001   4.6623E+003   2.0598E-003   2.5686E-005   2.3283E-008   1.1803E-008   1.2130E-011   1.1094E-011   1.9079E-013   2.1303E-013   1.7603E-017   1.6128E-017   1.1822E-019   2.9733E-020   2.3390E-019   1.1199E-024   1.0304E-024   3.5186E-027   1.2042E-026 
  7.581159558E+014   9.7456E+001   4.2103E+003   2.0666E-003   2.5771E-005   2.3360E-008   1.1841E-008   1.2170E-011   1.1130E-011   1.9141E-013   2.1373E-013   1.7661E-017   1.6181E-017   1.1861E-019   2.9831E-020   2.3467E-019   1.1236E-024   1.0338E-024   3.5301E-027   1.2082E-026 
  7.731340564E+014   1.0181E+002   3.7974E+003   2.0715E-003   2.5832E-005   2.3415E-008   1.1870E-008   1.2199E-011   1.1157E-011   1.9187E-013   2.1424E-013   1.7703E-017   1.6220E-017   1.1889E-019   2.9902E-020   2.3523E-019   1.1263E-024   1.0362E-024   3.5385E-027   1.2111E-026 
  7.801819832E+014   1.0404E+002   3.5513E+003   2.0739E-003   2.5861E-005   2.3442E-008   1.1883E-008   1.2213E-011   1.1170E-011   1.9209E-013   2.1448E-013   1.7723E-017   1.6238E-017   1.1902E-019   2.9936E-020   2.3550E-019   1.1276E-024   1.0374E-024   3.5426E-027   1.2125E-026 
  7.814667789E+014   1.0446E+002   3.5001E+003   2.0743E-003   2.5867E-005   2.3447E-008   1.1886E-008   1.2215E-011   1.1172E-011   1.9213E-013   2.1453E-013   1.7727E-017   1.6242E-017   1.1905E-019   2.9942E-020   2.3555E-019   1.1278E-024   1.0376E-024   3.5433E-027   1.2127E-026 
  7.834420098E+014   1.0512E+002   3.4162E+003   2.0750E-003   2.5876E-005   2.3455E-008   1.1890E-008   1.2219E-011   1.1176E-011   1.9219E-013   2.1460E-013   1.7733E-017   1.6247E-017   1.1909E-019   2.9952E-020   2.3563E-019   1.1282E-024   1.0380E-024   3.5445E-027   1.2131E-026 
  7.883054221E+014   1.0684E+002   3.1751E+003   2.0768E-003   2.5898E-005   2.3475E-008   1.1900E-008   1.2230E-011   1.1186E-011   1.9236E-013   2.1479E-013   1.7749E-017   1.6261E-017   1.1919E-019   2.9979E-020   2.3583E-019   1.1292E-024   1.0389E-024   3.5476E-027   1.2142E-026 
  7.952267988E+014   1.0957E+002   2.6983E+003   2.0799E-003   2.5937E-005   2.3510E-008   1.1918E-008   1.2248E-011   1.1202E-011   1.9265E-013   2.1511E-013   1.7775E-017   1.6286E-017   1.1937E-019   3.0023E-020   2.3618E-019   1.1308E-024   1.0404E-024   3.5529E-027   1.2160E-026 
  7.991514577E+014   1.1139E+002   2.3079E+003   2.0821E-003   2.5965E-005   2.3535E-008   1.1931E-008   1.2262E-011   1.1214E-011   1.9285E-013   2.1534E-013   1.7794E-017   1.6303E-017   1.1950E-019   3.0055E-020   2.3644E-019   1.1321E-024   1.0416E-024   3.5567E-027   1.2173E-026 
  8.010932820E+014   1.1241E+002   2.0618E+003   2.0835E-003   2.5981E-005   2.3550E-008   1.1938E-008   1.2269E-011   1.1221E-011   1.9298E-013   2.1548E-013   1.7805E-017   1.6313E-017   1.1958E-019   3.0075E-020   2.3659E-019   1.1328E-024   1.0422E-024   3.5590E-027   1.2181E-026 
  8.021832719E+014   1.1304E+002   1.9019E+003   2.0843E-003   2.5992E-005   2.3560E-008   1.1943E-008   1.2274E-011   1.1226E-011   1.9305E-013   2.1556E-013   1.7813E-017   1.6320E-017   1.1962E-019   3.0087E-020   2.3668E-019   1.1332E-024   1.0426E-024   3.5604E-027   1.2186E-026 
  8.035933959E+014   1.1393E+002   1.6647E+003   2.0855E-003   2.6007E-005   2.3574E-008   1.1950E-008   1.2281E-011   1.1232E-011   1.9317E-013   2.1569E-013   1.7823E-017   1.6330E-017   1.1969E-019   3.0104E-020   2.3682E-019   1.1339E-024   1.0433E-024   3.5625E-027   1.2193E-026 
  8.042197128E+014   1.1437E+002   1.5457E+003   2.0861E-003   2.6014E-005   2.3580E-008   1.1953E-008   1.2285E-011   1.1236E-011   1.9322E-013   2.1575E-013   1.7828E-017   1.6334E-017   1.1973E-019   3.0113E-020   2.3689E-019   1.1342E-024   1.0435E-024   3.5635E-027   1.2196E-026 
  8.047282696E+014   1.1475E+002   1.4414E+003   2.0866E-003   2.6021E-005   2.3586E-008   1.1956E-008   1.2288E-011   1.1238E-011   1.9327E-013   2.1580E-013   1.7832E-017   1.6338E-017   1.1976E-019   3.0120E-020   2.3695E-019   1.1345E-024   1.0438E-024   3.5644E-027   1.2199E-026 
  8.051712395E+014   1.1510E+002   1.3439E+003   2.0871E-003   2.6026E-005   2.3591E-008   1.1959E-008   1.2291E-011   1.1241E-011   1.9331E-013   2.1585E-013   1.7836E-017   1.6342E-017   1.1978E-019   3.0127E-020   2.3700E-019   1.1348E-024   1.0440E-024   3.5652E-027   1.2202E-026 
  8.056828991E+014   1.1553E+002   1.2219E+003   2.0877E-003   2.6034E-005   2.3598E-008   1.1962E-008   1.2294E-011   1.1244E-011   1.9337E-013   2.1591E-013   1.7841E-017   1.6346E-017   1.1982E-019   3.0135E-020   2.3706E-019   1.1351E-024   1.0443E-024   3.5662E-027   1.2205E-026 
  8.063022336E+014   1.1610E+002   1.0566E+003   2.0885E-003   2.6043E-005   2.3607E-008   1.1967E-008   1.2299E-011   1.1248E-011   1.9344E-013   2.1599E-013   1.7848E-017   1.6352E-017   1.1986E-019   3.0146E-020   2.3715E-019   1.1355E-024   1.0447E-024   3.5675E-027   1.2210E-026 
  8.066310195E+014   1.1643E+002   9.5915E+002   2.0889E-003   2.6049E-005   2.3612E-008   1.1969E-008   1.2301E-011   1.1251E-011   1.9348E-013   2.1604E-013   1.7852E-017   1.6356E-017   1.1989E-019   3.0153E-020   2.3720E-019   1.1357E-024   1.0449E-024   3.5682E-027   1.2212E-026 
  8.068537252E+014   1.1667E+002   8.8961E+002   2.0892E-003   2.6052E-005   2.3615E-008   1.1971E-008   1.2303E-011   1.1252E-011   1.9351E-013   2.1607E-013   1.7854E-017   1.6358E-017   1.1990E-019   3.0157E-020   2.3724E-019   1.1359E-024   1.0451E-024   3.5687E-027   1.2214E-026 
  8.071860795E+014   1.1706E+002   7.8410E+002   2.0896E-003   2.6058E-005   2.3620E-008   1.1974E-008   1.2306E-011   1.1255E-011   1.9355E-013   2.1611E-013   1.7858E-017   1.6362E-017   1.1993E-019   3.0164E-020   2.3729E-019   1.1361E-024   1.0453E-024   3.5695E-027   1.2217E-026 
  8.074833984E+014   1.1743E+002   6.9505E+002   2.0900E-003   2.6063E-005   2.3624E-008   1.1976E-008   1.2308E-011   1.1257E-011   1.9358E-013   2.1615E-013   1.7861E-017   1.6365E-017   1.1995E-019   3.0169E-020   2.3733E-019   1.1363E-024   1.0455E-024   3.5701E-027   1.2219E-026 
  8.079573966E+014   1.1807E+002   5.8357E+002   2.0904E-003   2.6068E-005   2.3629E-008   1.1978E-008   1.2310E-011   1.1259E-011   1.9362E-013   2.1620E-013   1.7865E-017   1.6368E-017   1.1998E-019   3.0175E-020   2.3738E-019   1.1366E-024   1.0457E-024   3.5709E-027   1.2221E-026 
  8.082080711E+014   1.1844E+002   5.4393E+002   2.0906E-003   2.6070E-005   2.3631E-008   1.1979E-008   1.2311E-011   1.1260E-011   1.9364E-013   2.1621E-013   1.7866E-017   1.6369E-017   1.1998E-019   3.0177E-020   2.3740E-019   1.1367E-024   1.0458E-024   3.5711E-027   1.2222E-026 
  8.084299576E+014   1.1877E+002   5.1878E+002   2.0907E-003   2.6071E-005   2.3632E-008   1.1980E-008   1.2312E-011   1.1260E-011   1.9365E-013   2.1622E-013   1.7867E-017   1.6370E-017   1.1999E-019   3.0179E-020   2.3741E-019   1.1367E-024   1.0458E-024   3.5713E-027   1.2223E-026 
  8.085583906E+014   1.1896E+002   5.0767E+002   2.0907E-003   2.6072E-005   2.3633E-008   1.1980E-008   1.2312E-011   1.1261E-011   1.9365E-013   2.1623E-013   1.7868E-017   1.6370E-017   1.1999E-019   3.0180E-020   2.3741E-019   1.1367E-024   1.0459E-024   3.5714E-027   1.2223E-026 
  8.087253102E+014   1.1922E+002   4.9623E+002   2.0908E-003   2.6072E-005   2.3633E-008   1.1980E-008   1.2312E-011   1.1261E-011   1.9365E-013   2.1623E-013   1.7868E-017   1.6371E-017   1.2000E-019   3.0180E-020   2.3742E-019   1.1368E-024   1.0459E-024   3.5715E-027   1.2224E-026 
  8.091663343E+014   1.1991E+002   4.7716E+002   2.0909E-003   2.6074E-005   2.3634E-008   1.1981E-008   1.2313E-011   1.1261E-011   1.9366E-013   2.1624E-013   1.7869E-017   1.6371E-017   1.2000E-019   3.0182E-020   2.3743E-019   1.1368E-024   1.0459E-024   3.5716E-027   1.2224E-026 
  8.104918998E+014   1.2204E+002   4.5495E+002   2.0911E-003   2.6076E-005   2.3636E-008   1.1982E-008   1.2314E-011   1.1262E-011   1.9368E-013   2.1626E-013   1.7870E-017   1.6373E-017   1.2001E-019   3.0184E-020   2.3745E-019   1.1369E-024   1.0460E-024   3.5720E-027   1.2225E-026 
  8.111475984E+014   1.2311E+002   4.4778E+002   2.0912E-003   2.6077E-005   2.3637E-008   1.1982E-008   1.2315E-011   1.1263E-011   1.9369E-013   2.1627E-013   1.7871E-017   1.6374E-017   1.2002E-019   3.0185E-020   2.3746E-019   1.1370E-024   1.0461E-024   3.5721E-027   1.2226E-026 
  8.113478950E+014   1.2345E+002   4.4562E+002   2.0912E-003   2.6077E-005   2.3638E-008   1.1982E-008   1.2315E-011   1.1263E-011   1.9369E-013   2.1627E-013   1.7871E-017   1.6374E-017   1.2002E-019   3.0186E-020   2.3746E-019   1.1370E-024   1.0461E-024   3.5721E-027   1.2226E-026 
  8.115481916E+014   1.2378E+002   4.4347E+002   2.0912E-003   2.6077E-005   2.3638E-008   1.1982E-008   1.2315E-011   1.1263E-011   1.9369E-013   2.1628E-013   1.7871E-017   1.6374E-017   1.2002E-019   3.0186E-020   2.3746E-019   1.1370E-024   1.0461E-024   3.5722E-027   1.2226E-026 
  8.116870249E+014   1.2401E+002   4.4198E+002   2.0912E-003   2.6078E-005   2.3638E-008   1.1983E-008   1.2315E-011   1.1263E-011   1.9369E-013   2.1628E-013   1.7872E-017   1.6374E-017   1.2002E-019   3.0186E-020   2.3747E-019   1.1370E-024   1.0461E-024   3.5722E-027   1.2226E-026 
  8.117804142E+014   1.2417E+002   4.4097E+002   2.0912E-003   2.6078E-005   2.3638E-008   1.1983E-008   1.2315E-011   1.1263E-011   1.9369E-013   2.1628E-013   1.7872E-017   1.6374E-017   1.2002E-019   3.0187E-020   2.3747E-019   1.1370E-024   1.0461E-024   3.5722E-027   1.2226E-026 
  8.118497839E+014   1.2428E+002   4.4023E+002   2.0912E-003   2.6078E-005   2.3638E-008   1.1983E-008   1.2315E-011   1.1263E-011   1.9370E-013   2.1628E-013   1.7872E-017   1.6374E-017   1.2002E-019   3.0187E-020   2.3747E-019   1.1370E-024   1.0461E-024   3.5722E-027   1.2226E-026 
  8.119243751E+014   1.2441E+002   4.3943E+002   2.0913E-003   2.6078E-005   2.3638E-008   1.1983E-008   1.2315E-011   1.1263E-011   1.9370E-013   2.1628E-013   1.7872E-017   1.6374E-017   1.2002E-019   3.0187E-020   2.3747E-019   1.1370E-024   1.0461E-024   3.5723E-027   1.2226E-026 
  8.132729303E+014   1.2670E+002   4.2524E+002   2.0914E-003   2.6080E-005   2.3640E-008   1.1984E-008   1.2316E-011   1.1264E-011   1.9371E-013   2.1630E-013   1.7873E-017   1.6376E-017   1.2003E-019   3.0189E-020   2.3749E-019   1.1371E-024   1.0462E-024   3.5725E-027   1.2227E-026 
  8.146849447E+014   1.2916E+002   4.1133E+002   2.0916E-003   2.6082E-005   2.3642E-008   1.1985E-008   1.2317E-011   1.1265E-011   1.9373E-013   2.1631E-013   1.7875E-017   1.6377E-017   1.2004E-019   3.0191E-020   2.3751E-019   1.1372E-024   1.0463E-024   3.5728E-027   1.2228E-026 
  8.157164601E+014   1.3100E+002   4.0169E+002   2.0917E-003   2.6084E-005   2.3643E-008   1.1985E-008   1.2318E-011   1.1266E-011   1.9374E-013   2.1633E-013   1.7876E-017   1.6378E-017   1.2005E-019   3.0193E-020   2.3752E-019   1.1372E-024   1.0463E-024   3.5730E-027   1.2229E-026 
  8.166706446E+014   1.3273E+002   3.9288E+002   2.0918E-003   2.6085E-005   2.3644E-008   1.1986E-008   1.2318E-011   1.1266E-011   1.9375E-013   2.1634E-013   1.7876E-017   1.6379E-017   1.2005E-019   3.0195E-020   2.3753E-019   1.1373E-024   1.0464E-024   3.5732E-027   1.2229E-026 
  8.174573022E+014   1.3418E+002   3.8545E+002   2.0919E-003   2.6086E-005   2.3645E-008   1.1986E-008   1.2319E-011   1.1267E-011   1.9375E-013   2.1634E-013   1.7877E-017   1.6379E-017   1.2006E-019   3.0196E-020   2.3754E-019   1.1373E-024   1.0464E-024   3.5733E-027   1.2230E-026 
  8.183551252E+014   1.3585E+002   3.7643E+002   2.0920E-003   2.6087E-005   2.3646E-008   1.1987E-008   1.2319E-011   1.1267E-011   1.9376E-013   2.1635E-013   1.7878E-017   1.6380E-017   1.2006E-019   3.0197E-020   2.3755E-019   1.1374E-024   1.0465E-024   3.5735E-027   1.2230E-026 
  8.210410925E+014   1.4101E+002   3.4144E+002   2.0922E-003   2.6090E-005   2.3649E-008   1.1988E-008   1.2321E-011   1.1269E-011   1.9379E-013   2.1638E-013   1.7880E-017   1.6382E-017   1.2008E-019   3.0201E-020   2.3758E-019   1.1375E-024   1.0466E-024   3.5739E-027   1.2232E-026 
  8.226955692E+014   1.4431E+002   3.0816E+002   2.0924E-003   2.6092E-005   2.3651E-008   1.1989E-008   1.2322E-011   1.1269E-011   1.9380E-013   2.1640E-013   1.7882E-017   1.6383E-017   1.2009E-019   3.0203E-020   2.3760E-019   1.1376E-024   1.0467E-024   3.5742E-027   1.2233E-026 
  8.241259020E+014   1.4725E+002   2.6750E+002   2.0925E-003   2.6094E-005   2.3653E-008   1.1990E-008   1.2323E-011   1.1270E-011   1.9382E-013   2.1641E-013   1.7883E-017   1.6385E-017   1.2010E-019   3.0206E-020   2.3762E-019   1.1377E-024   1.0468E-024   3.5745E-027   1.2234E-026 
  8.250183646E+014   1.4913E+002   2.3549E+002   2.0926E-003   2.6095E-005   2.3654E-008   1.1991E-008   1.2323E-011   1.1271E-011   1.9383E-013   2.1642E-013   1.7884E-017   1.6385E-017   1.2010E-019   3.0207E-020   2.3763E-019   1.1378E-024   1.0468E-024   3.5746E-027   1.2234E-026 
  8.257147806E+014   1.5063E+002   2.0719E+002   2.0927E-003   2.6096E-005   2.3655E-008   1.1991E-008   1.2324E-011   1.1271E-011   1.9383E-013   2.1643E-013   1.7884E-017   1.6386E-017   1.2011E-019   3.0208E-020   2.3764E-019   1.1378E-024   1.0468E-024   3.5748E-027   1.2235E-026 
  8.257582500E+014   1.5072E+002   2.0535E+002   2.0927E-003   2.6096E-005   2.3655E-008   1.1991E-008   1.2324E-011   1.1271E-011   1.9383E-013   2.1643E-013   1.7884E-017   1.6386E-017   1.2011E-019   3.0208E-020   2.3764E-019   1.1378E-024   1.0468E-024   3.5748E-027   1.2235E-026 
  8.262074480E+014   1.5170E+002   1.8588E+002   2.0928E-003   2.6097E-005   2.3655E-008   1.1991E-008   1.2324E-011   1.1271E-011   1.9384E-013   2.1644E-013   1.7885E-017   1.6386E-017   1.2011E-019   3.0209E-020   2.3764E-019   1.1378E-024   1.0469E-024   3.5748E-027   1.2235E-026 
  8.267273402E+014   1.5285E+002   1.6286E+002   2.0928E-003   2.6098E-005   2.3656E-008   1.1992E-008   1.2324E-011   1.1272E-011   1.9384E-013   2.1644E-013   1.7885E-017   1.6387E-017   1.2011E-019   3.0209E-020   2.3765E-019   1.1379E-024   1.0469E-024   3.5749E-027   1.2235E-026 
  8.269693718E+014   1.5339E+002   1.5218E+002   2.0928E-003   2.6098E-005   2.3656E-008   1.1992E-008   1.2324E-011   1.1272E-011   1.9384E-013   2.1644E-013   1.7885E-017   1.6387E-017   1.2011E-019   3.0210E-020   2.3765E-019   1.1379E-024   1.0469E-024   3.5750E-027   1.2235E-026 
  8.272301018E+014   1.5398E+002   1.4083E+002   2.0929E-003   2.6098E-005   2.3657E-008   1.1992E-008   1.2325E-011   1.1272E-011   1.9385E-013   2.1645E-013   1.7886E-017   1.6387E-017   1.2011E-019   3.0210E-020   2.3765E-019   1.1379E-024   1.0469E-024   3.5750E-027   1.2236E-026 
  8.273179112E+014   1.5418E+002   1.3706E+002   2.0929E-003   2.6098E-005   2.3657E-008   1.1992E-008   1.2325E-011   1.1272E-011   1.9385E-013   2.1645E-013   1.7886E-017   1.6387E-017   1.2012E-019   3.0210E-020   2.3765E-019   1.1379E-024   1.0469E-024   3.5750E-027   1.2236E-026 
  8.275734010E+014   1.5476E+002   1.2629E+002   2.0929E-003   2.6099E-005   2.3657E-008   1.1992E-008   1.2325E-011   1.1272E-011   1.9385E-013   2.1645E-013   1.7886E-017   1.6387E-017   1.2012E-019   3.0211E-020   2.3766E-019   1.1379E-024   1.0469E-024   3.5751E-027   1.2236E-026 
  8.279447239E+014   1.5561E+002   1.1132E+002   2.0929E-003   2.6099E-005   2.3657E-008   1.1992E-008   1.2325E-011   1.1272E-011   1.9385E-013   2.1645E-013   1.7886E-017   1.6388E-017   1.2012E-019   3.0211E-020   2.3766E-019   1.1379E-024   1.0470E-024   3.5751E-027   1.2236E-026 
  8.281230843E+014   1.5602E+002   1.0449E+002   2.0929E-003   2.6099E-005   2.3658E-008   1.1992E-008   1.2325E-011   1.1272E-011   1.9385E-013   2.1646E-013   1.7886E-017   1.6388E-017   1.2012E-019   3.0211E-020   2.3766E-019   1.1379E-024   1.0470E-024   3.5752E-027   1.2236E-026 
  8.282387048E+014   1.5628E+002   1.0020E+002   2.0930E-003   2.6099E-005   2.3658E-008   1.1993E-008   1.2325E-011   1.1272E-011   1.9385E-013   2.1646E-013   1.7886E-017   1.6388E-017   1.2012E-019   3.0211E-020   2.3766E-019   1.1379E-024   1.0470E-024   3.5752E-027   1.2236E-026 
  8.283353627E+014   1.5650E+002   9.6716E+001   2.0930E-003   2.6099E-005   2.3658E-008   1.1993E-008   1.2325E-011   1.1273E-011   1.9386E-013   2.1646E-013   1.7887E-017   1.6388E-017   1.2012E-019   3.0212E-020   2.3766E-019   1.1379E-024   1.0470E-024   3.5752E-027   1.2236E-026 
  8.284019650E+014   1.5666E+002   9.4366E+001   2.0930E-003   2.6100E-005   2.3658E-008   1.1993E-008   1.2325E-011   1.1273E-011   1.9386E-013   2.1646E-013   1.7887E-017   1.6388E-017   1.2012E-019   3.0212E-020   2.3766E-019   1.1379E-024   1.0470E-024   3.5752E-027   1.2236E-026 
  8.287075335E+014   1.5737E+002   8.4177E+001   2.0930E-003   2.6100E-005   2.3658E-008   1.1993E-008   1.2325E-011   1.1273E-011   1.9386E-013   2.1646E-013   1.7887E-017   1.6388E-017   1.2012E-019   3.0212E-020   2.3767E-019   1.1380E-024   1.0470E-024   3.5752E-027   1.2236E-026 
  8.289365807E+014   1.5790E+002   7.7209E+001   2.0930E-003   2.6100E-005   2.3658E-008   1.1993E-008   1.2326E-011   1.1273E-011   1.9386E-013   2.1646E-013   1.7887E-017   1.6388E-017   1.2012E-019   3.0212E-020   2.3767E-019   1.1380E-024   1.0470E-024   3.5753E-027   1.2237E-026 
  8.291170416E+014   1.5832E+002   7.2135E+001   2.0930E-003   2.6100E-005   2.3658E-008   1.1993E-008   1.2326E-011   1.1273E-011   1.9386E-013   2.1646E-013   1.7887E-017   1.6388E-017   1.2012E-019   3.0212E-020   2.3767E-019   1.1380E-024   1.0470E-024   3.5753E-027   1.2237E-026 
  8.296395000E+014   1.5955E+002   5.9459E+001   2.0931E-003   2.6101E-005   2.3659E-008   1.1993E-008   1.2326E-011   1.1273E-011   1.9386E-013   2.1647E-013   1.7887E-017   1.6389E-017   1.2013E-019   3.0213E-020   2.3768E-019   1.1380E-024   1.0470E-024   3.5754E-027   1.2237E-026 
  8.299542614E+014   1.6030E+002   5.3152E+001   2.0931E-003   2.6101E-005   2.3659E-008   1.1993E-008   1.2326E-011   1.1273E-011   1.9387E-013   2.1647E-013   1.7888E-017   1.6389E-017   1.2013E-019   3.0213E-020   2.3768E-019   1.1380E-024   1.0470E-024   3.5754E-027   1.2237E-026 
  8.301830893E+014   1.6084E+002   4.9121E+001   2.0931E-003   2.6101E-005   2.3659E-008   1.1993E-008   1.2326E-011   1.1273E-011   1.9387E-013   2.1647E-013   1.7888E-017   1.6389E-017   1.2013E-019   3.0214E-020   2.3768E-019   1.1380E-024   1.0470E-024   3.5754E-027   1.2237E-026 
  8.306909118E+014   1.6205E+002   4.1608E+001   2.0931E-003   2.6102E-005   2.3660E-008   1.1994E-008   1.2326E-011   1.1273E-011   1.9387E-013   2.1648E-013   1.7888E-017   1.6389E-017   1.2013E-019   3.0214E-020   2.3768E-019   1.1380E-024   1.0471E-024   3.5755E-027   1.2237E-026 
  8.314328910E+014   1.6382E+002   3.3458E+001   2.0932E-003   2.6102E-005   2.3660E-008   1.1994E-008   1.2327E-011   1.1274E-011   1.9388E-013   2.1648E-013   1.7888E-017   1.6389E-017   1.2013E-019   3.0215E-020   2.3769E-019   1.1381E-024   1.0471E-024   3.5756E-027   1.2238E-026 
  8.324721467E+014   1.6631E+002   2.5936E+001   2.0933E-003   2.6103E-005   2.3661E-008   1.1994E-008   1.2327E-011   1.1274E-011   1.9388E-013   2.1649E-013   1.7889E-017   1.6390E-017   1.2014E-019   3.0216E-020   2.3770E-019   1.1381E-024   1.0471E-024   3.5757E-027   1.2238E-026 
  8.344155873E+014   1.7099E+002   1.8532E+001   2.0934E-003   2.6105E-005   2.3662E-008   1.1995E-008   1.2328E-011   1.1275E-011   1.9389E-013   2.1650E-013   1.7890E-017   1.6391E-017   1.2014E-019   3.0217E-020   2.3771E-019   1.1382E-024   1.0472E-024   3.5759E-027   1.2239E-026 
  8.356385733E+014   1.7394E+002   1.6099E+001   2.0934E-003   2.6105E-005   2.3663E-008   1.1995E-008   1.2328E-011   1.1275E-011   1.9390E-013   2.1651E-013   1.7891E-017   1.6392E-017   1.2015E-019   3.0218E-020   2.3772E-019   1.1382E-024   1.0472E-024   3.5760E-027   1.2239E-026 
  8.390655961E+014   1.8223E+002   1.2837E+001   2.0936E-003   2.6108E-005   2.3665E-008   1.1997E-008   1.2329E-011   1.1276E-011   1.9392E-013   2.1653E-013   1.7892E-017   1.6393E-017   1.2016E-019   3.0221E-020   2.3774E-019   1.1383E-024   1.0473E-024   3.5764E-027   1.2240E-026 
  8.418309774E+014   1.8892E+002   1.1756E+001   2.0938E-003   2.6110E-005   2.3667E-008   1.1997E-008   1.2330E-011   1.1277E-011   1.9393E-013   2.1655E-013   1.7894E-017   1.6394E-017   1.2017E-019   3.0224E-020   2.3776E-019   1.1384E-024   1.0474E-024   3.5766E-027   1.2241E-026 
  8.449085272E+014   1.9637E+002   1.1160E+001   2.0940E-003   2.6112E-005   2.3669E-008   1.1999E-008   1.2331E-011   1.1278E-011   1.9395E-013   2.1656E-013   1.7895E-017   1.6396E-017   1.2018E-019   3.0226E-020   2.3778E-019   1.1385E-024   1.0475E-024   3.5769E-027   1.2242E-026 
  8.490162265E+014   2.0632E+002   1.0822E+001   2.0942E-003   2.6115E-005   2.3672E-008   1.2000E-008   1.2333E-011   1.1279E-011   1.9397E-013   2.1659E-013   1.7897E-017   1.6398E-017   1.2019E-019   3.0230E-020   2.3781E-019   1.1386E-024   1.0476E-024   3.5774E-027   1.2244E-026 
  8.640402221E+014   2.4272E+002   1.1007E+001   2.0951E-003   2.6126E-005   2.3682E-008   1.2005E-008   1.2338E-011   1.1284E-011   1.9406E-013   2.1668E-013   1.7905E-017   1.6405E-017   1.2024E-019   3.0243E-020   2.3791E-019   1.1391E-024   1.0480E-024   3.5789E-027   1.2249E-026 
  8.798373622E+014   2.8098E+002   1.1702E+001   2.0960E-003   2.6138E-005   2.3692E-008   1.2010E-008   1.2343E-011   1.1289E-011   1.9414E-013   2.1678E-013   1.7913E-017   1.6412E-017   1.2030E-019   3.0256E-020   2.3801E-019   1.1396E-024   1.0485E-024   3.5804E-027   1.2254E-026 
  8.806993428E+014   2.8306E+002   1.1740E+001   2.0961E-003   2.6138E-005   2.3693E-008   1.2010E-008   1.2344E-011   1.1289E-011   1.9414E-013   2.1678E-013   1.7913E-017   1.6412E-017   1.2030E-019   3.0257E-020   2.3802E-019   1.1396E-024   1.0485E-024   3.5805E-027   1.2254E-026 
  8.810952964E+014   2.8402E+002   1.1758E+001   2.0961E-003   2.6139E-005   2.3693E-008   1.2011E-008   1.2344E-011   1.1289E-011   1.9415E-013   2.1678E-013   1.7913E-017   1.6412E-017   1.2030E-019   3.0257E-020   2.3802E-019   1.1396E-024   1.0485E-024   3.5806E-027   1.2255E-026 
  8.813929913E+014   2.8474E+002   1.1771E+001   2.0961E-003   2.6139E-005   2.3693E-008   1.2011E-008   1.2344E-011   1.1290E-011   1.9415E-013   2.1678E-013   1.7914E-017   1.6413E-017   1.2030E-019   3.0257E-020   2.3802E-019   1.1397E-024   1.0486E-024   3.5806E-027   1.2255E-026 
  8.884433659E+014   3.0181E+002   1.2073E+001   2.0965E-003   2.6144E-005   2.3698E-008   1.2013E-008   1.2346E-011   1.1292E-011   1.9419E-013   2.1683E-013   1.7917E-017   1.6416E-017   1.2032E-019   3.0263E-020   2.3807E-019   1.1399E-024   1.0488E-024   3.5813E-027   1.2257E-026 
  9.044113132E+014   3.4046E+002   1.2678E+001   2.0974E-003   2.6155E-005   2.3708E-008   1.2018E-008   1.2351E-011   1.1297E-011   1.9427E-013   2.1692E-013   1.7925E-017   1.6423E-017   1.2038E-019   3.0276E-020   2.3817E-019   1.1404E-024   1.0492E-024   3.5828E-027   1.2262E-026 
  9.161266635E+014   3.6881E+002   1.3051E+001   2.0981E-003   2.6163E-005   2.3715E-008   1.2022E-008   1.2355E-011   1.1300E-011   1.9433E-013   2.1699E-013   1.7930E-017   1.6428E-017   1.2041E-019   3.0285E-020   2.3824E-019   1.1407E-024   1.0495E-024   3.5839E-027   1.2266E-026 
  9.180022588E+014   3.7334E+002   1.3105E+001   2.0982E-003   2.6164E-005   2.3717E-008   1.2022E-008   1.2356E-011   1.1301E-011   1.9434E-013   2.1700E-013   1.7931E-017   1.6429E-017   1.2042E-019   3.0287E-020   2.3826E-019   1.1408E-024   1.0496E-024   3.5841E-027   1.2267E-026 
  9.190282938E+014   3.7583E+002   1.3134E+001   2.0982E-003   2.6165E-005   2.3717E-008   1.2023E-008   1.2356E-011   1.1301E-011   1.9434E-013   2.1700E-013   1.7932E-017   1.6429E-017   1.2042E-019   3.0288E-020   2.3826E-019   1.1408E-024   1.0496E-024   3.5842E-027   1.2267E-026 
  9.300615265E+014   4.0252E+002   1.3424E+001   2.0988E-003   2.6173E-005   2.3724E-008   1.2026E-008   1.2360E-011   1.1304E-011   1.9440E-013   2.1706E-013   1.7937E-017   1.6434E-017   1.2046E-019   3.0296E-020   2.3833E-019   1.1411E-024   1.0499E-024   3.5852E-027   1.2271E-026 
  9.338122760E+014   4.1159E+002   1.3513E+001   2.0990E-003   2.6175E-005   2.3726E-008   1.2027E-008   1.2361E-011   1.1305E-011   1.9442E-013   2.1709E-013   1.7938E-017   1.6435E-017   1.2047E-019   3.0299E-020   2.3835E-019   1.1412E-024   1.0500E-024   3.5856E-027   1.2272E-026 
  9.361558884E+014   4.1726E+002   1.3566E+001   2.0992E-003   2.6177E-005   2.3728E-008   1.2028E-008   1.2362E-011   1.1306E-011   1.9443E-013   2.1710E-013   1.7939E-017   1.6436E-017   1.2048E-019   3.0301E-020   2.3837E-019   1.1413E-024   1.0501E-024   3.5858E-027   1.2272E-026 
  9.553949578E+014   4.6379E+002   1.3941E+001   2.1002E-003   2.6190E-005   2.3739E-008   1.2034E-008   1.2368E-011   1.1311E-011   1.9452E-013   2.1720E-013   1.7948E-017   1.6444E-017   1.2053E-019   3.0316E-020   2.3848E-019   1.1419E-024   1.0506E-024   3.5875E-027   1.2278E-026 
  9.746654460E+014   5.1039E+002   1.4225E+001   2.1012E-003   2.6202E-005   2.3751E-008   1.2040E-008   1.2374E-011   1.1317E-011   1.9462E-013   2.1731E-013   1.7957E-017   1.6452E-017   1.2059E-019   3.0330E-020   2.3860E-019   1.1424E-024   1.0511E-024   3.5892E-027   1.2284E-026 
  9.986487234E+014   5.6837E+002   1.4482E+001   2.1024E-003   2.6217E-005   2.3765E-008   1.2047E-008   1.2381E-011   1.1323E-011   1.9473E-013   2.1744E-013   1.7967E-017   1.6462E-017   1.2066E-019   3.0348E-020   2.3874E-019   1.1431E-024   1.0517E-024   3.5913E-027   1.2292E-026 
  1.009148047E+015   5.9376E+002   1.4568E+001   2.1030E-003   2.6224E-005   2.3771E-008   1.2050E-008   1.2384E-011   1.1326E-011   1.9478E-013   2.1749E-013   1.7972E-017   1.6466E-017   1.2069E-019   3.0356E-020   2.3880E-019   1.1434E-024   1.0520E-024   3.5922E-027   1.2295E-026 
  1.034787379E+015   6.5574E+002   1.4729E+001   2.1042E-003   2.6240E-005   2.3785E-008   1.2057E-008   1.2392E-011   1.1333E-011   1.9490E-013   2.1762E-013   1.7983E-017   1.6476E-017   1.2077E-019   3.0374E-020   2.3894E-019   1.1441E-024   1.0526E-024   3.5944E-027   1.2302E-026 
  1.111169056E+015   8.4036E+002   1.4958E+001   2.1078E-003   2.6285E-005   2.3826E-008   1.2078E-008   1.2413E-011   1.1353E-011   1.9523E-013   2.1800E-013   1.8014E-017   1.6504E-017   1.2097E-019   3.0426E-020   2.3935E-019   1.1460E-024   1.0544E-024   3.6006E-027   1.2323E-026 
