     distance         timeN            Tn          572.         1215.           24.         1764.         2359.         2405.           23.         2400.         2951.         2995.           21.           25.         2948.         3540.         3581.           20.         3575. 
  1.000000000E+005   1.2676E-009   1.0000E+001   1.9746E-005   2.4623E-007   2.2320E-010   1.1314E-010   1.1628E-013   1.0635E-013   1.8289E-015   2.0422E-015   1.6875E-019   1.5461E-019   1.1333E-021   2.8503E-022   2.2422E-021   1.0736E-026   9.8776E-027   3.3730E-029   1.1544E-028 
  7.023518923E+005   8.9027E-009   1.0000E+001   1.9746E-005   2.4623E-007   2.2320E-010   1.1314E-010   1.1628E-013   1.0635E-013   1.8289E-015   2.0422E-015   1.6875E-019   1.5461E-019   1.1333E-021   2.8503E-022   2.2422E-021   1.0736E-026   9.8776E-027   3.3730E-029   1.1544E-028 
  5.010482483E+006   6.3510E-008   1.0000E+001   1.9746E-005   2.4623E-007   2.2320E-010   1.1314E-010   1.1628E-013   1.0635E-013   1.8289E-015   2.0422E-015   1.6875E-019   1.5461E-019   1.1333E-021   2.8503E-022   2.2422E-021   1.0736E-026   9.8776E-027   3.3730E-029   1.1544E-028 
  2.258623810E+007   2.8629E-007   1.0000E+001   1.9746E-005   2.4623E-007   2.2320E-010   1.1314E-010   1.1628E-013   1.0635E-013   1.8289E-015   2.0422E-015   1.6875E-019   1.5461E-019   1.1333E-021   2.8503E-022   2.2422E-021   1.0736E-026   9.8776E-027   3.3730E-029   1.1544E-028 
  5.163112052E+007   6.5445E-007   1.0000E+001   1.9746E-005   2.4623E-007   2.2320E-010   1.1314E-010   1.1628E-013   1.0635E-013   1.8289E-015   2.0422E-015   1.6875E-019   1.5461E-019   1.1333E-021   2.8503E-022   2.2422E-021   1.0736E-026   9.8776E-027   3.3730E-029   1.1544E-028 
  8.067600293E+007   1.0226E-006   1.0000E+001   1.9746E-005   2.4623E-007   2.2320E-010   1.1314E-010   1.1628E-013   1.0635E-013   1.8289E-015   2.0422E-015   1.6875E-019   1.5461E-019   1.1333E-021   2.8503E-022   2.2422E-021   1.0736E-026   9.8776E-027   3.3730E-029   1.1544E-028 
  1.097208853E+008   1.3908E-006   1.0000E+001   1.9746E-005   2.4623E-007   2.2320E-010   1.1314E-010   1.1628E-013   1.0635E-013   1.8289E-015   2.0422E-015   1.6875E-019   1.5461E-019   1.1333E-021   2.8503E-022   2.2422E-021   1.0736E-026   9.8776E-027   3.3730E-029   1.1544E-028 
  2.047371493E+008   2.5951E-006   1.0000E+001   1.9746E-005   2.4623E-007   2.2320E-010   1.1314E-010   1.1628E-013   1.0635E-013   1.8289E-015   2.0422E-015   1.6875E-019   1.5461E-019   1.1333E-021   2.8503E-022   2.2422E-021   1.0736E-026   9.8776E-027   3.3730E-029   1.1544E-028 
  1.503523267E+009   1.9058E-005   1.0000E+001   1.9746E-005   2.4623E-007   2.2320E-010   1.1314E-010   1.1628E-013   1.0635E-013   1.8289E-015   2.0422E-015   1.6875E-019   1.5461E-019   1.1333E-021   2.8503E-022   2.2422E-021   1.0736E-026   9.8776E-027   3.3730E-029   1.1544E-028 
  9.786887936E+009   1.2405E-004   1.0000E+001   1.9746E-005   2.4623E-007   2.2320E-010   1.1314E-010   1.1628E-013   1.0635E-013   1.8289E-015   2.0422E-015   1.6875E-019   1.5461E-019   1.1333E-021   2.8503E-022   2.2422E-021   1.0736E-026   9.8776E-027   3.3730E-029   1.1544E-028 
  5.435724653E+010   6.8901E-004   1.0000E+001   1.9746E-005   2.4623E-007   2.2320E-010   1.1314E-010   1.1628E-013   1.0635E-013   1.8289E-015   2.0422E-015   1.6875E-019   1.5461E-019   1.1333E-021   2.8503E-022   2.2422E-021   1.0736E-026   9.8776E-027   3.3730E-029   1.1544E-028 
  1.183174470E+011   1.4997E-003   1.0000E+001   1.9746E-005   2.4623E-007   2.2320E-010   1.1314E-010   1.1628E-013   1.0635E-013   1.8289E-015   2.0422E-015   1.6875E-019   1.5461E-019   1.1333E-021   2.8503E-022   2.2422E-021   1.0736E-026   9.8776E-027   3.3730E-029   1.1544E-028 
  1.822776475E+011   2.3105E-003   1.0000E+001   1.9746E-005   2.4623E-007   2.2320E-010   1.1314E-010   1.1628E-013   1.0635E-013   1.8289E-015   2.0422E-015   1.6875E-019   1.5461E-019   1.1333E-021   2.8503E-022   2.2422E-021   1.0736E-026   9.8776E-027   3.3730E-029   1.1544E-028 
  2.528230723E+011   3.2047E-003   1.0000E+001   1.9746E-005   2.4623E-007   2.2320E-010   1.1314E-010   1.1628E-013   1.0635E-013   1.8289E-015   2.0422E-015   1.6875E-019   1.5461E-019   1.1333E-021   2.8503E-022   2.2422E-021   1.0736E-026   9.8776E-027   3.3730E-029   1.1544E-028 
  8.718969684E+011   1.1052E-002   1.0000E+001   1.9746E-005   2.4623E-007   2.2320E-010   1.1314E-010   1.1628E-013   1.0635E-013   1.8289E-015   2.0422E-015   1.6875E-019   1.5461E-019   1.1333E-021   2.8503E-022   2.2422E-021   1.0736E-026   9.8776E-027   3.3730E-029   1.1544E-028 
  2.135810101E+012   2.7072E-002   1.0000E+001   1.9746E-005   2.4623E-007   2.2320E-010   1.1314E-010   1.1628E-013   1.0635E-013   1.8289E-015   2.0422E-015   1.6875E-019   1.5461E-019   1.1333E-021   2.8503E-022   2.2422E-021   1.0736E-026   9.8776E-027   3.3730E-029   1.1544E-028 
  8.140915764E+012   1.0319E-001   1.0000E+001   1.9746E-005   2.4623E-007   2.2320E-010   1.1314E-010   1.1628E-013   1.0635E-013   1.8289E-015   2.0422E-015   1.6875E-019   1.5461E-019   1.1333E-021   2.8503E-022   2.2422E-021   1.0736E-026   9.8776E-027   3.3730E-029   1.1544E-028 
  3.361321611E+013   4.2606E-001   9.9999E+000   1.9746E-005   2.4623E-007   2.2320E-010   1.1314E-010   1.1628E-013   1.0635E-013   1.8289E-015   2.0422E-015   1.6875E-019   1.5461E-019   1.1333E-021   2.8503E-022   2.2422E-021   1.0736E-026   9.8776E-027   3.3730E-029   1.1544E-028 
  1.232722470E+014   1.5625E+000   9.9998E+000   1.9746E-005   2.4623E-007   2.2320E-010   1.1314E-010   1.1628E-013   1.0635E-013   1.8289E-015   2.0422E-015   1.6875E-019   1.5461E-019   1.1333E-021   2.8503E-022   2.2422E-021   1.0736E-026   9.8776E-027   3.3730E-029   1.1544E-028 
  6.900748874E+014   8.7471E+000   9.9986E+000   1.9746E-005   2.4623E-007   2.2320E-010   1.1314E-010   1.1628E-013   1.0635E-013   1.8289E-015   2.0422E-015   1.6875E-019   1.5461E-019   1.1333E-021   2.8503E-022   2.2422E-021   1.0736E-026   9.8776E-027   3.3730E-029   1.1544E-028 
  1.631803929E+015   2.0684E+001   9.9967E+000   1.9746E-005   2.4623E-007   2.2320E-010   1.1314E-010   1.1628E-013   1.0635E-013   1.8289E-015   2.0422E-015   1.6875E-019   1.5461E-019   1.1333E-021   2.8503E-022   2.2422E-021   1.0736E-026   9.8776E-027   3.3730E-029   1.1544E-028 
  2.573532971E+015   3.2621E+001   9.9948E+000   1.9746E-005   2.4623E-007   2.2320E-010   1.1314E-010   1.1628E-013   1.0635E-013   1.8289E-015   2.0422E-015   1.6875E-019   1.5461E-019   1.1333E-021   2.8503E-022   2.2422E-021   1.0736E-026   9.8776E-027   3.3730E-029   1.1544E-028 
  3.837665157E+015   4.8644E+001   9.9923E+000   1.9746E-005   2.4623E-007   2.2320E-010   1.1314E-010   1.1628E-013   1.0635E-013   1.8289E-015   2.0422E-015   1.6875E-019   1.5461E-019   1.1333E-021   2.8503E-022   2.2422E-021   1.0736E-026   9.8776E-027   3.3730E-029   1.1544E-028 
  2.347985182E+016   2.9762E+002   9.9533E+000   1.9746E-005   2.4623E-007   2.2320E-010   1.1314E-010   1.1628E-013   1.0635E-013   1.8289E-015   2.0422E-015   1.6875E-019   1.5461E-019   1.1333E-021   2.8503E-022   2.2422E-021   1.0736E-026   9.8776E-027   3.3730E-029   1.1544E-028 
  9.116676809E+016   1.1556E+003   9.8258E+000   1.9746E-005   2.4623E-007   2.2320E-010   1.1314E-010   1.1628E-013   1.0635E-013   1.8289E-015   2.0422E-015   1.6875E-019   1.5461E-019   1.1333E-021   2.8503E-022   2.2422E-021   1.0736E-026   9.8776E-027   3.3730E-029   1.1544E-028 
  1.647828898E+017   2.0887E+003   9.6987E+000   1.9746E-005   2.4623E-007   2.2320E-010   1.1314E-010   1.1628E-013   1.0635E-013   1.8289E-015   2.0422E-015   1.6875E-019   1.5461E-019   1.1333E-021   2.8503E-022   2.2422E-021   1.0736E-026   9.8776E-027   3.3730E-029   1.1544E-028 
  2.383990116E+017   3.0218E+003   9.5826E+000   1.9746E-005   2.4623E-007   2.2320E-010   1.1314E-010   1.1628E-013   1.0635E-013   1.8289E-015   2.0422E-015   1.6875E-019   1.5461E-019   1.1333E-021   2.8503E-022   2.2422E-021   1.0736E-026   9.8776E-027   3.3730E-029   1.1544E-028 
  7.887101696E+017   9.9973E+003   8.9768E+000   1.9746E-005   2.4623E-007   2.2320E-010   1.1314E-010   1.1628E-013   1.0635E-013   1.8289E-015   2.0422E-015   1.6875E-019   1.5461E-019   1.1333E-021   2.8503E-022   2.2422E-021   1.0736E-026   9.8776E-027   3.3730E-029   1.1544E-028 
  2.870984921E+018   3.6391E+004   8.3681E+000   1.9746E-005   2.4623E-007   2.2320E-010   1.1314E-010   1.1628E-013   1.0635E-013   1.8289E-015   2.0422E-015   1.6875E-019   1.5461E-019   1.1333E-021   2.8503E-022   2.2422E-021   1.0736E-026   9.8776E-027   3.3730E-029   1.1544E-028 
  5.575657559E+018   7.0674E+004   8.3062E+000   1.9746E-005   2.4623E-007   2.2320E-010   1.1314E-010   1.1628E-013   1.0635E-013   1.8289E-015   2.0422E-015   1.6875E-019   1.5461E-019   1.1333E-021   2.8503E-022   2.2422E-021   1.0736E-026   9.8776E-027   3.3730E-029   1.1544E-028 
  1.546905962E+019   1.9608E+005   8.2937E+000   1.9746E-005   2.4623E-007   2.2320E-010   1.1314E-010   1.1628E-013   1.0635E-013   1.8289E-015   2.0422E-015   1.6875E-019   1.5461E-019   1.1333E-021   2.8503E-022   2.2422E-021   1.0736E-026   9.8776E-027   3.3730E-029   1.1544E-028 
