     distance         timeN            Tn         0.000        27.476        85.781       122.396       123.542       170.418       236.737       237.826       285.602       379.445       380.467       406.866       408.068       427.106       550.377       551.325       598.676 
  1.000000000E+005   1.2676E-009   1.0003E+001   1.8590E-006   3.5739E-007   1.7492E-009   6.2919E-011   5.6108E-011   5.1669E-013   8.7533E-016   7.8502E-016   6.6066E-018   6.7856E-022   6.1266E-022   5.1675E-023   4.5820E-023   5.7768E-024   3.0245E-029   2.7509E-029   2.4158E-031 
  3.277596944E+005   4.1556E-009   1.0032E+001   1.8599E-006   3.5755E-007   1.7500E-009   6.2948E-011   5.6135E-011   5.1693E-013   8.7574E-016   7.8539E-016   6.6097E-018   6.7888E-022   6.1295E-022   5.1699E-023   4.5842E-023   5.7796E-024   3.0259E-029   2.7522E-029   2.4170E-031 
  1.573974732E+006   2.0008E-008   1.3704E+001   1.8733E-006   3.6013E-007   1.7626E-009   6.3402E-011   5.6539E-011   5.2065E-013   8.8205E-016   7.9105E-016   6.6573E-018   6.8377E-022   6.1737E-022   5.2072E-023   4.6172E-023   5.8212E-024   3.0477E-029   2.7720E-029   2.4344E-031 
  2.692993440E+006   3.4389E-008   3.5678E+001   1.8979E-006   3.6487E-007   1.7858E-009   6.4236E-011   5.7283E-011   5.2750E-013   8.9366E-016   8.0146E-016   6.7449E-018   6.9277E-022   6.2549E-022   5.2757E-023   4.6779E-023   5.8978E-024   3.0878E-029   2.8085E-029   2.4664E-031 
  3.685789223E+006   4.7342E-008   9.2133E+001   1.9303E-006   3.7108E-007   1.8162E-009   6.5330E-011   5.8258E-011   5.3648E-013   9.0887E-016   8.1510E-016   6.8597E-018   7.0456E-022   6.3614E-022   5.3655E-023   4.7576E-023   5.9982E-024   3.1404E-029   2.8563E-029   2.5084E-031 
  4.854790880E+006   6.2925E-008   2.3947E+002   1.9816E-006   3.8096E-007   1.8645E-009   6.7068E-011   5.9809E-011   5.5076E-013   9.3306E-016   8.3679E-016   7.0423E-018   7.2331E-022   6.5307E-022   5.5083E-023   4.8842E-023   6.1578E-024   3.2240E-029   2.9323E-029   2.5752E-031 
  6.023792537E+006   7.8978E-008   5.2173E+002   2.0486E-006   3.9383E-007   1.9275E-009   6.9334E-011   6.1829E-011   5.6937E-013   9.6458E-016   8.6507E-016   7.2802E-018   7.4775E-022   6.7513E-022   5.6944E-023   5.0492E-023   6.3659E-024   3.3329E-029   3.0314E-029   2.6622E-031 
  7.192794193E+006   9.5632E-008   9.9259E+002   2.1327E-006   4.1000E-007   2.0067E-009   7.2182E-011   6.4369E-011   5.9275E-013   1.0042E-015   9.0059E-016   7.5792E-018   7.7846E-022   7.0286E-022   5.9283E-023   5.2566E-023   6.6273E-024   3.4698E-029   3.1559E-029   2.7715E-031 
  8.361795850E+006   1.1303E-007   1.7045E+003   2.2360E-006   4.2987E-007   2.1039E-009   7.5679E-011   6.7487E-011   6.2147E-013   1.0528E-015   9.4423E-016   7.9464E-018   8.1617E-022   7.3691E-022   6.2155E-023   5.5113E-023   6.9484E-024   3.6379E-029   3.3088E-029   2.9058E-031 
  9.530797507E+006   1.3134E-007   2.7032E+003   2.3611E-006   4.5391E-007   2.2216E-009   7.9911E-011   7.1262E-011   6.5623E-013   1.1117E-015   9.9703E-016   8.3908E-018   8.6182E-022   7.7813E-022   6.5631E-023   5.8195E-023   7.3370E-024   3.8413E-029   3.4938E-029   3.0683E-031 
  1.069979916E+007   1.5074E-007   4.0228E+003   2.5109E-006   4.8271E-007   2.3626E-009   8.4982E-011   7.5784E-011   6.9787E-013   1.1823E-015   1.0603E-015   8.9233E-018   9.1651E-022   8.2751E-022   6.9796E-023   6.1888E-023   7.8026E-024   4.0851E-029   3.7155E-029   3.2630E-031 
  1.256066231E+007   1.8442E-007   6.8228E+003   2.8098E-006   5.4017E-007   2.6438E-009   9.5098E-011   8.4804E-011   7.8094E-013   1.3230E-015   1.1865E-015   9.9854E-018   1.0256E-021   9.2600E-022   7.8104E-023   6.9254E-023   8.7313E-024   4.5714E-029   4.1578E-029   3.6514E-031 
  1.708620057E+007   2.8704E-007   1.6684E+004   3.9523E-006   7.5980E-007   3.7187E-009   1.3377E-010   1.1929E-010   1.0985E-012   1.8609E-015   1.6690E-015   1.4046E-017   1.4426E-021   1.3025E-021   1.0986E-022   9.7413E-023   1.2282E-023   6.4301E-029   5.8484E-029   5.1361E-031 
  2.431497474E+007   5.5373E-007   3.1842E+004   6.9728E-006   1.3405E-006   6.5608E-009   2.3600E-010   2.1045E-010   1.9380E-012   3.2832E-015   2.9445E-015   2.4780E-017   2.5451E-021   2.2980E-021   1.9382E-022   1.7186E-022   2.1668E-023   1.1344E-028   1.0318E-028   9.0614E-031 
  2.698824477E+007   6.8597E-007   3.3415E+004   7.5134E-006   1.4444E-006   7.0695E-009   2.5429E-010   2.2677E-010   2.0882E-012   3.5377E-015   3.1727E-015   2.6701E-017   2.7425E-021   2.4761E-021   2.0885E-022   1.8519E-022   2.3348E-023   1.2224E-028   1.1118E-028   9.7639E-031 
  2.699596932E+007   6.8636E-007   3.3415E+004   7.5136E-006   1.4444E-006   7.0696E-009   2.5430E-010   2.2677E-010   2.0883E-012   3.5378E-015   3.1728E-015   2.6702E-017   2.7425E-021   2.4762E-021   2.0885E-022   1.8519E-022   2.3348E-023   1.2224E-028   1.1118E-028   9.7641E-031 
  2.930484190E+007   8.0332E-007   3.3414E+004   7.5542E-006   1.4523E-006   7.1079E-009   2.5567E-010   2.2800E-010   2.0996E-012   3.5569E-015   3.1900E-015   2.6846E-017   2.7574E-021   2.4896E-021   2.0998E-022   1.8619E-022   2.3474E-023   1.2290E-028   1.1178E-028   9.8169E-031 
  3.892944018E+007   1.2909E-006   3.3413E+004   7.7428E-006   1.4885E-006   7.2853E-009   2.6205E-010   2.3369E-010   2.1520E-012   3.6457E-015   3.2696E-015   2.7516E-017   2.8262E-021   2.5517E-021   2.1522E-022   1.9084E-022   2.4060E-023   1.2597E-028   1.1457E-028   1.0062E-030 
  5.723026515E+007   2.2179E-006   3.3411E+004   8.2653E-006   1.5890E-006   7.7769E-009   2.7974E-010   2.4946E-010   2.2972E-012   3.8918E-015   3.4902E-015   2.9373E-017   3.0169E-021   2.7239E-021   2.2975E-022   2.0372E-022   2.5684E-023   1.3447E-028   1.2231E-028   1.0741E-030 
  9.645062676E+007   4.2050E-006   3.3407E+004   1.0832E-005   2.0823E-006   1.0192E-008   3.6660E-010   3.2691E-010   3.0105E-012   5.1001E-015   4.5739E-015   3.8493E-017   3.9536E-021   3.5697E-021   3.0108E-022   2.6697E-022   3.3659E-023   1.7622E-028   1.6028E-028   1.4076E-030 
  1.478766991E+008   6.8108E-006   3.3402E+004   1.9319E-005   3.7139E-006   1.8177E-008   6.5384E-010   5.8307E-010   5.3693E-012   9.0962E-015   8.1578E-015   6.8654E-017   7.0515E-021   6.3667E-021   5.3700E-022   4.7615E-022   6.0032E-023   3.1430E-028   2.8587E-028   2.5105E-030 
  1.836939863E+008   8.6260E-006   3.3398E+004   3.0081E-005   5.7829E-006   2.8304E-008   1.0181E-009   9.0790E-010   8.3606E-012   1.4164E-014   1.2703E-014   1.0690E-016   1.0980E-020   9.9136E-021   8.3616E-022   7.4142E-022   9.3476E-023   4.8940E-028   4.4513E-028   3.9091E-030 
  2.602677954E+008   1.2507E-005   3.3390E+004   7.0497E-005   1.3553E-005   6.6332E-008   2.3860E-009   2.1277E-009   1.9594E-011   3.3194E-014   2.9769E-014   2.5053E-016   2.5732E-020   2.3233E-020   1.9596E-021   1.7376E-021   2.1907E-022   1.1469E-027   1.0432E-027   9.1613E-030 
  4.717893789E+008   2.3235E-005   3.3367E+004   3.4284E-004   6.5910E-005   3.2259E-007   1.1604E-008   1.0348E-008   9.5288E-011   1.6143E-013   1.4477E-013   1.2184E-015   1.2514E-019   1.1299E-019   9.5300E-021   8.4502E-021   1.0654E-021   5.5778E-027   5.0732E-027   4.4553E-029 
  7.756203642E+008   3.8659E-005   3.3333E+004   1.2325E-003   2.3695E-004   1.1597E-006   4.1715E-008   3.7200E-008   3.4256E-010   5.8034E-013   5.2047E-013   4.3802E-015   4.4988E-019   4.0620E-019   3.4261E-020   3.0379E-020   3.8301E-021   2.0053E-026   1.8238E-026   1.6017E-028 
  1.362008401E+009   6.8477E-005   3.3266E+004   4.6908E-003   9.0178E-004   4.4136E-006   1.5876E-007   1.4158E-007   1.3037E-009   2.2087E-012   1.9808E-012   1.6670E-014   1.7122E-018   1.5459E-018   1.3039E-019   1.1562E-019   1.4577E-020   7.6316E-026   6.9412E-026   6.0958E-028 
  2.468838384E+009   1.2495E-004   3.3134E+004   1.6729E-002   3.2161E-003   1.5741E-005   5.6620E-007   5.0491E-007   4.6496E-009   7.8770E-012   7.0643E-012   5.9452E-014   6.1063E-018   5.5133E-018   4.6502E-019   4.1233E-019   5.1985E-020   2.7217E-025   2.4755E-025   2.1740E-027 
  3.671989515E+009   1.8664E-004   3.2984E+004   3.6167E-002   6.9529E-003   3.4030E-005   1.2241E-006   1.0916E-006   1.0052E-008   1.7029E-011   1.5272E-011   1.2853E-013   1.3201E-017   1.1919E-017   1.0053E-018   8.9142E-019   1.1239E-019   5.8841E-025   5.3518E-025   4.7000E-027 
  7.375119935E+009   3.7863E-004   3.2486E+004   1.1910E-001   2.2897E-002   1.1207E-004   4.0310E-006   3.5947E-006   3.3103E-008   5.6080E-011   5.0294E-011   4.2327E-013   4.3474E-017   3.9252E-017   3.3107E-018   2.9356E-018   3.7011E-019   1.9377E-024   1.7624E-024   1.5478E-026 
  1.485303951E+010   7.7767E-004   3.1316E+004   2.9990E-001   5.7655E-002   2.8218E-004   1.0150E-005   9.0516E-006   8.3354E-008   1.4121E-010   1.2664E-010   1.0658E-012   1.0947E-016   9.8837E-017   8.3364E-018   7.3919E-018   9.3194E-019   4.8792E-024   4.4378E-024   3.8973E-026 
  2.097226566E+010   1.1179E-003   3.0188E+004   4.1048E-001   7.8912E-002   3.8622E-004   1.3893E-005   1.2389E-005   1.1409E-007   1.9327E-010   1.7333E-010   1.4587E-012   1.4983E-016   1.3528E-016   1.1410E-017   1.0117E-017   1.2755E-018   6.6782E-024   6.0740E-024   5.3343E-026 
  2.586395657E+010   1.4004E-003   2.9183E+004   4.6637E-001   8.9657E-002   4.3881E-004   1.5784E-005   1.4076E-005   1.2962E-007   2.1959E-010   1.9694E-010   1.6574E-012   1.7023E-016   1.5370E-016   1.2964E-017   1.1495E-017   1.4492E-018   7.5876E-024   6.9011E-024   6.0606E-026 
  4.247073082E+010   2.4414E-003   2.5459E+004   4.5827E-001   8.8099E-002   4.3119E-004   1.5510E-005   1.3831E-005   1.2737E-007   2.1578E-010   1.9351E-010   1.6286E-012   1.6727E-016   1.5103E-016   1.2738E-017   1.1295E-017   1.4240E-018   7.4557E-024   6.7812E-024   5.9553E-026 
  5.423624118E+010   3.2498E-003   2.3139E+004   3.2896E-001   6.3240E-002   3.0952E-004   1.1134E-005   9.9284E-006   9.1428E-008   1.5489E-010   1.3891E-010   1.1690E-012   1.2007E-016   1.0841E-016   9.1439E-018   8.1079E-018   1.0222E-018   5.3519E-024   4.8677E-024   4.2749E-026 
  6.292441705E+010   3.8686E-003   2.1741E+004   2.2651E-001   4.3546E-002   2.1313E-004   7.6664E-006   6.8365E-006   6.2956E-008   1.0665E-010   9.5651E-011   8.0498E-013   8.2679E-017   7.4650E-017   6.2964E-018   5.5830E-018   7.0388E-019   3.6852E-024   3.3518E-024   2.9436E-026 
  8.411011849E+010   5.4083E-003   1.8959E+004   6.9063E-002   1.3277E-002   6.4982E-005   2.3374E-006   2.0844E-006   1.9195E-008   3.2519E-011   2.9164E-011   2.4543E-013   2.5209E-017   2.2761E-017   1.9197E-018   1.7022E-018   2.1461E-019   1.1236E-024   1.0220E-024   8.9749E-027 
  1.083101482E+011   7.2038E-003   1.6694E+004   1.2460E-002   2.3954E-003   1.1724E-005   4.2172E-007   3.7608E-007   3.4632E-009   5.8670E-012   5.2617E-012   4.4282E-014   4.5482E-018   4.1065E-018   3.4636E-019   3.0712E-019   3.8720E-020   2.0272E-025   1.8438E-025   1.6193E-027 
  1.211767408E+011   8.1735E-003   1.5856E+004   4.4883E-003   8.6284E-004   4.2230E-006   1.5191E-007   1.3546E-007   1.2474E-009   2.1133E-012   1.8953E-012   1.5950E-014   1.6382E-018   1.4792E-018   1.2476E-019   1.1062E-019   1.3947E-020   7.3021E-026   6.6415E-026   5.8326E-028 
  1.249047645E+011   8.4562E-003   1.5652E+004   3.3116E-003   6.3663E-004   3.1159E-006   1.1208E-007   9.9949E-008   9.2040E-010   1.5593E-012   1.3984E-012   1.1769E-014   1.2088E-018   1.0914E-018   9.2052E-020   8.1622E-020   1.0291E-020   5.3877E-026   4.9003E-026   4.3035E-028 
  1.582169745E+011   1.1013E-002   1.4384E+004   2.2435E-004   4.3130E-005   2.1109E-007   7.5931E-009   6.7712E-009   6.2355E-011   1.0564E-013   9.4737E-014   7.9729E-016   8.1889E-020   7.3937E-020   6.2362E-021   5.5296E-021   6.9716E-022   3.6500E-027   3.3198E-027   2.9155E-029 
  1.931668970E+011   1.3739E-002   1.3716E+004   1.9877E-005   3.8213E-006   1.8703E-008   6.7275E-010   5.9993E-010   5.5246E-012   9.3593E-015   8.3937E-015   7.0639E-017   7.2553E-021   6.5508E-021   5.5253E-022   4.8992E-022   6.1768E-023   3.2339E-028   2.9413E-028   2.5831E-030 
  2.529834143E+011   1.8458E-002   1.3236E+004   8.9906E-007   1.7284E-007   8.4594E-010   3.0429E-011   2.7135E-011   2.4988E-013   4.2333E-016   3.7965E-016   3.1951E-018   3.2817E-022   2.9630E-022   2.4991E-023   2.2160E-023   2.7938E-024   1.4627E-029   1.3304E-029   1.1684E-031 
  3.414931496E+011   2.5492E-002   1.3042E+004   2.6683E-007   5.1297E-008   2.5107E-010   9.0310E-012   8.0534E-012   7.4162E-014   1.2564E-016   1.1268E-016   9.4826E-019   9.7396E-023   8.7938E-023   7.4171E-024   6.5767E-024   8.2917E-025   4.3412E-030   3.9484E-030   3.4675E-032 
  4.166800967E+011   3.1480E-002   1.3004E+004   2.5361E-007   4.8756E-008   2.3863E-010   8.5835E-012   7.6544E-012   7.0488E-014   1.1941E-016   1.0709E-016   9.0128E-019   9.2571E-023   8.3581E-023   7.0496E-024   6.2509E-024   7.8809E-025   4.1261E-030   3.7528E-030   3.2958E-032 
  5.524792842E+011   4.2301E-002   1.2991E+004   2.5040E-007   4.8137E-008   2.3560E-010   8.4747E-012   7.5574E-012   6.9594E-014   1.1790E-016   1.0574E-016   8.8986E-019   9.1397E-023   8.2521E-023   6.9602E-024   6.1716E-024   7.7810E-025   4.0738E-030   3.7052E-030   3.2540E-032 
  6.970246516E+011   5.3822E-002   1.2989E+004   2.4962E-007   4.7988E-008   2.3487E-010   8.4485E-012   7.5340E-012   6.9378E-014   1.1754E-016   1.0541E-016   8.8710E-019   9.1114E-023   8.2266E-023   6.9387E-024   6.1525E-024   7.7569E-025   4.0612E-030   3.6938E-030   3.2439E-032 
  7.646357559E+011   5.9211E-002   1.2989E+004   2.4936E-007   4.7938E-008   2.3462E-010   8.4396E-012   7.5260E-012   6.9305E-014   1.1741E-016   1.0530E-016   8.8617E-019   9.1018E-023   8.2179E-023   6.9314E-024   6.1460E-024   7.7487E-025   4.0569E-030   3.6899E-030   3.2405E-032 
  8.102750180E+011   6.2849E-002   1.2988E+004   2.4919E-007   4.7905E-008   2.3446E-010   8.4338E-012   7.5209E-012   6.9258E-014   1.1733E-016   1.0523E-016   8.8556E-019   9.0955E-023   8.2123E-023   6.9266E-024   6.1418E-024   7.7434E-025   4.0541E-030   3.6873E-030   3.2382E-032 
  1.000760913E+012   7.8034E-002   1.2987E+004   2.4849E-007   4.7770E-008   2.3380E-010   8.4100E-012   7.4997E-012   6.9063E-014   1.1700E-016   1.0493E-016   8.8306E-019   9.0699E-023   8.1891E-023   6.9071E-024   6.1245E-024   7.7216E-025   4.0427E-030   3.6770E-030   3.2291E-032 
  1.322349213E+012   1.0367E-001   1.2986E+004   2.4731E-007   4.7544E-008   2.3270E-010   8.3703E-012   7.4643E-012   6.8736E-014   1.1645E-016   1.0443E-016   8.7889E-019   9.0271E-023   8.1505E-023   6.8745E-024   6.0956E-024   7.6851E-025   4.0236E-030   3.6596E-030   3.2139E-032 
  1.596013674E+012   1.2549E-001   1.2984E+004   2.4632E-007   4.7353E-008   2.3176E-010   8.3367E-012   7.4343E-012   6.8460E-014   1.1598E-016   1.0401E-016   8.7536E-019   8.9908E-023   8.1177E-023   6.8469E-024   6.0711E-024   7.6543E-025   4.0074E-030   3.6449E-030   3.2010E-032 
  1.770752272E+012   1.3943E-001   1.2983E+004   2.4569E-007   4.7232E-008   2.3117E-010   8.3153E-012   7.4152E-012   6.8285E-014   1.1568E-016   1.0375E-016   8.7312E-019   8.9678E-023   8.0969E-023   6.8293E-024   6.0556E-024   7.6346E-025   3.9972E-030   3.6356E-030   3.1928E-032 
  1.841043405E+012   1.4503E-001   1.2983E+004   2.4543E-007   4.7183E-008   2.3093E-010   8.3067E-012   7.4076E-012   6.8215E-014   1.1556E-016   1.0364E-016   8.7222E-019   8.9585E-023   8.0886E-023   6.8223E-024   6.0493E-024   7.6268E-025   3.9931E-030   3.6318E-030   3.1895E-032 
  1.888530761E+012   1.4882E-001   1.2983E+004   2.4526E-007   4.7150E-008   2.3077E-010   8.3010E-012   7.4024E-012   6.8167E-014   1.1548E-016   1.0357E-016   8.7161E-019   8.9523E-023   8.0830E-023   6.8176E-024   6.0451E-024   7.6215E-025   3.9903E-030   3.6293E-030   3.1873E-032 
  1.932171374E+012   1.5230E-001   1.2982E+004   2.4511E-007   4.7120E-008   2.3062E-010   8.2956E-012   7.3977E-012   6.8123E-014   1.1541E-016   1.0350E-016   8.7106E-019   8.9466E-023   8.0778E-023   6.8132E-024   6.0412E-024   7.6166E-025   3.9877E-030   3.6270E-030   3.1852E-032 
  2.019419058E+012   1.5926E-001   1.2982E+004   2.4479E-007   4.7060E-008   2.3033E-010   8.2850E-012   7.3882E-012   6.8036E-014   1.1526E-016   1.0337E-016   8.6994E-019   8.9351E-023   8.0675E-023   6.8045E-024   6.0335E-024   7.6068E-025   3.9826E-030   3.6223E-030   3.1811E-032 
  2.400785308E+012   1.8968E-001   1.2980E+004   2.4343E-007   4.6798E-008   2.2905E-010   8.2389E-012   7.3471E-012   6.7657E-014   1.1462E-016   1.0279E-016   8.6510E-019   8.8854E-023   8.0225E-023   6.7666E-024   5.9999E-024   7.5645E-025   3.9604E-030   3.6021E-030   3.1634E-032 
  3.678238029E+012   2.9162E-001   1.2973E+004   2.3894E-007   4.5934E-008   2.2482E-010   8.0868E-012   7.2115E-012   6.6409E-014   1.1250E-016   1.0090E-016   8.4913E-019   8.7213E-023   7.8744E-023   6.6417E-024   5.8891E-024   7.4248E-025   3.8873E-030   3.5357E-030   3.1050E-032 
  5.802039072E+012   4.6124E-001   1.2962E+004   2.3171E-007   4.4544E-008   2.1801E-010   7.8421E-012   6.9932E-012   6.4399E-014   1.0910E-016   9.7844E-017   8.2343E-019   8.4574E-023   7.6361E-023   6.4407E-024   5.7109E-024   7.2002E-025   3.7697E-030   3.4287E-030   3.0111E-032 
  1.113278928E+013   8.8779E-001   1.2934E+004   2.1477E-007   4.1289E-008   2.0208E-010   7.2691E-012   6.4822E-012   5.9693E-014   1.0113E-016   9.0694E-017   7.6326E-019   7.8394E-023   7.0781E-023   5.9701E-024   5.2936E-024   6.6740E-025   3.4942E-030   3.1781E-030   2.7910E-032 
  2.004456431E+013   1.6035E+000   1.2885E+004   1.8984E-007   3.6495E-008   1.7862E-010   6.4250E-012   5.7295E-012   5.2762E-014   8.9385E-017   8.0163E-017   6.7464E-019   6.9292E-023   6.2563E-023   5.2768E-024   4.6790E-024   5.8991E-025   3.0885E-030   2.8091E-030   2.4670E-032 
  2.245058906E+013   1.7973E+000   1.2872E+004   1.8373E-007   3.5321E-008   1.7287E-010   6.2183E-012   5.5453E-012   5.1065E-014   8.6510E-017   7.7585E-017   6.5294E-019   6.7063E-023   6.0550E-023   5.1071E-024   4.5285E-024   5.7093E-025   2.9892E-030   2.7187E-030   2.3876E-032 
  2.485661380E+013   1.9913E+000   1.2859E+004   1.7786E-007   3.4193E-008   1.6735E-010   6.0197E-012   5.3682E-012   4.9434E-014   8.3747E-017   7.5107E-017   6.3208E-019   6.4921E-023   5.8617E-023   4.9440E-024   4.3838E-024   5.5270E-025   2.8937E-030   2.6319E-030   2.3114E-032 
  2.673989793E+013   2.1434E+000   1.2848E+004   1.7343E-007   3.3340E-008   1.6318E-010   5.8697E-012   5.2343E-012   4.8201E-014   8.1659E-017   7.3234E-017   6.1632E-019   6.3302E-023   5.7155E-023   4.8207E-024   4.2745E-024   5.3892E-025   2.8215E-030   2.5663E-030   2.2537E-032 
  2.793414326E+013   2.2399E+000   1.2841E+004   1.7068E-007   3.2813E-008   1.6060E-010   5.7768E-012   5.1515E-012   4.7439E-014   8.0367E-017   7.2076E-017   6.0657E-019   6.2301E-023   5.6251E-023   4.7445E-024   4.2069E-024   5.3039E-025   2.7769E-030   2.5257E-030   2.2181E-032 
  2.866338150E+013   2.2988E+000   1.2837E+004   1.6903E-007   3.2496E-008   1.5905E-010   5.7210E-012   5.1017E-012   4.6980E-014   7.9590E-017   7.1379E-017   6.0071E-019   6.1699E-023   5.5707E-023   4.6986E-024   4.1663E-024   5.2527E-025   2.7501E-030   2.5013E-030   2.1966E-032 
  2.925507211E+013   2.3467E+000   1.2834E+004   1.6771E-007   3.2241E-008   1.5780E-010   5.6762E-012   5.0618E-012   4.6612E-014   7.8967E-017   7.0820E-017   5.9601E-019   6.1215E-023   5.5271E-023   4.6618E-024   4.1336E-024   5.2115E-025   2.7285E-030   2.4817E-030   2.1794E-032 
  3.331270454E+013   2.6752E+000   1.2811E+004   1.5895E-007   3.0558E-008   1.4956E-010   5.3798E-012   4.7975E-012   4.4179E-014   7.4844E-017   6.7122E-017   5.6489E-019   5.8019E-023   5.2385E-023   4.4184E-024   3.9178E-024   4.9394E-025   2.5861E-030   2.3521E-030   2.0656E-032 
  4.069661713E+013   3.2751E+000   1.2768E+004   1.4436E-007   2.7753E-008   1.3583E-010   4.8859E-012   4.3571E-012   4.0123E-014   6.7973E-017   6.0960E-017   5.1303E-019   5.2693E-023   4.7576E-023   4.0128E-024   3.5581E-024   4.4860E-025   2.3487E-030   2.1362E-030   1.8760E-032 
  5.673509381E+013   4.5866E+000   1.2670E+004   1.1767E-007   2.2621E-008   1.1072E-010   3.9825E-012   3.5515E-012   3.2704E-014   5.5405E-017   4.9689E-017   4.1817E-019   4.2950E-023   3.8779E-023   3.2708E-024   2.9002E-024   3.6565E-025   1.9144E-030   1.7412E-030   1.5291E-032 
  7.051370447E+013   5.7235E+000   1.2582E+004   9.9115E-008   1.9054E-008   9.3258E-011   3.3546E-012   2.9915E-012   2.7547E-014   4.6669E-017   4.1854E-017   3.5223E-019   3.6178E-023   3.2665E-023   2.7551E-024   2.4429E-024   3.0800E-025   1.6125E-030   1.4667E-030   1.2880E-032 
  8.173550016E+013   6.6568E+000   1.2506E+004   8.6373E-008   1.6605E-008   8.1269E-011   2.9233E-012   2.6069E-012   2.4006E-014   4.0669E-017   3.6473E-017   3.0695E-019   3.1527E-023   2.8465E-023   2.4009E-024   2.1289E-024   2.6840E-025   1.4052E-030   1.2781E-030   1.1224E-032 
  9.040048087E+013   7.3823E+000   1.2444E+004   7.7751E-008   1.4947E-008   7.3157E-011   2.6315E-012   2.3467E-012   2.1610E-014   3.6610E-017   3.2833E-017   2.7631E-019   2.8380E-023   2.5624E-023   2.1612E-024   1.9164E-024   2.4161E-025   1.2650E-030   1.1505E-030   1.0104E-032 
  1.024381012E+014   8.3976E+000   1.2354E+004   6.7273E-008   1.2933E-008   6.3298E-011   2.2768E-012   2.0304E-012   1.8697E-014   3.1676E-017   2.8408E-017   2.3907E-019   2.4555E-023   2.2171E-023   1.8700E-024   1.6581E-024   2.0905E-025   1.0945E-030   9.9547E-031   8.7422E-033 
  1.313060057E+014   1.0871E+001   1.2118E+004   4.7757E-008   9.1809E-009   4.4935E-011   1.6163E-012   1.4414E-012   1.3273E-014   2.2486E-017   2.0166E-017   1.6972E-019   1.7432E-023   1.5739E-023   1.3275E-024   1.1771E-024   1.4840E-025   7.7697E-031   7.0668E-031   6.2061E-033 
  1.643209682E+014   1.3777E+001   1.1816E+004   3.2375E-008   6.2240E-009   3.0462E-011   1.0957E-012   9.7714E-013   8.9982E-015   1.5244E-017   1.3671E-017   1.1506E-019   1.1817E-023   1.0670E-023   8.9993E-025   7.9797E-025   1.0061E-025   5.2673E-031   4.7907E-031   4.2073E-033 
  1.973359307E+014   1.6776E+001   1.1492E+004   2.1875E-008   4.2053E-009   2.0582E-011   7.4036E-013   6.6022E-013   6.0798E-015   1.0300E-017   9.2373E-018   7.7739E-020   7.9845E-024   7.2092E-024   6.0806E-025   5.3916E-025   6.7976E-026   3.5589E-031   3.2369E-031   2.8427E-033 
  2.261562617E+014   1.9479E+001   1.1201E+004   1.5421E-008   2.9646E-009   1.4510E-011   5.2192E-013   4.6543E-013   4.2860E-015   7.2610E-018   6.5119E-018   5.4803E-020   5.6288E-024   5.0821E-024   4.2865E-025   3.8009E-025   4.7920E-026   2.5089E-031   2.2819E-031   2.0040E-033 
  2.780754170E+014   2.4563E+001   1.0675E+004   8.0319E-009   1.5441E-009   7.5573E-012   2.7184E-013   2.4242E-013   2.2323E-015   3.7819E-018   3.3917E-018   2.8544E-020   2.9317E-024   2.6470E-024   2.2326E-025   1.9797E-025   2.4959E-026   1.3067E-031   1.1885E-031   1.0438E-033 
  3.403794556E+014   3.1064E+001   1.0040E+004   3.6621E-009   7.0401E-010   3.4457E-012   1.2394E-013   1.1053E-013   1.0178E-015   1.7243E-018   1.5464E-018   1.3014E-020   1.3367E-024   1.2069E-024   1.0179E-025   9.0260E-026   1.1380E-026   5.9579E-032   5.4189E-032   4.7589E-034 
  4.026834942E+014   3.8062E+001   9.3815E+003   2.0431E-009   3.9278E-010   1.9224E-012   6.9150E-014   6.1665E-014   5.6785E-016   9.6201E-019   8.6276E-019   7.2608E-021   7.4576E-025   6.7334E-025   5.6792E-026   5.0358E-026   6.3489E-027   3.3240E-032   3.0233E-032   2.6551E-034 
  4.470223930E+014   4.3400E+001   8.8884E+003   1.8387E-009   3.5348E-010   1.7301E-012   6.2231E-014   5.5495E-014   5.1104E-016   8.6576E-019   7.7644E-019   6.5344E-021   6.7114E-025   6.0597E-025   5.1110E-026   4.5319E-026   5.7137E-027   2.9915E-032   2.7208E-032   2.3895E-034 
  4.836619462E+014   4.8073E+001   8.4614E+003   2.0571E-009   3.9546E-010   1.9355E-012   6.9622E-014   6.2086E-014   5.7173E-016   9.6859E-019   8.6866E-019   7.3104E-021   7.5085E-025   6.7794E-025   5.7180E-026   5.0702E-026   6.3923E-027   3.3467E-032   3.0440E-032   2.6732E-034 
  5.488857369E+014   5.7108E+001   7.6498E+003   3.2414E-009   6.2313E-010   3.0498E-012   1.0970E-013   9.7829E-014   9.0088E-016   1.5262E-018   1.3687E-018   1.1519E-020   1.1831E-024   1.0682E-024   9.0100E-026   7.9891E-026   1.0072E-026   5.2735E-032   4.7964E-032   4.2122E-034 
  6.796846285E+014   7.9292E+001   5.7384E+003   1.4955E-008   2.8749E-009   1.4071E-011   5.0614E-013   4.5136E-013   4.1564E-015   7.0415E-018   6.3150E-018   5.3146E-020   5.4586E-024   4.9285E-024   4.1569E-025   3.6859E-025   4.6471E-026   2.4330E-031   2.2129E-031   1.9434E-033 
  6.991356782E+014   8.3300E+001   5.4037E+003   2.0547E-008   3.9501E-009   1.9333E-011   6.9542E-013   6.2015E-013   5.7108E-015   9.6747E-018   8.6765E-018   7.3020E-020   7.4999E-024   6.7716E-024   5.7115E-025   5.0643E-025   6.3849E-026   3.3429E-031   3.0405E-031   2.6701E-033 
  7.146036956E+014   8.6683E+001   5.1224E+003   2.7111E-008   5.2120E-009   2.5509E-011   9.1759E-013   8.1827E-013   7.5352E-015   1.2766E-017   1.1449E-017   9.6348E-020   9.8959E-024   8.9349E-024   7.5361E-025   6.6823E-025   8.4248E-026   4.4109E-031   4.0118E-031   3.5232E-033 
  7.379810188E+014   9.2200E+001   4.6623E+003   4.3375E-008   8.3386E-009   4.0812E-011   1.4680E-012   1.3091E-012   1.2055E-014   2.0423E-017   1.8316E-017   1.5414E-019   1.5832E-023   1.4295E-023   1.2057E-024   1.0691E-024   1.3479E-025   7.0568E-031   6.4184E-031   5.6367E-033 
  7.581159558E+014   9.7456E+001   4.2103E+003   6.9428E-008   1.3347E-008   6.5326E-011   2.3498E-012   2.0955E-012   1.9296E-014   3.2691E-017   2.9318E-017   2.4673E-019   2.5342E-023   2.2881E-023   1.9299E-024   1.7112E-024   2.1575E-025   1.1296E-030   1.0274E-030   9.0224E-033 
  7.731340564E+014   1.0181E+002   3.7974E+003   1.0497E-007   2.0180E-008   9.8770E-011   3.5528E-012   3.1682E-012   2.9175E-014   4.9427E-017   4.4327E-017   3.7305E-019   3.8316E-023   3.4595E-023   2.9179E-024   2.5873E-024   3.2620E-025   1.7078E-030   1.5533E-030   1.3641E-032 
  7.801819832E+014   1.0404E+002   3.5513E+003   1.3148E-007   2.5276E-008   1.2371E-010   4.4499E-012   3.9682E-012   3.6542E-014   6.1907E-017   5.5520E-017   4.6725E-019   4.7991E-023   4.3330E-023   3.6547E-024   3.2406E-024   4.0856E-025   2.1391E-030   1.9455E-030   1.7086E-032 
  7.814667789E+014   1.0446E+002   3.5001E+003   1.3741E-007   2.6417E-008   1.2929E-010   4.6508E-012   4.1474E-012   3.8192E-014   6.4702E-017   5.8026E-017   4.8834E-019   5.0157E-023   4.5286E-023   3.8197E-024   3.3869E-024   4.2701E-025   2.2356E-030   2.0334E-030   1.7857E-032 
  7.834420098E+014   1.0512E+002   3.4162E+003   1.4739E-007   2.8336E-008   1.3868E-010   4.9886E-012   4.4486E-012   4.0966E-014   6.9401E-017   6.2241E-017   5.2381E-019   5.3800E-023   4.8575E-023   4.0971E-024   3.6329E-024   4.5802E-025   2.3980E-030   2.1811E-030   1.9154E-032 
  7.883054221E+014   1.0684E+002   3.1751E+003   1.7745E-007   3.4113E-008   1.6696E-010   6.0057E-012   5.3556E-012   4.9318E-014   8.3551E-017   7.4931E-017   6.3060E-019   6.4769E-023   5.8479E-023   4.9324E-024   4.3736E-024   5.5141E-025   2.8869E-030   2.6258E-030   2.3060E-032 
  7.952267988E+014   1.0957E+002   2.6983E+003   2.3747E-007   4.5652E-008   2.2343E-010   8.0371E-012   7.1671E-012   6.6000E-014   1.1181E-016   1.0028E-016   8.4390E-019   8.6677E-023   7.8260E-023   6.6008E-024   5.8529E-024   7.3792E-025   3.8634E-030   3.5139E-030   3.0859E-032 
  7.991514577E+014   1.1139E+002   2.3079E+003   2.7323E-007   5.2527E-008   2.5708E-010   9.2475E-012   8.2465E-012   7.5940E-014   1.2865E-016   1.1538E-016   9.7100E-019   9.9731E-023   9.0046E-023   7.5949E-024   6.7344E-024   8.4905E-025   4.4453E-030   4.0431E-030   3.5507E-032 
  8.010932820E+014   1.1241E+002   2.0618E+003   2.7834E-007   5.3510E-008   2.6190E-010   9.4205E-012   8.4008E-012   7.7361E-014   1.3106E-016   1.1754E-016   9.8917E-019   1.0160E-022   9.1731E-023   7.7370E-024   6.8604E-024   8.6494E-025   4.5284E-030   4.1188E-030   3.6171E-032 
  8.021832719E+014   1.1304E+002   1.9019E+003   2.6997E-007   5.1900E-008   2.5402E-010   9.1371E-012   8.1480E-012   7.5033E-014   1.2712E-016   1.1400E-016   9.5941E-019   9.8540E-023   8.8971E-023   7.5042E-024   6.6540E-024   8.3891E-025   4.3922E-030   3.9948E-030   3.5083E-032 
  8.035933959E+014   1.1393E+002   1.6647E+003   2.3605E-007   4.5379E-008   2.2210E-010   7.9892E-012   7.1244E-012   6.5607E-014   1.1115E-016   9.9678E-017   8.3887E-019   8.6160E-023   7.7793E-023   6.5615E-024   5.8180E-024   7.3352E-025   3.8404E-030   3.4930E-030   3.0675E-032 
  8.042197128E+014   1.1437E+002   1.5457E+003   2.0899E-007   4.0177E-008   1.9664E-010   7.0732E-012   6.3076E-012   5.8085E-014   9.8403E-017   8.8251E-017   7.4270E-019   7.6283E-023   6.8875E-023   5.8092E-024   5.1510E-024   6.4942E-025   3.4001E-030   3.0925E-030   2.7159E-032 
  8.047282696E+014   1.1475E+002   1.4414E+003   1.8068E-007   3.4735E-008   1.7001E-010   6.1152E-012   5.4533E-012   5.0218E-014   8.5075E-017   7.6298E-017   6.4211E-019   6.5951E-023   5.9546E-023   5.0224E-024   4.4534E-024   5.6147E-025   2.9396E-030   2.6737E-030   2.3480E-032 
  8.051712395E+014   1.1510E+002   1.3439E+003   1.5199E-007   2.9220E-008   1.4301E-010   5.1442E-012   4.5874E-012   4.2244E-014   7.1567E-017   6.4183E-017   5.4015E-019   5.5479E-023   5.0091E-023   4.2250E-024   3.7463E-024   4.7232E-025   2.4728E-030   2.2491E-030   1.9752E-032 
  8.056828991E+014   1.1553E+002   1.2219E+003   1.1766E-007   2.2619E-008   1.1071E-010   3.9822E-012   3.5511E-012   3.2701E-014   5.5400E-017   4.9684E-017   4.1813E-019   4.2946E-023   3.8776E-023   3.2705E-024   2.9000E-024   3.6562E-025   1.9142E-030   1.7411E-030   1.5290E-032 
  8.063022336E+014   1.1610E+002   1.0566E+003   9.7028E-008   1.8653E-008   9.1295E-011   3.2839E-012   2.9285E-012   2.6967E-014   4.5686E-017   4.0973E-017   3.4482E-019   3.5416E-023   3.1977E-023   2.6971E-024   2.3915E-024   3.0151E-025   1.5786E-030   1.4358E-030   1.2609E-032 
  8.066310195E+014   1.1643E+002   9.5915E+002   1.2969E-007   2.4933E-008   1.2203E-010   4.3895E-012   3.9143E-012   3.6046E-014   6.1066E-017   5.4766E-017   4.6090E-019   4.7339E-023   4.2742E-023   3.6051E-024   3.1966E-024   4.0302E-025   2.1100E-030   1.9191E-030   1.6854E-032 
  8.068537252E+014   1.1667E+002   8.8961E+002   2.0489E-007   3.9389E-008   1.9278E-010   6.9345E-012   6.1839E-012   5.6946E-014   9.6473E-017   8.6520E-017   7.2813E-019   7.4786E-023   6.7524E-023   5.6953E-024   5.0500E-024   6.3669E-025   3.3334E-030   3.0318E-030   2.6626E-032 
  8.071860795E+014   1.1706E+002   7.8410E+002   5.2257E-007   1.0046E-007   4.9170E-010   1.7687E-011   1.5772E-011   1.4524E-013   2.4606E-016   2.2067E-016   1.8571E-018   1.9074E-022   1.7222E-022   1.4526E-023   1.2880E-023   1.6239E-024   8.5019E-030   7.7328E-030   6.7910E-032 
  8.074833984E+014   1.1743E+002   6.9505E+002   1.2622E-006   2.4265E-007   1.1876E-009   4.2719E-011   3.8095E-011   3.5081E-013   5.9431E-016   5.3299E-016   4.4855E-018   4.6071E-022   4.1597E-022   3.5085E-023   3.1110E-023   3.9222E-024   2.0535E-029   1.8677E-029   1.6402E-031 
  8.079573966E+014   1.1807E+002   5.8357E+002   4.0459E-006   7.7779E-007   3.8068E-009   1.3693E-010   1.2211E-010   1.1245E-012   1.9050E-015   1.7085E-015   1.4378E-017   1.4768E-021   1.3334E-021   1.1246E-022   9.9720E-023   1.2572E-023   6.5823E-029   5.9868E-029   5.2577E-031 
  8.082080711E+014   1.1844E+002   5.4393E+002   6.4447E-006   1.2390E-006   6.0639E-009   2.1812E-010   1.9451E-010   1.7912E-012   3.0345E-015   2.7214E-015   2.2903E-017   2.3524E-021   2.1239E-021   1.7914E-022   1.5884E-022   2.0027E-023   1.0485E-028   9.5365E-029   8.3750E-031 
  8.084299576E+014   1.1877E+002   5.1878E+002   9.0729E-006   1.7442E-006   8.5368E-009   3.0707E-010   2.7383E-010   2.5217E-012   4.2720E-015   3.8313E-015   3.2243E-017   3.3117E-021   2.9901E-021   2.5220E-022   2.2362E-022   2.8194E-023   1.4761E-028   1.3426E-028   1.1790E-030 
  8.085583906E+014   1.1896E+002   5.0767E+002   1.0804E-005   2.0770E-006   1.0166E-008   3.6566E-010   3.2608E-010   3.0028E-012   5.0871E-015   4.5623E-015   3.8395E-017   3.9436E-021   3.5606E-021   3.0032E-022   2.6629E-022   3.3573E-023   1.7577E-028   1.5987E-028   1.4040E-030 
  8.087253102E+014   1.1922E+002   4.9623E+002   1.3287E-005   2.5544E-006   1.2502E-008   4.4970E-010   4.0102E-010   3.6929E-012   6.2562E-015   5.6108E-015   4.7219E-017   4.8499E-021   4.3789E-021   3.6934E-022   3.2749E-022   4.1289E-023   2.1617E-028   1.9661E-028   1.7267E-030 
  8.091663343E+014   1.1991E+002   4.7716E+002   2.1176E-005   4.0709E-006   1.9924E-008   7.1669E-010   6.3911E-010   5.8854E-012   9.9706E-015   8.9419E-015   7.5253E-017   7.7292E-021   6.9787E-021   5.8861E-022   5.2192E-022   6.5802E-023   3.4451E-028   3.1334E-028   2.7518E-030 
  8.104918998E+014   1.2204E+002   4.5495E+002   5.6396E-005   1.0842E-005   5.3064E-008   1.9087E-009   1.7021E-009   1.5674E-011   2.6554E-014   2.3815E-014   2.0042E-016   2.0585E-020   1.8586E-020   1.5676E-021   1.3900E-021   1.7525E-022   9.1753E-028   8.3452E-028   7.3288E-030 
  8.111475984E+014   1.2311E+002   4.4778E+002   7.9104E-005   1.5207E-005   7.4429E-008   2.6773E-009   2.3875E-009   2.1986E-011   3.7246E-014   3.3403E-014   2.8112E-016   2.8873E-020   2.6070E-020   2.1988E-021   1.9497E-021   2.4581E-022   1.2870E-027   1.1705E-027   1.0280E-029 
  8.113478950E+014   1.2345E+002   4.4562E+002   8.6590E-005   1.6646E-005   8.1474E-008   2.9307E-009   2.6134E-009   2.4066E-011   4.0771E-014   3.6565E-014   3.0772E-016   3.1606E-020   2.8537E-020   2.4069E-021   2.1342E-021   2.6908E-022   1.4088E-027   1.2813E-027   1.1253E-029 
  8.115481916E+014   1.2378E+002   4.4347E+002   9.4308E-005   1.8130E-005   8.8736E-008   3.1919E-009   2.8464E-009   2.6211E-011   4.4405E-014   3.9824E-014   3.3515E-016   3.4423E-020   3.1080E-020   2.6215E-021   2.3245E-021   2.9306E-022   1.5343E-027   1.3955E-027   1.2256E-029 
  8.116870249E+014   1.2401E+002   4.4198E+002   9.9787E-005   1.9183E-005   9.3891E-008   3.3773E-009   3.0117E-009   2.7734E-011   4.6985E-014   4.2138E-014   3.5462E-016   3.6423E-020   3.2886E-020   2.7738E-021   2.4595E-021   3.1008E-022   1.6235E-027   1.4766E-027   1.2968E-029 
  8.117804142E+014   1.2417E+002   4.4097E+002   1.0353E-004   1.9903E-005   9.7412E-008   3.5040E-009   3.1247E-009   2.8774E-011   4.8747E-014   4.3718E-014   3.6792E-016   3.7789E-020   3.4119E-020   2.8778E-021   2.5517E-021   3.2171E-022   1.6844E-027   1.5320E-027   1.3454E-029 
  8.118497839E+014   1.2428E+002   4.4023E+002   1.0634E-004   2.0443E-005   1.0005E-007   3.5990E-009   3.2095E-009   2.9555E-011   5.0070E-014   4.4904E-014   3.7790E-016   3.8814E-020   3.5045E-020   2.9559E-021   2.6210E-021   3.3044E-022   1.7301E-027   1.5735E-027   1.3819E-029 
  8.119243751E+014   1.2441E+002   4.3943E+002   1.0939E-004   2.1029E-005   1.0292E-007   3.7022E-009   3.3014E-009   3.0402E-011   5.1505E-014   4.6191E-014   3.8873E-016   3.9927E-020   3.6049E-020   3.0406E-021   2.6961E-021   3.3991E-022   1.7796E-027   1.6186E-027   1.4215E-029 
  8.132729303E+014   1.2670E+002   4.2524E+002   1.6879E-004   3.2448E-005   1.5881E-007   5.7126E-009   5.0942E-009   4.6911E-011   7.9473E-014   7.1274E-014   5.9983E-016   6.1608E-020   5.5625E-020   4.6917E-021   4.1601E-021   5.2449E-022   2.7460E-027   2.4976E-027   2.1934E-029 
  8.146849447E+014   1.2916E+002   4.1133E+002   2.3802E-004   4.5757E-005   2.2395E-007   8.0556E-009   7.1837E-009   6.6153E-011   1.1207E-013   1.0051E-013   8.4585E-016   8.6877E-020   7.8441E-020   6.6161E-021   5.8664E-021   7.3962E-022   3.8723E-027   3.5220E-027   3.0931E-029 
  8.157164601E+014   1.3100E+002   4.0169E+002   2.9187E-004   5.6111E-005   2.7463E-007   9.8785E-009   8.8092E-009   8.1122E-011   1.3743E-013   1.2325E-013   1.0373E-015   1.0654E-019   9.6190E-020   8.1132E-021   7.1939E-021   9.0698E-022   4.7486E-027   4.3190E-027   3.7930E-029 
  8.166706446E+014   1.3273E+002   3.9288E+002   3.4343E-004   6.6022E-005   3.2313E-007   1.1623E-008   1.0365E-008   9.5450E-011   1.6170E-013   1.4502E-013   1.2205E-015   1.2535E-019   1.1318E-019   9.5462E-021   8.4646E-021   1.0672E-021   5.5873E-027   5.0818E-027   4.4629E-029 
  8.174573022E+014   1.3418E+002   3.8545E+002   3.8680E-004   7.4359E-005   3.6394E-007   1.3091E-008   1.1674E-008   1.0750E-010   1.8212E-013   1.6333E-013   1.3746E-015   1.4118E-019   1.2747E-019   1.0752E-020   9.5335E-021   1.2020E-021   6.2929E-027   5.7236E-027   5.0265E-029 
  8.183551252E+014   1.3585E+002   3.7643E+002   4.3690E-004   8.3992E-005   4.1109E-007   1.4787E-008   1.3186E-008   1.2143E-010   2.0572E-013   1.8449E-013   1.5527E-015   1.5947E-019   1.4399E-019   1.2145E-020   1.0769E-020   1.3577E-021   7.1081E-027   6.4651E-027   5.6777E-029 
  8.210410925E+014   1.4101E+002   3.4144E+002   5.8746E-004   1.1294E-004   5.5275E-007   1.9883E-008   1.7731E-008   1.6328E-010   2.7661E-013   2.4807E-013   2.0877E-015   2.1443E-019   1.9361E-019   1.6330E-020   1.4479E-020   1.8255E-021   9.5576E-027   8.6930E-027   7.6342E-029 
  8.226955692E+014   1.4431E+002   3.0816E+002   6.7796E-004   1.3033E-004   6.3790E-007   2.2946E-008   2.0462E-008   1.8843E-010   3.1922E-013   2.8629E-013   2.4093E-015   2.4746E-019   2.2343E-019   1.8845E-020   1.6710E-020   2.1067E-021   1.1030E-026   1.0032E-026   8.8103E-029 
  8.241259020E+014   1.4725E+002   2.6750E+002   7.5204E-004   1.4458E-004   7.0760E-007   2.5453E-008   2.2698E-008   2.0902E-010   3.5410E-013   3.1757E-013   2.6726E-015   2.7450E-019   2.4784E-019   2.0904E-020   1.8536E-020   2.3369E-021   1.2235E-026   1.1128E-026   9.7730E-029 
  8.250183646E+014   1.4913E+002   2.3549E+002   7.9442E-004   1.5272E-004   7.4748E-007   2.6887E-008   2.3977E-008   2.2080E-010   3.7406E-013   3.3547E-013   2.8232E-015   2.8997E-019   2.6181E-019   2.2083E-020   1.9580E-020   2.4686E-021   1.2925E-026   1.1755E-026   1.0324E-028 
  8.257147806E+014   1.5063E+002   2.0719E+002   8.2411E-004   1.5843E-004   7.7542E-007   2.7892E-008   2.4873E-008   2.2905E-010   3.8804E-013   3.4800E-013   2.9287E-015   3.0081E-019   2.7160E-019   2.2908E-020   2.0312E-020   2.5609E-021   1.3408E-026   1.2195E-026   1.0710E-028 
  8.257582500E+014   1.5072E+002   2.0535E+002   8.2584E-004   1.5876E-004   7.7704E-007   2.7951E-008   2.4925E-008   2.2953E-010   3.8885E-013   3.4873E-013   2.9349E-015   3.0144E-019   2.7217E-019   2.2956E-020   2.0355E-020   2.5663E-021   1.3436E-026   1.2220E-026   1.0732E-028 
  8.262074480E+014   1.5170E+002   1.8588E+002   8.4261E-004   1.6199E-004   7.9282E-007   2.8518E-008   2.5431E-008   2.3419E-010   3.9674E-013   3.5581E-013   2.9944E-015   3.0756E-019   2.7769E-019   2.3422E-020   2.0768E-020   2.6184E-021   1.3709E-026   1.2468E-026   1.0950E-028 
  8.267273402E+014   1.5285E+002   1.6286E+002   8.5921E-004   1.6518E-004   8.0844E-007   2.9080E-008   2.5932E-008   2.3880E-010   4.0456E-013   3.6282E-013   3.0534E-015   3.1362E-019   2.8316E-019   2.3883E-020   2.1177E-020   2.6700E-021   1.3979E-026   1.2714E-026   1.1166E-028 
  8.269693718E+014   1.5339E+002   1.5218E+002   8.6574E-004   1.6643E-004   8.1459E-007   2.9301E-008   2.6129E-008   2.4062E-010   4.0764E-013   3.6558E-013   3.0767E-015   3.1600E-019   2.8532E-019   2.4065E-020   2.1338E-020   2.6903E-021   1.4085E-026   1.2811E-026   1.1251E-028 
  8.272301018E+014   1.5398E+002   1.4083E+002   8.7183E-004   1.6760E-004   8.2032E-007   2.9507E-008   2.6313E-008   2.4231E-010   4.1051E-013   3.6815E-013   3.0983E-015   3.1823E-019   2.8732E-019   2.4234E-020   2.1488E-020   2.7092E-021   1.4184E-026   1.2901E-026   1.1330E-028 
  8.273179112E+014   1.5418E+002   1.3706E+002   8.7366E-004   1.6796E-004   8.2203E-007   2.9569E-008   2.6368E-008   2.4282E-010   4.1136E-013   3.6892E-013   3.1048E-015   3.1889E-019   2.8792E-019   2.4285E-020   2.1533E-020   2.7148E-021   1.4214E-026   1.2928E-026   1.1353E-028 
  8.275734010E+014   1.5476E+002   1.2629E+002   8.7827E-004   1.6884E-004   8.2638E-007   2.9725E-008   2.6508E-008   2.4410E-010   4.1354E-013   3.7087E-013   3.1212E-015   3.2058E-019   2.8945E-019   2.4413E-020   2.1647E-020   2.7292E-021   1.4289E-026   1.2996E-026   1.1413E-028 
  8.279447239E+014   1.5561E+002   1.1132E+002   8.8312E-004   1.6977E-004   8.3094E-007   2.9889E-008   2.6654E-008   2.4545E-010   4.1582E-013   3.7292E-013   3.1384E-015   3.2235E-019   2.9104E-019   2.4548E-020   2.1767E-020   2.7443E-021   1.4368E-026   1.3068E-026   1.1476E-028 
  8.281230843E+014   1.5602E+002   1.0449E+002   8.8464E-004   1.7007E-004   8.3237E-007   2.9941E-008   2.6700E-008   2.4587E-010   4.1654E-013   3.7356E-013   3.1438E-015   3.2290E-019   2.9155E-019   2.4590E-020   2.1804E-020   2.7490E-021   1.4393E-026   1.3091E-026   1.1496E-028 
  8.282387048E+014   1.5628E+002   1.0020E+002   8.8535E-004   1.7020E-004   8.3304E-007   2.9965E-008   2.6721E-008   2.4607E-010   4.1687E-013   3.7386E-013   3.1463E-015   3.2316E-019   2.9178E-019   2.4610E-020   2.1822E-020   2.7512E-021   1.4404E-026   1.3101E-026   1.1505E-028 
  8.283353627E+014   1.5650E+002   9.6716E+001   8.8577E-004   1.7028E-004   8.3343E-007   2.9979E-008   2.6734E-008   2.4619E-010   4.1707E-013   3.7404E-013   3.1478E-015   3.2331E-019   2.9192E-019   2.4622E-020   2.1832E-020   2.7525E-021   1.4411E-026   1.3107E-026   1.1511E-028 
  8.284019650E+014   1.5666E+002   9.4366E+001   8.8598E-004   1.7032E-004   8.3362E-007   2.9986E-008   2.6740E-008   2.4624E-010   4.1716E-013   3.7413E-013   3.1486E-015   3.2339E-019   2.9198E-019   2.4627E-020   2.1837E-020   2.7531E-021   1.4414E-026   1.3110E-026   1.1513E-028 
  8.287075335E+014   1.5737E+002   8.4177E+001   8.8597E-004   1.7032E-004   8.3362E-007   2.9986E-008   2.6740E-008   2.4624E-010   4.1716E-013   3.7412E-013   3.1485E-015   3.2338E-019   2.9198E-019   2.4627E-020   2.1837E-020   2.7531E-021   1.4414E-026   1.3110E-026   1.1513E-028 
  8.289365807E+014   1.5790E+002   7.7209E+001   8.8498E-004   1.7013E-004   8.3269E-007   2.9952E-008   2.6710E-008   2.4597E-010   4.1670E-013   3.7371E-013   3.1450E-015   3.2302E-019   2.9166E-019   2.4600E-020   2.1812E-020   2.7500E-021   1.4398E-026   1.3095E-026   1.1501E-028 
  8.291170416E+014   1.5832E+002   7.2135E+001   8.8364E-004   1.6987E-004   8.3143E-007   2.9907E-008   2.6670E-008   2.4559E-010   4.1606E-013   3.7314E-013   3.1403E-015   3.2253E-019   2.9121E-019   2.4562E-020   2.1779E-020   2.7459E-021   1.4376E-026   1.3076E-026   1.1483E-028 
  8.296395000E+014   1.5955E+002   5.9459E+001   8.7719E-004   1.6863E-004   8.2536E-007   2.9688E-008   2.6475E-008   2.4380E-010   4.1303E-013   3.7041E-013   3.1173E-015   3.2018E-019   2.8909E-019   2.4383E-020   2.1620E-020   2.7258E-021   1.4271E-026   1.2980E-026   1.1399E-028 
  8.299542614E+014   1.6030E+002   5.3152E+001   8.7169E-004   1.6758E-004   8.2018E-007   2.9502E-008   2.6309E-008   2.4227E-010   4.1044E-013   3.6809E-013   3.0978E-015   3.1817E-019   2.8728E-019   2.4230E-020   2.1485E-020   2.7087E-021   1.4182E-026   1.2899E-026   1.1328E-028 
  8.301830893E+014   1.6084E+002   4.9121E+001   8.6705E-004   1.6669E-004   8.1582E-007   2.9346E-008   2.6169E-008   2.4098E-010   4.0826E-013   3.6614E-013   3.0813E-015   3.1648E-019   2.8575E-019   2.4101E-020   2.1371E-020   2.6943E-021   1.4106E-026   1.2830E-026   1.1268E-028 
  8.306909118E+014   1.6205E+002   4.1608E+001   8.5520E-004   1.6441E-004   8.0467E-007   2.8944E-008   2.5811E-008   2.3769E-010   4.0267E-013   3.6113E-013   3.0392E-015   3.1216E-019   2.8184E-019   2.3772E-020   2.1078E-020   2.6575E-021   1.3914E-026   1.2655E-026   1.1114E-028 
  8.314328910E+014   1.6382E+002   3.3458E+001   8.3505E-004   1.6053E-004   7.8571E-007   2.8262E-008   2.5203E-008   2.3209E-010   3.9319E-013   3.5262E-013   2.9676E-015   3.0480E-019   2.7520E-019   2.3212E-020   2.0582E-020   2.5949E-021   1.3586E-026   1.2357E-026   1.0852E-028 
  8.324721467E+014   1.6631E+002   2.5936E+001   8.0352E-004   1.5447E-004   7.5604E-007   2.7195E-008   2.4251E-008   2.2332E-010   3.7834E-013   3.3930E-013   2.8555E-015   2.9329E-019   2.6481E-019   2.2335E-020   1.9805E-020   2.4969E-021   1.3073E-026   1.1890E-026   1.0442E-028 
  8.344155873E+014   1.7099E+002   1.8532E+001   7.3832E-004   1.4194E-004   6.9470E-007   2.4989E-008   2.2284E-008   2.0521E-010   3.4764E-013   3.1178E-013   2.6238E-015   2.6949E-019   2.4332E-019   2.0523E-020   1.8198E-020   2.2943E-021   1.2012E-026   1.0925E-026   9.5947E-029 
  8.356385733E+014   1.7394E+002   1.6099E+001   6.9197E-004   1.3303E-004   6.5108E-007   2.3420E-008   2.0885E-008   1.9232E-010   3.2582E-013   2.9220E-013   2.4591E-015   2.5258E-019   2.2805E-019   1.9235E-020   1.7055E-020   2.1503E-021   1.1258E-026   1.0239E-026   8.9924E-029 
  8.390655961E+014   1.8223E+002   1.2837E+001   5.6103E-004   1.0785E-004   5.2788E-007   1.8988E-008   1.6933E-008   1.5593E-010   2.6416E-013   2.3691E-013   1.9938E-015   2.0478E-019   1.8489E-019   1.5595E-020   1.3828E-020   1.7434E-021   9.1275E-027   8.3018E-027   7.2907E-029 
  8.418309774E+014   1.8892E+002   1.1756E+001   4.7752E-004   9.1801E-005   4.4931E-007   1.6162E-008   1.4412E-008   1.3272E-010   2.2484E-013   2.0165E-013   1.6970E-015   1.7430E-019   1.5737E-019   1.3274E-020   1.1770E-020   1.4839E-021   7.7690E-027   7.0661E-027   6.2055E-029 
  8.449085272E+014   1.9637E+002   1.1160E+001   4.0859E-004   7.8548E-005   3.8444E-007   1.3829E-008   1.2332E-008   1.1356E-010   1.9238E-013   1.7254E-013   1.4520E-015   1.4914E-019   1.3465E-019   1.1357E-020   1.0071E-020   1.2697E-021   6.6474E-027   6.0460E-027   5.3097E-029 
  8.490162265E+014   2.0632E+002   1.0822E+001   3.4688E-004   6.6686E-005   3.2639E-007   1.1740E-008   1.0470E-008   9.6411E-011   1.6333E-013   1.4648E-013   1.2327E-015   1.2662E-019   1.1432E-019   9.6423E-021   8.5498E-021   1.0779E-021   5.6436E-027   5.1330E-027   4.5078E-029 
  8.640402221E+014   2.4272E+002   1.1007E+001   2.6631E-004   5.1196E-005   2.5057E-007   9.0132E-009   8.0376E-009   7.4016E-011   1.2539E-013   1.1246E-013   9.4640E-016   9.7205E-020   8.7765E-020   7.4025E-021   6.5638E-021   8.2754E-022   4.3327E-027   3.9407E-027   3.4607E-029 
  8.798373622E+014   2.8098E+002   1.1702E+001   2.5022E-004   4.8104E-005   2.3544E-007   8.4688E-009   7.5521E-009   6.9545E-011   1.1782E-013   1.0566E-013   8.8923E-016   9.1333E-020   8.2464E-020   6.9554E-021   6.1673E-021   7.7756E-022   4.0709E-027   3.7027E-027   3.2517E-029 
  8.806993428E+014   2.8306E+002   1.1740E+001   2.4971E-004   4.8006E-005   2.3496E-007   8.4516E-009   7.5368E-009   6.9404E-011   1.1758E-013   1.0545E-013   8.8743E-016   9.1148E-020   8.2296E-020   6.9413E-021   6.1548E-021   7.7598E-022   4.0627E-027   3.6951E-027   3.2451E-029 
  8.810952964E+014   2.8402E+002   1.1758E+001   2.4948E-004   4.7962E-005   2.3474E-007   8.4438E-009   7.5298E-009   6.9340E-011   1.1747E-013   1.0535E-013   8.8661E-016   9.1064E-020   8.2221E-020   6.9349E-021   6.1491E-021   7.7526E-022   4.0589E-027   3.6917E-027   3.2421E-029 
  8.813929913E+014   2.8474E+002   1.1771E+001   2.4931E-004   4.7929E-005   2.3458E-007   8.4380E-009   7.5247E-009   6.9293E-011   1.1739E-013   1.0528E-013   8.8600E-016   9.1001E-020   8.2164E-020   6.9301E-021   6.1449E-021   7.7473E-022   4.0562E-027   3.6892E-027   3.2399E-029 
  8.884433659E+014   3.0181E+002   1.2073E+001   2.4546E-004   4.7187E-005   2.3095E-007   8.3075E-009   7.4082E-009   6.8221E-011   1.1557E-013   1.0365E-013   8.7230E-016   8.9593E-020   8.0893E-020   6.8229E-021   6.0498E-021   7.6274E-022   3.9934E-027   3.6321E-027   3.1898E-029 
  9.044113132E+014   3.4046E+002   1.2678E+001   2.3804E-004   4.5761E-005   2.2397E-007   8.0564E-009   7.1843E-009   6.6159E-011   1.1208E-013   1.0052E-013   8.4593E-016   8.6885E-020   7.8448E-020   6.6167E-021   5.8670E-021   7.3969E-022   3.8727E-027   3.5223E-027   3.0933E-029 
  9.161266635E+014   3.6881E+002   1.3051E+001   2.3409E-004   4.5002E-005   2.2026E-007   7.9227E-009   7.0651E-009   6.5061E-011   1.1022E-013   9.8849E-014   8.3189E-016   8.5444E-020   7.7146E-020   6.5069E-021   5.7696E-021   7.2742E-022   3.8084E-027   3.4639E-027   3.0420E-029 
  9.180022588E+014   3.7334E+002   1.3105E+001   2.3355E-004   4.4898E-005   2.1975E-007   7.9045E-009   7.0489E-009   6.4911E-011   1.0997E-013   9.8622E-014   8.2998E-016   8.5247E-020   7.6969E-020   6.4919E-021   5.7564E-021   7.2575E-022   3.7997E-027   3.4559E-027   3.0350E-029 
  9.190282938E+014   3.7583E+002   1.3134E+001   2.3326E-004   4.4844E-005   2.1948E-007   7.8949E-009   7.0403E-009   6.4832E-011   1.0983E-013   9.8502E-014   8.2897E-016   8.5143E-020   7.6875E-020   6.4840E-021   5.7494E-021   7.2486E-022   3.7951E-027   3.4517E-027   3.0313E-029 
  9.300615265E+014   4.0252E+002   1.3424E+001   2.3056E-004   4.4324E-005   2.1694E-007   7.8034E-009   6.9588E-009   6.4081E-011   1.0856E-013   9.7361E-014   8.1937E-016   8.4157E-020   7.5985E-020   6.4089E-021   5.6828E-021   7.1647E-022   3.7511E-027   3.4118E-027   2.9962E-029 
  9.338122760E+014   4.1159E+002   1.3513E+001   2.2977E-004   4.4173E-005   2.1620E-007   7.7767E-009   6.9349E-009   6.3862E-011   1.0819E-013   9.7028E-014   8.1656E-016   8.3869E-020   7.5725E-020   6.3870E-021   5.6633E-021   7.1401E-022   3.7383E-027   3.4001E-027   2.9860E-029 
  9.361558884E+014   4.1726E+002   1.3566E+001   2.2931E-004   4.4083E-005   2.1576E-007   7.7609E-009   6.9209E-009   6.3732E-011   1.0797E-013   9.6831E-014   8.1491E-016   8.3699E-020   7.5571E-020   6.3740E-021   5.6518E-021   7.1256E-022   3.7307E-027   3.3932E-027   2.9799E-029 
  9.553949578E+014   4.6379E+002   1.3941E+001   2.2616E-004   4.3477E-005   2.1279E-007   7.6543E-009   6.8257E-009   6.2856E-011   1.0649E-013   9.5500E-014   8.0371E-016   8.2549E-020   7.4532E-020   6.2864E-021   5.5741E-021   7.0277E-022   3.6794E-027   3.3465E-027   2.9389E-029 
  9.746654460E+014   5.1039E+002   1.4225E+001   2.2391E-004   4.3045E-005   2.1068E-007   7.5782E-009   6.7579E-009   6.2232E-011   1.0543E-013   9.4551E-014   7.9572E-016   8.1728E-020   7.3792E-020   6.2239E-021   5.5187E-021   6.9578E-022   3.6428E-027   3.3133E-027   2.9097E-029 
  9.986487234E+014   5.6837E+002   1.4482E+001   2.2196E-004   4.2670E-005   2.0884E-007   7.5122E-009   6.6991E-009   6.1690E-011   1.0451E-013   9.3728E-014   7.8880E-016   8.1017E-020   7.3150E-020   6.1698E-021   5.4707E-021   6.8973E-022   3.6111E-027   3.2844E-027   2.8844E-029 
  1.009148047E+015   5.9376E+002   1.4568E+001   2.2132E-004   4.2548E-005   2.0824E-007   7.4906E-009   6.6798E-009   6.1513E-011   1.0421E-013   9.3458E-014   7.8653E-016   8.0784E-020   7.2939E-020   6.1520E-021   5.4550E-021   6.8775E-022   3.6007E-027   3.2750E-027   2.8761E-029 
  1.034787379E+015   6.5574E+002   1.4729E+001   2.2015E-004   4.2323E-005   2.0715E-007   7.4512E-009   6.6446E-009   6.1189E-011   1.0366E-013   9.2966E-014   7.8238E-016   8.0358E-020   7.2555E-020   6.1196E-021   5.4262E-021   6.8412E-022   3.5818E-027   3.2577E-027   2.8610E-029 
  1.111169056E+015   8.4036E+002   1.4958E+001   2.1853E-004   4.2012E-005   2.0562E-007   7.3963E-009   6.5957E-009   6.0738E-011   1.0290E-013   9.2281E-014   7.7662E-016   7.9766E-020   7.2020E-020   6.0745E-021   5.3863E-021   6.7908E-022   3.5554E-027   3.2337E-027   2.8399E-029 
