     distance         timeN            Tn         0.000        27.476        85.781       122.396       123.542       170.418       236.737       237.826       285.602       379.445       380.467       406.866       408.068       427.106       550.377       551.325       598.676 
  1.000000000E+005   1.2676E-009   1.0000E+001   9.2940E-002   5.9557E-003   1.7490E-005   4.4936E-007   4.0072E-007   3.6902E-009   4.8623E-012   4.3607E-012   3.6699E-014   3.0840E-018   2.7845E-018   1.9873E-019   1.7621E-019   2.6255E-020   1.1631E-025   1.0579E-025   9.2906E-028 
  7.023518923E+005   8.9027E-009   1.0000E+001   1.2126E+000   7.7704E-002   2.2819E-004   5.8629E-006   5.2283E-006   4.8146E-008   6.3439E-011   5.6894E-011   4.7881E-013   4.0237E-017   3.6329E-017   2.5928E-018   2.2990E-018   3.4255E-019   1.5175E-024   1.3802E-024   1.2121E-026 
  5.010482483E+006   6.3510E-008   1.0000E+001   9.2205E+000   5.9086E-001   1.7351E-003   4.4581E-005   3.9756E-005   3.6610E-007   4.8239E-010   4.3262E-010   3.6409E-012   3.0596E-016   2.7625E-016   1.9715E-017   1.7482E-017   2.6048E-018   1.1539E-023   1.0495E-023   9.2171E-026 
  2.258623810E+007   2.8629E-007   1.0000E+001   4.1890E+001   2.6844E+000   7.8830E-003   2.0254E-004   1.8062E-004   1.6632E-006   2.1916E-009   1.9655E-009   1.6541E-011   1.3900E-015   1.2550E-015   8.9570E-017   7.9422E-017   1.1834E-017   5.2425E-023   4.7682E-023   4.1875E-025 
  5.163112052E+007   6.5445E-007   1.0000E+001   9.5878E+001   6.1440E+000   1.8043E-002   4.6357E-004   4.1340E-004   3.8068E-006   5.0161E-009   4.4986E-009   3.7859E-011   3.1815E-015   2.8725E-015   2.0501E-016   1.8178E-016   2.7085E-017   1.1999E-022   1.0914E-022   9.5843E-025 
  8.067600293E+007   1.0226E-006   1.0000E+001   1.4987E+002   9.6037E+000   2.8202E-002   7.2461E-004   6.4617E-004   5.9504E-006   7.8406E-009   7.0317E-009   5.9177E-011   4.9730E-015   4.4900E-015   3.2045E-016   2.8414E-016   4.2337E-017   1.8756E-022   1.7059E-022   1.4981E-024 
  1.097208853E+008   1.3908E-006   1.0000E+001   2.0386E+002   1.3063E+001   3.8362E-002   9.8564E-004   8.7895E-004   8.0941E-006   1.0665E-008   9.5648E-009   8.0495E-011   6.7644E-015   6.1075E-015   4.3589E-016   3.8650E-016   5.7588E-017   2.5512E-022   2.3204E-022   2.0378E-024 
  2.047371493E+008   2.5951E-006   1.0000E+001   3.8047E+002   2.4381E+001   7.1598E-002   1.8396E-003   1.6405E-003   1.5107E-005   1.9905E-008   1.7851E-008   1.5023E-010   1.2625E-014   1.1399E-014   8.1353E-016   7.2135E-016   1.0748E-016   4.7615E-022   4.3308E-022   3.8033E-024 
  1.503523267E+009   1.9058E-005   1.0000E+001   2.7946E+003   1.7908E+002   5.2590E-001   1.3512E-002   1.2050E-002   1.1096E-004   1.4621E-007   1.3112E-007   1.1035E-009   9.2733E-014   8.3728E-014   5.9756E-015   5.2985E-015   7.8948E-016   3.4975E-021   3.1811E-021   2.7936E-023 
  9.786887936E+009   1.2405E-004   1.0000E+001   1.8192E+004   1.1657E+003   3.4234E+000   8.7957E-002   7.8436E-002   7.2230E-004   9.5174E-007   8.5354E-007   7.1833E-009   6.0365E-013   5.4503E-013   3.8898E-014   3.4491E-014   5.1391E-015   2.2767E-020   2.0707E-020   1.8185E-022 
  5.435724653E+010   6.8901E-004   1.0000E+001   1.0104E+005   6.4747E+003   1.9014E+001   4.8852E-001   4.3564E-001   4.0117E-003   5.2860E-006   4.7407E-006   3.9897E-008   3.3527E-012   3.0271E-012   2.1604E-013   1.9156E-013   2.8543E-014   1.2645E-019   1.1501E-019   1.0100E-021 
  1.183174470E+011   1.4997E-003   1.0000E+001   2.1993E+005   1.4093E+004   4.1386E+001   1.0634E+000   9.4825E-001   8.7322E-003   1.1506E-005   1.0319E-005   8.6842E-008   7.2977E-012   6.5891E-012   4.7025E-013   4.1697E-013   6.2129E-014   2.7524E-019   2.5034E-019   2.1985E-021 
  1.822776475E+011   2.3105E-003   1.0000E+001   3.3882E+005   2.1712E+004   6.3759E+001   1.6382E+000   1.4609E+000   1.3453E-002   1.7726E-005   1.5897E-005   1.3379E-007   1.1243E-011   1.0151E-011   7.2446E-013   6.4238E-013   9.5714E-014   4.2402E-019   3.8566E-019   3.3869E-021 
  2.528230723E+011   3.2047E-003   1.0000E+001   4.6995E+005   3.0115E+004   8.8435E+001   2.2722E+000   2.0262E+000   1.8659E-002   2.4586E-005   2.2050E-005   1.8557E-007   1.5594E-011   1.4080E-011   1.0048E-012   8.9100E-013   1.3276E-013   5.8813E-019   5.3492E-019   4.6977E-021 
  8.718969684E+011   1.1052E-002   1.0000E+001   1.6207E+006   1.0386E+005   3.0498E+002   7.8360E+000   6.9878E+000   6.4349E-002   8.4790E-005   7.6042E-005   6.3995E-007   5.3778E-011   4.8556E-011   3.4654E-012   3.0727E-012   4.5784E-013   2.0283E-018   1.8448E-018   1.6201E-020 
  2.135810101E+012   2.7072E-002   1.0000E+001   3.9701E+006   2.5441E+005   7.4710E+002   1.9195E+001   1.7118E+001   1.5763E-001   2.0770E-004   1.8628E-004   1.5677E-006   1.3174E-010   1.1894E-010   8.4889E-012   7.5271E-012   1.1215E-012   4.9685E-018   4.5190E-018   3.9686E-020 
  8.140915764E+012   1.0319E-001   1.0000E+001   1.5133E+007   9.6977E+005   2.8478E+003   7.3170E+001   6.5250E+001   6.0087E-001   7.9173E-004   7.1005E-004   5.9756E-006   5.0216E-010   4.5340E-010   3.2358E-011   2.8692E-011   4.2751E-012   1.8939E-017   1.7226E-017   1.5128E-019 
  3.361321611E+013   4.2606E-001   9.9999E+000   6.2499E+007   4.0050E+006   1.1761E+004   3.0218E+002   2.6947E+002   2.4815E+000   3.2697E-003   2.9324E-003   2.4679E-005   2.0739E-009   1.8725E-009   1.3364E-010   1.1849E-010   1.7656E-011   7.8216E-017   7.1140E-017   6.2476E-019 
  1.232722470E+014   1.5625E+000   9.9998E+000   2.2939E+008   1.4700E+007   4.3167E+004   1.1091E+003   9.8905E+002   9.1079E+000   1.2001E-002   1.0763E-002   9.0578E-005   7.6117E-009   6.8726E-009   4.9049E-010   4.3491E-010   6.4802E-011   2.8708E-016   2.6111E-016   2.2931E-018 
  6.900748874E+014   8.7471E+000   9.9986E+000   1.2906E+009   8.2703E+007   2.4287E+005   6.2401E+003   5.5646E+003   5.1243E+001   6.7520E-002   6.0554E-002   5.0961E-004   4.2825E-008   3.8667E-008   2.7596E-009   2.4469E-009   3.6459E-010   1.6152E-015   1.4690E-015   1.2901E-017 
  1.631803929E+015   2.0684E+001   9.9967E+000   3.0773E+009   1.9720E+008   5.7909E+005   1.4879E+004   1.3268E+004   1.2218E+002   1.6100E-001   1.4439E-001   1.2151E-003   1.0211E-007   9.2196E-008   6.5799E-009   5.8344E-009   8.6933E-010   3.8512E-015   3.5028E-015   3.0762E-017 
  2.573532971E+015   3.2621E+001   9.9948E+000   4.8933E+009   3.1357E+008   9.2084E+005   2.3659E+004   2.1098E+004   1.9429E+002   2.5600E-001   2.2959E-001   1.9322E-003   1.6237E-007   1.4660E-007   1.0463E-008   9.2775E-009   1.3823E-009   6.1239E-015   5.5699E-015   4.8915E-017 
  3.837665157E+015   4.8644E+001   9.9923E+000   7.3771E+009   4.7274E+008   1.3882E+006   3.5668E+004   3.1808E+004   2.9291E+002   3.8595E-001   3.4613E-001   2.9130E-003   2.4479E-007   2.2102E-007   1.5774E-008   1.3987E-008   2.0840E-009   9.2324E-015   8.3971E-015   7.3744E-017 
  2.347985182E+016   2.9762E+002   9.9533E+000   5.2723E+010   3.3785E+009   9.9215E+006   2.5491E+005   2.2732E+005   2.0933E+003   2.7583E+000   2.4737E+000   2.0818E-002   1.7495E-006   1.5796E-006   1.1273E-007   9.9960E-008   1.4894E-008   6.5982E-014   6.0013E-014   5.2703E-016 
  9.116676809E+016   1.1556E+003   9.8258E+000   3.0475E+011   1.9529E+010   5.7349E+007   1.4735E+006   1.3140E+006   1.2100E+004   1.5944E+001   1.4299E+001   1.2034E-001   1.0112E-005   9.1305E-006   6.5163E-007   5.7780E-007   8.6092E-008   3.8139E-013   3.4689E-013   3.0464E-015 
  1.647828898E+017   2.0887E+003   9.6987E+000   7.4311E+011   4.7619E+010   1.3984E+008   3.5929E+006   3.2040E+006   2.9505E+004   3.8877E+001   3.4866E+001   2.9343E-001   2.4658E-005   2.2264E-005   1.5889E-006   1.4089E-006   2.0992E-007   9.2999E-013   8.4585E-013   7.4283E-015 
  2.383990116E+017   3.0218E+003   9.5826E+000   1.3470E+012   8.6318E+010   2.5348E+008   6.5128E+006   5.8079E+006   5.3483E+004   7.0472E+001   6.3201E+001   5.3189E-001   4.4697E-005   4.0357E-005   2.8802E-006   2.5539E-006   3.8053E-007   1.6858E-012   1.5333E-012   1.3465E-014 
  7.887101696E+017   9.9973E+003   8.9768E+000   1.0624E+013   6.8080E+011   1.9993E+009   5.1367E+007   4.5807E+007   4.2183E+005   5.5582E+002   4.9848E+002   4.1951E+000   3.5253E-004   3.1830E-004   2.2717E-005   2.0143E-005   3.0013E-006   1.3296E-011   1.2093E-011   1.0620E-013 
  2.870984921E+018   3.6391E+004   8.3681E+000   1.0226E+014   6.5526E+012   1.9243E+010   4.9440E+008   4.4089E+008   4.0600E+006   5.3497E+003   4.7978E+003   4.0377E+001   3.3931E-003   3.0636E-003   2.1864E-004   1.9387E-004   2.8887E-005   1.2797E-010   1.1639E-010   1.0222E-012 
  5.575657559E+018   7.0674E+004   8.3062E+000   3.0200E+014   1.9353E+013   5.6831E+010   1.4602E+009   1.3021E+009   1.1991E+007   1.5800E+004   1.4170E+004   1.1925E+002   1.0021E-002   9.0480E-003   6.4575E-004   5.7258E-004   8.5315E-005   3.7795E-010   3.4376E-010   3.0189E-012 
  1.546905962E+019   1.9608E+005   8.2937E+000   1.2812E+015   8.2103E+013   2.4110E+011   6.1948E+009   5.5242E+009   5.0871E+007   6.7030E+004   6.0115E+004   5.0591E+002   4.2515E-002   3.8386E-002   2.7396E-003   2.4292E-003   3.6194E-004   1.6034E-009   1.4584E-009   1.2808E-011 
