!---- list of chemical species --- Steady state at T =   15.55 K ---------------
!---- WARNING : order = neutrals, species on grain mantles (*), ----------------
!---- species in grain cores (**), ions >0, ions <0 ----------------------------
!---- name, composition, initial fractional abundance, -------------------------
!---- formation enthalpy (kCal/mol) --------------------------------------------
!-------------------------------------------------------------------------------
  1  H        01000000000000 1.936D-07    51.634                       !
  2  H2       02000000000000 5.000D-01     0.000                       !
  3  He       00000010000000 9.981D-02     0.000                       !
  4  C        00010000000000 4.869D-13   169.980     --> C/H = 8.27e-5 !
  5  CH       01010000000000 4.439D-13   141.600         A&G : 3.55e-4 !
  6  CH2      02010000000000 1.728D-12    93.900                       !
  7  CH3      03010000000000 5.642D-12    34.800                       !
  8  CH4      04010000000000 4.057D-11   -15.970                       !
  9  O        00000100000000 1.043D-11    58.980     --> O/H = 1.24e-4 !
 10  O2       00000200000000 3.123D-10     0.000         A&G : 7.41e-4 !
 11  OH       01000100000000 1.026D-10     9.250                       !
 12  H2O      02000100000000 1.934D-09   -57.100                       !
 13  CO       00010100000000 2.013D-09   -27.200                       !
 14  CO2      00010200000000 3.301D-10   -93.965                       !
 15  C2       00020000000000 3.555D-20   198.200                       !
 16  C2H      01020000000000 7.184D-18   113.300                       !
 17  C2H2     02020000000000 1.153D-18    56.320                       !
 18  C3       00030000000000 1.151D-28   194.000                       !
 19  C3H      01030000000000 1.877D-26   177.000   ***                 !
 20  C3H2     02030000000000 1.655D-24   114.000   ***                 !
 39  CH4O     04010100000000 2.954D-11   -99.999                       !
504  HCO      01010100000000 3.818D-11   -99.999                       !
 42  H2CO     02010100000000 6.148D-11   -99.999                       !
 42  H2CO2    02010200000000 1.986D-10   -99.999                       !
 21  N        00001000000000 4.454D-15   112.530     --> N/H = 6.39e-5 !
 22  NH       01001000000000 3.025D-13    90.000         A&G : 9.33e-5 !
 23  NH2      02001000000000 1.290D-11    46.200                       !
 24  NH3      03001000000000 6.161D-10    -9.299                       !
 25  CN       00011000000000 4.475D-17   103.200                       !
 26  HCN      01011000000000 1.165D-16    32.390                       !
 27  HNC      01011000000000 2.050D-16    48.000                       !
 28  N2       00002000000000 2.319D-22     0.000                       !
 29  NO       00001100000000 9.029D-19    21.460                       !
 32  S        00000000010000 1.228D-11    65.600         A&G : 1.86e-5 !
 33  SH       01000000010000 1.045D-11    32.600                       !
 34  H2S      02000000010000 4.119D-10    -4.230                       !
 35  CS       00010000010000 4.327D-13    63.000                       !
 36  SO       00000100010000 8.648D-18     1.200                       !
 37  SO2      00000200010000 5.788D-21   -70.300                       !
 38  OCS      00010100010000 5.624D-12   -34.000                       !
 37  Si       00000000001000 6.512-219   106.700         A&G : 3.55e-5 !
 38  SiH      01000000001000 2.590-220    89.690                       !
 39  SiH2     02000000001000 1.195-220    69.140   *                   !
 40  SiH3     03000000001000 1.808-222    48.540   *                   !
 41  SiH4     04000000001000 2.009-222    11.000                       !
 42  SiO      00000100001000 8.827-218   -24.300                       !
 43  SiO2     00000200001000 1.598-222   -73.000                       !
 44  Mg       00000000100000 9.981D-17    35.000                       !
 39  Fe       00000000000010 9.680-238    98.700                       !
 38  C54H18   18540000000000 9.803D-07   -99.999     PAH/nH  =1(-8)    !
 63  G        00600000000000 4.029D-11   -99.999    Ngrain = 8.30(-11) !
 41  H2O*     02000100000001 1.167D-04               H2O*/nH =1.03(-4) !
 42  O2*      00000200000001 1.374D-05                                 !
 42  CO*      00010100000001 9.054D-05               CO*/nH  =8.27(-6) !
 43  CO2*     00010200000001 1.335D-05               CO2*/nH =1.34(-5) !
 39  CH4*     04010000000001 1.867D-06               CH4*/nH =1.55(-6) !
 44  NH3*     03001000000001 3.766D-05               NH3*/nH =1.55(-5) !
 44  N2*      00002000000001 2.081D-05                                 !
 39  CH4O*    04010100000001 3.067D-06             CH3OH*/nH =1.86(-6) !
 42  H2CO*    02010100000001 6.167D-06              H2CO*/nH =6.20(-6) !
 42  H2CO2*   02010200000001 7.226D-06             HCO2H*/nH =7.24(-6) !
 42  OCS*     00010100010001 2.060D-07               OCS*/nH =2.07(-7) !
 55  H2S*     02000000010001 1.839D-05               H2S*/nH =3.72(-6) !
 62  Fe*      00000000000011 1.497D-08                                 !
 41  SiH4*    04000000001001 4.515D-10                                 !
 42  SiO*     00000100001001 2.667D-06                                 !
 43  SiO2*    00000200001001 5.874D-12                                 !
 59  O**      00000100000002 1.396D-04              Noyaux = 4*3.50(-5)!
 60  Si**     00000000001002 3.097D-05              Noyaux = 3.370(-5) !
 61  Mg**     00000000100002 3.693D-05              Noyaux = 3.700(-5) !
 62  Fe**     00000000000012 3.223D-05              Noyaux = 3.230(-5) !
 63  C**      00010000000002 1.626D-04              Noyaux = 1.630(-4) !
 48  H+       01000001000000 3.659D-10   365.200                       !
 49  H2+      02000001000000 2.012D-14   355.700                       !
 50  H3+      03000001000000 4.337D-09   265.000                       !
 51  He+      00000011000000 1.893D-11   567.000                       !
 52  C+       00010001000000 2.138D-14   429.700         A&G : 3.55e-4 !
 53  CH+      01010001000000 9.566D-21   387.000                       !
 54  CH2+     02010001000000 4.864D-20   331.000                       !
 55  CH3+     03010001000000 3.408D-13   262.000                       !
 56  CH4+     04010001000000 3.698D-18   272.000   **                  !
 57  CH5+     05010001000000 1.231D-11   216.000   *                   !
 58  O+       00000101000000 1.353D-20   373.000                       !
 59  O2+      00000201000000 7.179D-13   278.400                       !
 60  OH+      01000101000000 5.236D-19   309.310                       !
 61  H2O+     02000101000000 1.608D-17   233.700                       !
 62  H3O+     03000101000000 1.668D-11   143.000                       !
 63  CO+      00010101000000 2.646D-20   295.970                       !
 64  HCO+     01010101000000 9.022D-12   197.300                       !
 65  HCO2+    01010201000000 1.517D-11   141.000    *                  !
500  H2CO+    02010101000000 1.382D-12   -99.999                       !
501  H3CO+    03010101000000 2.196D-11   -99.999                       !
505  CH4O+    04010101000000 4.754D-13   -99.999                       !
506  CH5O+    05010101000000 7.533D-13   -99.999   *                   !
 66  C2+      00020001000000 1.099D-26   476.000                       !
 67  C2H+     01020001000000 3.731D-26   404.000                       !
 68  C2H2+    02020001000000 2.225D-18   317.500                       !
 69  C2H3+    03020001000000 5.167D-18   267.900                       !
 70  C3+      00030001000000 1.024D-30   479.000    *                  !
 71  C3H+     01030001000000 7.224D-29   381.000    *                  !
 72  C3H2+    02030001000000 8.343D-27   330.000   * **                !
 73  C3H3+    03030001000000 1.356D-24   282.000   * **                !
 74  N+       00001001000000 2.446D-17   447.690                       !
 75  NH+      01001001000000 3.596D-21   401.100                       !
 76  NH2+     02001001000000 2.884D-19   302.700                       !
 77  NH3+     03001001000000 1.124D-15   224.900                       !
 78  NH4+     04001001000000 9.386D-12   151.000    *                  !
 79  CN+      00011001000000 2.856D-26   429.300                       !
 80  C2N+     00021001000000 1.408D-22   410.000    *                  !
 81  HCN+     01011001000000 7.593D-24   346.000                       !
 83  H2CN+    02011001000000 1.606D-16   226.000    *                  !
 84  H2NC+    02011001000000 9.445D-17   265.000    *                  !
 85  N2+      00002001000000 3.647D-33   359.298                       !
 86  N2H+     01002001000000 2.013D-23   247.500                       !
 87  NO+      00001101000000 6.170D-20   235.330                       !
 88  HNO+     01001101000000 2.541D-20   256.800                       !
 92  S+       00000001010000 3.389D-14   304.000     --> S/H = 1.47e-5 !
 93  SH+      01000001010000 6.523D-13   271.800         A&G : 1.86e-5 !
 94  H2S+     02000001010000 6.523D-12   237.000                       !
 95  H3S+     03000001010000 4.278D-12   190.000 *                     !
 96  CS+      00010001010000 3.572D-21   324.000                       !
 97  HCS+     01010001010000 3.985D-15   243.000                       !
 98  SO+      00000101010000 2.729D-16   239.200                       !
 99  HSO+     01000101010000 6.491D-19   210.000                       !
100  HSO2+    01000201010000 2.970D-22   143.000                       !
101  HOCS+    01010101010000 2.111D-13   181.000                       !
 51  Si+      00000001001000 3.051-221   295.000                       !
109  SiH+     01000001001000 1.133-220   271.820                       !
110  SiH2+    02000001001000 1.294-220   276.360   *                   !
111  SiH3+    03000001001000 1.120-220   237.320   *                   !
112  SiH4+    04000001001000 3.357-230   279.900                       !
113  SiH5+    05000001001000 1.666-222   219.380   *                   !
114  SiO+     00000101001000 6.662-226   239.520                       !
115  SiOH+    01000101001000 5.330-219   -99.999                       !
102  Fe+      00000001000010 2.224-239   280.240     LM: Fe/nH=1.5(-8) !
103  C54H18+  18540001000000 6.904D-09   -99.999                       !
 63  G+       00600001000000 2.618D-12   -99.999                       !
104  C54H18-  18540000000100 1.160D-08   -99.999        PAH/nH = 1(-8) !
 63  G-       00600000000100 1.599D-12   -99.999    Ngrain = 8.30(-11) !
